0.000000 0.000000 0.016388 -0.016388 1.000000 0
1.000000 -0.000000 0.006222 -0.006222 1.000000 1
0.250000 0.045105 0.048757 -0.003653 1.000000 2
0.500000 -0.037664 -0.047560 0.009896 1.000000 3
0.500000 0.245793 0.242453 0.003339 1.000000 4
0.500000 -0.058018 -0.021335 -0.036683 1.000000 5
0.750000 0.035133 0.043674 -0.008541 1.000000 6
0.625000 0.006680 -0.001943 0.008623 1.000000 106
0.625000 0.010113 0.030229 -0.020116 1.000000 109
0.250000 0.096284 0.130974 -0.034690 1.000000 10
0.750000 0.031490 0.011502 0.019988 1.000000 110
0.625000 -0.003180 0.011169 -0.014349 1.000000 113
0.750000 0.017828 -0.007557 0.025385 1.000000 114
0.875000 0.033017 0.024948 0.008069 1.000000 117
0.500000 -0.166433 -0.184297 0.017864 1.000000 12
0.625000 -0.188464 -0.209539 0.021075 1.000000 26
0.500000 -0.032921 -0.067526 0.034605 1.000000 30
0.750000 -0.387151 -0.277678 -0.109473 1.000000 32
0.500000 -0.058472 -0.061622 0.003149 1.000000 35
0.750000 -0.309072 -0.256230 -0.052842 1.000000 42
0.250000 0.098049 0.130974 -0.032925 1.000000 49
0.500000 -0.119905 -0.122959 0.003054 1.000000 62
0.750000 -0.197775 -0.280342 0.082567 1.000000 78
0.125000 0.090196 0.096461 -0.006266 1.000000 7
0.125000 0.036718 0.032573 0.004145 1.000000 82
0.250000 0.043296 0.016586 0.026710 1.000000 83
0.250000 0.025321 -0.002474 0.027795 1.000000 85
0.250000 0.044974 0.048757 -0.003784 1.000000 87
0.375000 0.003945 -0.018461 0.022406 1.000000 88
0.250000 0.135177 0.133639 0.001538 1.000000 8
0.375000 0.020220 0.000599 0.019622 1.000000 90
0.250000 0.050062 0.048757 0.001305 1.000000 93
0.375000 0.009307 0.013711 -0.004404 1.000000 94
0.375000 0.026581 0.032770 -0.006189 1.000000 95
0.625000 -0.005613 -0.021002 0.015389 1.000000 99
0.666667 -0.272870 -0.270653 -0.002217 1.000000 1042
0.666667 -0.314183 -0.313924 -0.000259 1.000000 1356
0.666667 -0.149615 -0.151977 0.002362 1.000000 1358
0.666667 -0.150260 -0.151977 0.001717 1.000000 1360
0.833333 -0.255086 -0.256249 0.001162 1.000000 1362
0.666667 -0.312831 -0.313924 0.001093 1.000000 1478
0.666667 -0.156891 -0.151977 -0.004914 1.000000 1480
0.833333 -0.257411 -0.256249 -0.001162 1.000000 1482
0.666667 -0.269688 -0.270653 0.000965 1.000000 420
0.666667 -0.192607 -0.193859 0.001252 1.000000 478
0.500000 -0.100096 -0.092819 -0.007277 1.000000 708
0.500000 -0.085542 -0.092819 0.007277 1.000000 912
