1
0.000000
0

4
0.000000
1
0.333333 0.666667 0.583729

6
2.904236
2
0.333333 0.666667 0.583729
0.666667 1.333333 0.416271

12
3.051866
2
0.333333 0.666667 0.916271
-0.666667 -0.333333 0.916271

6
4.212892
2
0.666667 0.333333 0.416271
1.333333 -0.333333 0.583729

2
4.584613
2
0.666667 0.333333 0.416271
0.666667 0.333333 0.083729

12
5.202149
2
0.666667 0.333333 0.416271
0.333333 -1.333333 0.583729

12
5.285988
2
0.333333 0.666667 0.916271
-0.666667 -1.333333 0.916271

12
5.507501
2
0.666667 0.333333 0.416271
-0.333333 -0.666667 0.083729

12
6.103733
2
0.333333 0.666667 0.916271
-1.666667 -1.333333 0.916271

12
6.759447
2
0.666667 0.333333 0.416271
1.333333 -1.333333 0.583729

12
6.997167
2
0.666667 0.333333 0.416271
-0.333333 -1.666667 0.083729

12
7.114913
2
0.666667 0.333333 0.083729
0.333333 -0.333333 0.583729

6
7.416469
2
0.666667 0.333333 0.416271
-0.666667 -2.333333 0.583729

12
7.633756
2
0.666667 0.333333 0.416271
-1.333333 -1.666667 0.083729

12
7.741826
2
0.666667 0.333333 0.083729
1.333333 -0.333333 0.583729

12
8.019844
2
0.666667 0.333333 0.083729
0.333333 -2.333333 -0.083729

24
8.074480
2
0.333333 0.666667 0.916271
-1.666667 -2.333333 0.916271

24
8.321644
2
0.666667 0.333333 0.083729
0.333333 -1.333333 0.583729

6
9.107452
2
0.666667 0.333333 0.083729
2.333333 -1.333333 -0.083729

12
9.155599
2
0.333333 0.666667 0.916271
-2.666667 -2.333333 0.916271

2
9.201955
2
0.333333 0.666667 0.583729
0.333333 0.666667 -0.083729

24
9.285252
2
0.333333 0.666667 0.916271
-1.666667 -2.333333 0.583729

24
9.374301
2
0.666667 0.333333 0.083729
1.333333 -1.333333 0.583729

12
9.605184
2
0.666667 0.333333 0.083729
1.333333 -2.333333 -0.083729

12
9.694837
2
0.333333 0.666667 0.583729
-0.666667 -0.333333 -0.083729

12
9.858571
2
0.666667 0.333333 0.416271
-0.666667 -2.333333 0.916271

12
10.078366
2
0.666667 0.333333 0.083729
-0.666667 -3.333333 -0.083729

12
10.239320
2
0.333333 0.666667 0.916271
-2.666667 -2.333333 0.583729

24
10.320140
2
0.666667 0.333333 0.083729
0.333333 -2.333333 0.583729

12
10.571976
2
0.333333 0.666667 0.916271
-1.666667 -3.333333 0.916271

12
10.612146
2
0.666667 0.333333 0.083729
-0.333333 -1.666667 -0.583729

12
10.963632
2
0.333333 0.666667 0.916271
0.666667 4.333333 1.083729

24
11.003661
2
0.333333 0.666667 0.916271
-2.666667 -3.333333 0.916271

12
11.042261
2
0.333333 0.666667 0.583729
-1.666667 -1.333333 -0.083729

12
11.186290
2
0.666667 0.333333 0.416271
2.333333 -1.333333 0.916271

12
11.523253
2
0.666667 0.333333 0.416271
-1.333333 -3.666667 0.083729

24
11.595127
2
0.666667 0.333333 0.416271
1.333333 -2.333333 0.916271

6
11.612353
2
0.666667 0.333333 0.083729
0.333333 -0.333333 0.916271

12
3.051866
3
0.333333 0.666667 0.916271
-0.333333 0.333333 1.083729
-0.666667 -0.333333 0.916271

4
3.051867
3
0.333333 0.666667 0.916271
0.333333 -0.333333 0.916271
-0.666667 -0.333333 0.916271

4
3.051867
3
0.333333 0.666667 0.916271
-0.666667 0.666667 0.916271
-0.666667 -0.333333 0.916271

24
4.212892
3
0.666667 0.333333 0.416271
0.333333 -0.333333 0.583729
1.333333 -0.333333 0.583729

4
3.051867
4
0.333333 0.666667 0.916271
-0.333333 0.333333 1.083729
-0.666667 0.666667 0.916271
-0.666667 -0.333333 0.916271

12
4.212892
4
0.666667 0.333333 0.416271
1.333333 0.666667 0.583729
0.333333 -0.333333 0.583729
1.333333 -0.333333 0.583729

12
4.212892
4
0.666667 0.333333 0.416271
0.333333 -0.333333 0.583729
0.666667 -0.666667 0.416271
1.333333 -0.333333 0.583729

6
4.212896
4
0.666667 0.333333 0.416271
1.333333 0.666667 0.583729
0.666667 -0.666667 0.416271
1.333333 -0.333333 0.583729

