0.000000 0.000000 0.003159 -0.003159 1.000000 0
1.000000 0.000000 0.004618 -0.004618 1.000000 1
0.250000 0.031000 0.039292 -0.008291 1.000000 2
0.500000 0.044255 0.043315 0.000940 1.000000 3
0.500000 0.052070 0.056898 -0.004828 1.000000 4
0.500000 0.044885 0.054523 -0.009638 1.000000 5
0.750000 0.034922 0.040021 -0.005099 1.000000 6
0.500000 0.057061 0.049965 0.007096 1.000000 102
0.625000 0.047003 0.041668 0.005335 1.000000 106
0.500000 0.046381 0.040848 0.005533 1.000000 107
0.625000 0.041382 0.035280 0.006102 1.000000 109
0.750000 0.032738 0.034200 -0.001462 1.000000 114
0.750000 0.047535 0.040544 0.006991 1.000000 115
0.750000 0.035003 0.035392 -0.000389 1.000000 116
0.875000 0.019756 0.022319 -0.002563 1.000000 117
0.375000 0.057156 0.051157 0.005999 1.000000 11
0.500000 0.046933 0.040069 0.006864 1.000000 12
0.250000 0.050993 0.052969 -0.001976 1.000000 13
0.375000 0.077102 0.079335 -0.002232 1.000000 17
0.250000 0.073114 0.069022 0.004092 1.000000 19
0.500000 0.095095 0.092251 0.002843 1.000000 25
0.625000 0.057323 0.067744 -0.010421 1.000000 26
0.625000 0.061571 0.069367 -0.007797 1.000000 29
0.500000 0.142580 0.149429 -0.006849 1.000000 30
0.750000 0.077146 0.088641 -0.011495 1.000000 32
0.500000 0.084145 0.083081 0.001063 1.000000 35
0.625000 0.076451 0.089250 -0.012800 1.000000 36
0.750000 0.043985 0.046349 -0.002364 1.000000 37
0.500000 0.095922 0.096425 -0.000503 1.000000 39
0.750000 0.051845 0.078192 -0.026347 1.000000 41
0.750000 0.078020 0.077025 0.000995 1.000000 43
0.250000 0.052677 0.054218 -0.001541 1.000000 47
0.500000 0.075310 0.059502 0.015808 1.000000 53
0.250000 0.071743 0.073394 -0.001651 1.000000 57
0.500000 0.067611 0.068099 -0.000488 1.000000 62
0.500000 0.118743 0.116403 0.002340 1.000000 66
0.500000 0.116308 0.125000 -0.008692 1.000000 71
0.625000 0.116887 0.122286 -0.005399 1.000000 72
0.750000 0.044360 0.049611 -0.005251 1.000000 76
0.750000 0.080464 0.073763 0.006701 1.000000 79
0.125000 0.031087 0.032702 -0.001615 1.000000 7
0.750000 0.162619 0.106569 0.056050 1.000000 80
0.250000 0.034225 0.039814 -0.005589 1.000000 84
0.250000 0.039545 0.033470 0.006075 1.000000 85
0.500000 0.051841 0.038465 0.013376 1.000000 89
0.375000 0.042511 0.041303 0.001208 1.000000 90
0.375000 0.040337 0.034915 0.005422 1.000000 95
0.666667 0.039166 0.040974 -0.001808 1.000000 1841
0.666667 0.038092 0.044061 -0.005969 1.000000 1845
