0.000000 0.000000 -0.013140 0.013140 1.000000 0
1.000000 0.000000 -0.088457 0.088457 1.000000 1
0.250000 -0.125909 -0.095625 -0.030284 1.000000 2
0.500000 -0.224577 -0.178109 -0.046468 1.000000 3
0.500000 -0.155026 -0.178109 0.023083 1.000000 5
0.750000 -0.089004 -0.133283 0.044279 1.000000 6
0.625000 -0.041973 -0.092041 0.050068 1.000000 104
0.625000 -0.155532 -0.155696 0.000164 1.000000 106
0.625000 -0.074790 -0.092041 0.017251 1.000000 108
0.625000 -0.145792 -0.155696 0.009904 1.000000 109
0.750000 -0.095788 -0.133283 0.037495 1.000000 110
0.625000 -0.068981 -0.092041 0.023060 1.000000 111
0.750000 -0.092557 -0.133283 0.040726 1.000000 112
0.625000 -0.119593 -0.155696 0.036103 1.000000 113
0.750000 -0.073607 -0.133283 0.059676 1.000000 114
0.750000 -0.085706 -0.133283 0.047577 1.000000 116
0.875000 -0.498102 -0.110870 -0.387231 1.000000 117
0.500000 -0.138427 -0.143297 0.004870 1.000000 28
0.500000 -0.123142 -0.108485 -0.014657 1.000000 30
0.750000 -0.102522 -0.266736 0.164213 1.000000 32
0.500000 -0.204957 -0.192736 -0.012221 1.000000 62
0.125000 0.008308 -0.005734 0.014043 1.000000 7
0.125000 -0.062872 -0.054382 -0.008489 1.000000 82
0.250000 -0.116297 -0.095625 -0.020672 1.000000 83
0.250000 -0.072247 -0.095625 0.023378 1.000000 85
0.375000 -0.048196 -0.073212 0.025016 1.000000 86
0.250000 -0.124371 -0.095625 -0.028746 1.000000 87
0.375000 -0.127306 -0.136867 0.009561 1.000000 88
0.500000 -0.073914 -0.114454 0.040540 1.000000 89
0.250000 0.013621 0.001671 0.011949 1.000000 8
0.375000 -0.172817 -0.136867 -0.035950 1.000000 90
0.375000 -0.088181 -0.073212 -0.014969 1.000000 91
0.500000 -0.102210 -0.114454 0.012244 1.000000 92
0.250000 -0.121713 -0.095625 -0.026088 1.000000 93
0.375000 -0.135652 -0.136867 0.001215 1.000000 94
0.375000 -0.176421 -0.136867 -0.039554 1.000000 95
0.500000 -0.185740 -0.178109 -0.007630 1.000000 96
0.500000 -0.107876 -0.114454 0.006578 1.000000 97
0.500000 -0.182420 -0.178109 -0.004310 1.000000 98
0.625000 -0.129470 -0.155696 0.026226 1.000000 99
0.666667 -0.275459 -0.326162 0.050702 1.000000 1042
0.666667 -0.363754 -0.326162 -0.037593 1.000000 1146
0.083333 -0.002533 -0.008203 0.005670 1.000000 118
0.833333 -0.119349 -0.131510 0.012161 1.000000 1349
0.833333 -0.173466 -0.131510 -0.041956 1.000000 1362
0.833333 -0.101715 -0.131510 0.029795 1.000000 1365
0.083333 -0.041717 -0.040635 -0.001082 1.000000 1487
0.166667 -0.076319 -0.068130 -0.008189 1.000000 1488
0.166667 -0.082468 -0.068130 -0.014338 1.000000 1492
0.916667 -0.144925 -0.103399 -0.041526 1.000000 1861
0.666667 -0.509594 -0.326162 -0.183433 1.000000 420
0.666667 -0.260667 -0.326162 0.065495 1.000000 478
0.083333 0.002543 -0.008203 0.010746 1.000000 493
