3.051867 0.000000 0.000000
-1.525934 2.642994 0.000000
0.000000 0.000000 13.786568
1.000000 0.000000 0.000000
0.000000 1.000000 0.000000
0.000000 0.000000 1.000000
0.333333 0.666667 0.583729 Ti
0.666667 0.333333 0.083729 Ti
0.666667 0.333333 0.416271 Ti
0.333333 0.666667 0.916271 Ti
0.333333 0.666667 0.250000 Al
0.666667 0.333333 0.750000 Al
1.000000 1.000000 1.000000 C
1.000000 1.000000 0.500000 C
end

3.051867 0.000000 0.000000
-1.525934 2.642994 0.000000
0.000000 0.000000 13.786568
-3.000000 -2.000000 0.000000
3.000000 1.000000 0.000000
0.000000 0.000000 1.000000
2.333333 0.666667 0.583729 Cu
-0.333333 -0.666667 0.083729 Ti
-0.333333 -0.666667 0.416271 Cu
2.333333 0.666667 0.916271 Cu
2.333333 0.666667 0.250000 Al
-0.333333 -0.666667 0.750000 Al
0.000000 -1.000000 1.000000 C
0.000000 -1.000000 0.500000 C
0.333333 -0.333333 0.583729 Ti
-2.333333 -1.666667 0.083729 Cu
-2.333333 -1.666667 0.416271 Cu
0.333333 -0.333333 0.916271 Cu
0.333333 -0.333333 0.250000 Al
-2.333333 -1.666667 0.750000 Al
1.000000 0.000000 1.000000 C
1.000000 0.000000 0.500000 C
-1.666667 -1.333333 0.583729 Cu
1.666667 0.333333 0.083729 Cu
1.666667 0.333333 0.416271 Ti
-1.666667 -1.333333 0.916271 Ti
-1.666667 -1.333333 0.250000 Al
1.666667 0.333333 0.750000 Al
-1.000000 -1.000000 1.000000 C
-1.000000 -1.000000 0.500000 C
end

3.051867 0.000000 0.000000
-1.525934 2.642994 0.000000
0.000000 0.000000 13.786568
0.000000 -1.000000 0.000000
1.000000 1.000000 0.000000
0.000000 0.000000 2.000000
0.333333 -0.333333 0.583729 Cu
0.666667 0.333333 0.083729 Cu
0.666667 0.333333 0.416271 Cu
0.333333 -0.333333 0.916271 Cu
0.333333 -0.333333 0.250000 Al
0.666667 0.333333 0.750000 Al
1.000000 0.000000 1.000000 C
1.000000 0.000000 0.500000 C
0.333333 -0.333333 1.583729 Cu
0.666667 0.333333 1.083729 Cu
0.666667 0.333333 1.416271 Cu
0.333333 -0.333333 1.916271 Ti
0.333333 -0.333333 1.250000 Al
0.666667 0.333333 1.750000 Al
1.000000 0.000000 2.000000 C
1.000000 0.000000 1.500000 C
end

3.051867 0.000000 0.000000
-1.525934 2.642994 0.000000
0.000000 0.000000 13.786568
1.000000 0.000000 0.000000
0.000000 1.000000 0.000000
0.000000 0.000000 1.000000
0.333333 0.666667 0.583729 Cu
0.666667 0.333333 0.083729 Cu
0.666667 0.333333 0.416271 Cu
0.333333 0.666667 0.916271 Cu
0.333333 0.666667 0.250000 Al
0.666667 0.333333 0.750000 Al
1.000000 1.000000 1.000000 C
1.000000 1.000000 0.500000 C
end

