0	2.79366e-20	2.79366e-20	6.22674e-20	6.22674e-20	6.22674e-20	6.22674e-20	6.20806e-20	6.20806e-20
2.04094e+10	4.71241e-20	4.71241e-20	1.05032e-19	1.05032e-19	1.05032e-19	1.05032e-19	1.0472e-19	1.0472e-19
4.08189e+10	7.86938e-20	7.86938e-20	1.75393e-19	1.75393e-19	1.75393e-19	1.75393e-19	1.74876e-19	1.74876e-19
6.12283e+10	1.30098e-19	1.30098e-19	2.89958e-19	2.89958e-19	2.89958e-19	2.89958e-19	2.89112e-19	2.89112e-19
8.16378e+10	2.12929e-19	2.12929e-19	4.74561e-19	4.74561e-19	4.74561e-19	4.74561e-19	4.7319e-19	4.7319e-19
1.02047e+11	3.45017e-19	3.45017e-19	7.68932e-19	7.68932e-19	7.68932e-19	7.68932e-19	7.66736e-19	7.66736e-19
1.22457e+11	5.53463e-19	5.53463e-19	1.23346e-18	1.23346e-18	1.23346e-18	1.23346e-18	1.22998e-18	1.22998e-18
1.42866e+11	8.7899e-19	8.7899e-19	1.9589e-18	1.9589e-18	1.9589e-18	1.9589e-18	1.95344e-18	1.95344e-18
1.63276e+11	1.38207e-18	1.38207e-18	3.07999e-18	3.07999e-18	3.07999e-18	3.07999e-18	3.07152e-18	3.07152e-18
1.83685e+11	2.15146e-18	2.15146e-18	4.79448e-18	4.79448e-18	4.79448e-18	4.79448e-18	4.78148e-18	4.78148e-18
2.04094e+11	3.31587e-18	3.31587e-18	7.38913e-18	7.38913e-18	7.38913e-18	7.38913e-18	7.36941e-18	7.36941e-18
2.24504e+11	5.05971e-18	5.05971e-18	1.12748e-17	1.12748e-17	1.12748e-17	1.12748e-17	1.12452e-17	1.12452e-17
2.44913e+11	7.64408e-18	7.64408e-18	1.70332e-17	1.70332e-17	1.70332e-17	1.70332e-17	1.69893e-17	1.69893e-17
2.65323e+11	1.14341e-17	1.14341e-17	2.54776e-17	2.54776e-17	2.54776e-17	2.54776e-17	2.54131e-17	2.54131e-17
2.85732e+11	1.69339e-17	1.69339e-17	3.77312e-17	3.77312e-17	3.77312e-17	3.77312e-17	3.76377e-17	3.76377e-17
3.06142e+11	2.48314e-17	2.48314e-17	5.53261e-17	5.53261e-17	5.53261e-17	5.53261e-17	5.51919e-17	5.51919e-17
3.26551e+11	3.60526e-17	3.60526e-17	8.0325e-17	8.0325e-17	8.0325e-17	8.0325e-17	8.01347e-17	8.01347e-17
3.4696e+11	5.1829e-17	5.1829e-17	1.1547e-16	1.1547e-16	1.1547e-16	1.1547e-16	1.15204e-16	1.15204e-16
3.6737e+11	7.37759e-17	7.37759e-17	1.6436e-16	1.6436e-16	1.6436e-16	1.6436e-16	1.6399e-16	1.6399e-16
3.87779e+11	1.03984e-16	1.03984e-16	2.31649e-16	2.31649e-16	2.31649e-16	2.31649e-16	2.31144e-16	2.31144e-16
4.08189e+11	1.45125e-16	1.45125e-16	3.23285e-16	3.23285e-16	3.23285e-16	3.23285e-16	3.22602e-16	3.22602e-16
4.28598e+11	2.00559e-16	2.00559e-16	4.46751e-16	4.46751e-16	4.46751e-16	4.46751e-16	4.45839e-16	4.45839e-16
4.49008e+11	2.74457e-16	2.74457e-16	6.11335e-16	6.11335e-16	6.11335e-16	6.11335e-16	6.10132e-16	6.10132e-16
4.69417e+11	3.7192e-16	3.7192e-16	8.28386e-16	8.28386e-16	8.28386e-16	8.28386e-16	8.26821e-16	8.26821e-16
4.89827e+11	4.99085e-16	4.99085e-16	1.11156e-15	1.11156e-15	1.11156e-15	1.11156e-15	1.10956e-15	1.10956e-15
5.10236e+11	6.63217e-16	6.63217e-16	1.47704e-15	1.47704e-15	1.47704e-15	1.47704e-15	1.4745e-15	1.4745e-15
5.30645e+11	8.72776e-16	8.72776e-16	1.94364e-15	1.94364e-15	1.94364e-15	1.94364e-15	1.94047e-15	1.94047e-15
5.51055e+11	1.13743e-15	1.13743e-15	2.53285e-15	2.53285e-15	2.53285e-15	2.53285e-15	2.52896e-15	2.52896e-15
5.71464e+11	1.468e-15	1.468e-15	3.26879e-15	3.26879e-15	3.26879e-15	3.26879e-15	3.26408e-15	3.26408e-15
5.91874e+11	1.87638e-15	1.87638e-15	4.17786e-15	4.17786e-15	4.17786e-15	4.17786e-15	4.17226e-15	4.17226e-15
6.12283e+11	2.37528e-15	2.37528e-15	5.28833e-15	5.28833e-15	5.28833e-15	5.28833e-15	5.2818e-15	5.2818e-15
6.32693e+11	2.97795e-15	2.97795e-15	6.62967e-15	6.62967e-15	6.62967e-15	6.62967e-15	6.6222e-15	6.6222e-15
6.53102e+11	3.69776e-15	3.69776e-15	8.23154e-15	8.23154e-15	8.23154e-15	8.23154e-15	8.22321e-15	8.22321e-15
6.73512e+11	4.54763e-15	4.54763e-15	1.01227e-14	1.01227e-14	1.01227e-14	1.01227e-14	1.01136e-14	1.01136e-14
6.93921e+11	5.53947e-15	5.53947e-15	1.23295e-14	1.23295e-14	1.23295e-14	1.23295e-14	1.232e-14	1.232e-14
7.1433e+11	6.68338e-15	6.68338e-15	1.48744e-14	1.48744e-14	1.48744e-14	1.48744e-14	1.48648e-14	1.48648e-14
7.3474e+11	7.98689e-15	7.98689e-15	1.7774e-14	1.7774e-14	1.7774e-14	1.7774e-14	1.77648e-14	1.77648e-14
7.55149e+11	9.45413e-15	9.45413e-15	2.10375e-14	2.10375e-14	2.10375e-14	2.10375e-14	2.10294e-14	2.10294e-14
7.75559e+11	1.1085e-14	1.1085e-14	2.46645e-14	2.46645e-14	2.46645e-14	2.46645e-14	2.46583e-14	2.46583e-14
7.95968e+11	1.28746e-14	1.28746e-14	2.86437e-14	2.86437e-14	2.86437e-14	2.86437e-14	2.86406e-14	2.86406e-14
8.16378e+11	1.48121e-14	1.48121e-14	3.29513e-14	3.29513e-14	3.29513e-14	3.29513e-14	3.29526e-14	3.29526e-14
8.36787e+11	1.6881e-14	1.6881e-14	3.75503e-14	3.75503e-14	3.75503e-14	3.75503e-14	3.75573e-14	3.75573e-14
8.57197e+11	1.90582e-14	1.90582e-14	4.23893e-14	4.23893e-14	4.23893e-14	4.23893e-14	4.24037e-14	4.24037e-14
8.77606e+11	2.13147e-14	2.13147e-14	4.74036e-14	4.74036e-14	4.74036e-14	4.74036e-14	4.7427e-14	4.7427e-14
8.98015e+11	2.36155e-14	2.36155e-14	5.25152e-14	5.25152e-14	5.25152e-14	5.25152e-14	5.25494e-14	5.25494e-14
9.18425e+11	2.59203e-14	2.59203e-14	5.76347e-14	5.76347e-14	5.76347e-14	5.76347e-14	5.76816e-14	5.76816e-14
9.38834e+11	2.81849e-14	2.81849e-14	6.26636e-14	6.26636e-14	6.26636e-14	6.26636e-14	6.27249e-14	6.27249e-14
9.59244e+11	3.03621e-14	3.03621e-14	6.74972e-14	6.74972e-14	6.74972e-14	6.74972e-14	6.75745e-14	6.75745e-14
9.79653e+11	3.24035e-14	3.24035e-14	7.20279e-14	7.20279e-14	7.20279e-14	7.20279e-14	7.21226e-14	7.21226e-14
1.00006e+12	3.42614e-14	3.42614e-14	7.61495e-14	7.61495e-14	7.61495e-14	7.61495e-14	7.62626e-14	7.62626e-14
1.02047e+12	3.58901e-14	3.58901e-14	7.97609e-14	7.97609e-14	7.97609e-14	7.97609e-14	7.98932e-14	7.98932e-14
1.04088e+12	3.72484e-14	3.72484e-14	8.27707e-14	8.27707e-14	8.27707e-14	8.27707e-14	8.29224e-14	8.29224e-14
1.06129e+12	3.8301e-14	3.8301e-14	8.51007e-14	8.51007e-14	8.51007e-14	8.51007e-14	8.52718e-14	8.52718e-14
1.0817e+12	3.90203e-14	3.90203e-14	8.66899e-14	8.66899e-14	8.66899e-14	8.66899e-14	8.68796e-14	8.68796e-14
1.10211e+12	3.93877e-14	3.93877e-14	8.74968e-14	8.74968e-14	8.74968e-14	8.74968e-14	8.7704e-14	8.7704e-14
1.12252e+12	3.93941e-14	3.93941e-14	8.75022e-14	8.75022e-14	8.75022e-14	8.75022e-14	8.77253e-14	8.77253e-14
1.14293e+12	3.9041e-14	3.9041e-14	8.67098e-14	8.67098e-14	8.67098e-14	8.67098e-14	8.69467e-14	8.69467e-14
1.16334e+12	3.83405e-14	3.83405e-14	8.51463e-14	8.51463e-14	8.51463e-14	8.51463e-14	8.53949e-14	8.53949e-14
1.18375e+12	3.73145e-14	3.73145e-14	8.28615e-14	8.28615e-14	8.28615e-14	8.28615e-14	8.31192e-14	8.31192e-14
1.20416e+12	3.59946e-14	3.59946e-14	7.99256e-14	7.99256e-14	7.99256e-14	7.99256e-14	8.01899e-14	8.01899e-14
1.22457e+12	3.44205e-14	3.44205e-14	7.64274e-14	7.64274e-14	7.64274e-14	7.64274e-14	7.66959e-14	7.66959e-14
1.24498e+12	3.26388e-14	3.26388e-14	7.24712e-14	7.24712e-14	7.24712e-14	7.24712e-14	7.27419e-14	7.27419e-14
1.26539e+12	3.07018e-14	3.07018e-14	6.81732e-14	6.81732e-14	6.81732e-14	6.81732e-14	6.84445e-14	6.84445e-14
1.28579e+12	2.86652e-14	2.86652e-14	6.36582e-14	6.36582e-14	6.36582e-14	6.36582e-14	6.3929e-14	6.3929e-14
1.3062e+12	2.65869e-14	2.65869e-14	5.90556e-14	5.90556e-14	5.90556e-14	5.90556e-14	5.9326e-14	5.9326e-14
1.32661e+12	2.45256e-14	2.45256e-14	5.44964e-14	5.44964e-14	5.44964e-14	5.44964e-14	5.47675e-14	5.47675e-14
1.34702e+12	2.2539e-14	2.2539e-14	5.01101e-14	5.01101e-14	5.01101e-14	5.01101e-14	5.03843e-14	5.03843e-14
1.36743e+12	2.06833e-14	2.06833e-14	4.60222e-14	4.60222e-14	4.60222e-14	4.60222e-14	4.63034e-14	4.63034e-14
1.38784e+12	1.90114e-14	1.90114e-14	4.23521e-14	4.23521e-14	4.23521e-14	4.23521e-14	4.26461e-14	4.26461e-14
1.40825e+12	1.75732e-14	1.75732e-14	3.9212e-14	3.9212e-14	3.9212e-14	3.9212e-14	3.95265e-14	3.95265e-14
1.42866e+12	1.64146e-14	1.64146e-14	3.67055e-14	3.67055e-14	3.67055e-14	3.67055e-14	3.70505e-14	3.70505e-14
1.44907e+12	1.55775e-14	1.55775e-14	3.49275e-14	3.49275e-14	3.49275e-14	3.49275e-14	3.53154e-14	3.53154e-14
1.46948e+12	1.50994e-14	1.50994e-14	3.39638e-14	3.39638e-14	3.39638e-14	3.39638e-14	3.44097e-14	3.44097e-14
1.48989e+12	1.50137e-14	1.50137e-14	3.38908e-14	3.38908e-14	3.38908e-14	3.38908e-14	3.44128e-14	3.44128e-14
1.5103e+12	1.53497e-14	1.53497e-14	3.47756e-14	3.47756e-14	3.47756e-14	3.47756e-14	3.53949e-14	3.53949e-14
1.53071e+12	1.6132e-14	1.6132e-14	3.66757e-14	3.66757e-14	3.66757e-14	3.66757e-14	3.74165e-14	3.74165e-14
1.55112e+12	1.7381e-14	1.7381e-14	3.96382e-14	3.96382e-14	3.96382e-14	3.96382e-14	4.05282e-14	4.05282e-14
1.57153e+12	1.91119e-14	1.91119e-14	4.36991e-14	4.36991e-14	4.36991e-14	4.36991e-14	4.47694e-14	4.47694e-14
1.59194e+12	2.13346e-14	2.13346e-14	4.88824e-14	4.88824e-14	4.88824e-14	4.88824e-14	5.01671e-14	5.01671e-14
1.61235e+12	2.4053e-14	2.4053e-14	5.51979e-14	5.51979e-14	5.51979e-14	5.51979e-14	5.67344e-14	5.67344e-14
1.63276e+12	2.72643e-14	2.72643e-14	6.26403e-14	6.26403e-14	6.26403e-14	6.26403e-14	6.44684e-14	6.44684e-14
1.65316e+12	3.09582e-14	3.09582e-14	7.11863e-14	7.11863e-14	7.11863e-14	7.11863e-14	7.33484e-14	7.33484e-14
1.67357e+12	3.51157e-14	3.51157e-14	8.07938e-14	8.07938e-14	8.07938e-14	8.07938e-14	8.33334e-14	8.33334e-14
1.69398e+12	3.97093e-14	3.97093e-14	9.13994e-14	9.13994e-14	9.13994e-14	9.13994e-14	9.4361e-14	9.4361e-14
1.71439e+12	4.47015e-14	4.47015e-14	1.02917e-13	1.02917e-13	1.02917e-13	1.02917e-13	1.06345e-13	1.06345e-13
1.7348e+12	5.0045e-14	5.0045e-14	1.15239e-13	1.15239e-13	1.15239e-13	1.15239e-13	1.19176e-13	1.19176e-13
1.75521e+12	5.56827e-14	5.56827e-14	1.28233e-13	1.28233e-13	1.28233e-13	1.28233e-13	1.32719e-13	1.32719e-13
1.77562e+12	6.15478e-14	6.15478e-14	1.41746e-13	1.41746e-13	1.41746e-13	1.41746e-13	1.46817e-13	1.46817e-13
1.79603e+12	6.75649e-14	6.75649e-14	1.55603e-13	1.55603e-13	1.55603e-13	1.55603e-13	1.61291e-13	1.61291e-13
1.81644e+12	7.36508e-14	7.36508e-14	1.69613e-13	1.69613e-13	1.69613e-13	1.69613e-13	1.75941e-13	1.75941e-13
1.83685e+12	7.97164e-14	7.97165e-14	1.8357e-13	1.8357e-13	1.8357e-13	1.8357e-13	1.90556e-13	1.90556e-13
1.85726e+12	8.56685e-14	8.56686e-14	1.9726e-13	1.97259e-13	1.9726e-13	1.97259e-13	2.04911e-13	2.0491e-13
1.87767e+12	9.14121e-14	9.14122e-14	2.10463e-13	2.10463e-13	2.10463e-13	2.10463e-13	2.18777e-13	2.18777e-13
1.89808e+12	9.68527e-14	9.68528e-14	2.22963e-13	2.22963e-13	2.22963e-13	2.22963e-13	2.31928e-13	2.31928e-13
1.91849e+12	1.01899e-13	1.019e-13	2.34551e-13	2.34551e-13	2.34551e-13	2.34551e-13	2.44145e-13	2.44144e-13
1.9389e+12	1.06468e-13	1.06468e-13	2.45034e-13	2.45033e-13	2.45034e-13	2.45034e-13	2.55222e-13	2.55221e-13
1.95931e+12	1.10481e-13	1.10482e-13	2.54237e-13	2.54237e-13	2.54238e-13	2.54237e-13	2.64978e-13	2.64976e-13
1.97972e+12	1.13876e-13	1.13877e-13	2.62016e-13	2.62015e-13	2.62016e-13	2.62015e-13	2.73256e-13	2.73254e-13
2.00013e+12	1.16601e-13	1.16602e-13	2.68256e-13	2.68255e-13	2.68256e-13	2.68255e-13	2.79937e-13	2.79934e-13
2.02053e+12	1.18621e-13	1.18623e-13	2.7288e-13	2.72879e-13	2.72881e-13	2.72879e-13	2.84937e-13	2.84932e-13
2.04094e+12	1.19918e-13	1.19921e-13	2.75853e-13	2.7585e-13	2.75853e-13	2.75851e-13	2.88215e-13	2.88209e-13
2.06135e+12	1.20494e-13	1.20498e-13	2.7718e-13	2.77176e-13	2.7718e-13	2.77177e-13	2.89777e-13	2.89768e-13
2.08176e+12	1.20368e-13	1.20374e-13	2.76911e-13	2.76906e-13	2.76912e-13	2.76907e-13	2.89674e-13	2.89661e-13
2.10217e+12	1.19578e-13	1.19586e-13	2.75142e-13	2.75134e-13	2.75143e-13	2.75135e-13	2.88003e-13	2.87984e-13
2.12258e+12	1.1818e-13	1.18192e-13	2.72006e-13	2.71995e-13	2.72008e-13	2.71998e-13	2.84906e-13	2.84879e-13
2.14299e+12	1.16248e-13	1.16264e-13	2.67679e-13	2.67664e-13	2.67682e-13	2.67667e-13	2.80564e-13	2.80526e-13
2.1634e+12	1.13869e-13	1.1389e-13	2.62367e-13	2.62346e-13	2.62371e-13	2.62351e-13	2.75195e-13	2.75143e-13
2.18381e+12	1.11142e-13	1.11171e-13	2.56305e-13	2.56277e-13	2.56311e-13	2.56283e-13	2.69047e-13	2.68975e-13
2.20422e+12	1.08176e-13	1.08215e-13	2.49748e-13	2.4971e-13	2.49756e-13	2.49718e-13	2.62388e-13	2.62291e-13
2.22463e+12	1.05084e-13	1.05137e-13	2.42963e-13	2.42913e-13	2.42973e-13	2.42923e-13	2.555e-13	2.5537e-13
2.24504e+12	1.01984e-13	1.02054e-13	2.36221e-13	2.36154e-13	2.36234e-13	2.36168e-13	2.4867e-13	2.48497e-13
2.26545e+12	9.89881e-14	9.9081e-14	2.29786e-13	2.29699e-13	2.29804e-13	2.29717e-13	2.42179e-13	2.41951e-13
2.28586e+12	9.62054e-14	9.63268e-14	2.2391e-13	2.23798e-13	2.23933e-13	2.23821e-13	2.36295e-13	2.35996e-13
2.30627e+12	9.37347e-14	9.38918e-14	2.18822e-13	2.18679e-13	2.18852e-13	2.18708e-13	2.31262e-13	2.30875e-13
2.32668e+12	9.16624e-14	9.18641e-14	2.14721e-13	2.1454e-13	2.14759e-13	2.14577e-13	2.27294e-13	2.26798e-13
2.34709e+12	9.00602e-14	9.03168e-14	2.11771e-13	2.11543e-13	2.11818e-13	2.1159e-13	2.2457e-13	2.23938e-13
2.3675e+12	8.89824e-14	8.93063e-14	2.10095e-13	2.09813e-13	2.10154e-13	2.09871e-13	2.23225e-13	2.22428e-13
2.3879e+12	8.84654e-14	8.88709e-14	2.09776e-13	2.0943e-13	2.09847e-13	2.09501e-13	2.23353e-13	2.22354e-13
2.40831e+12	8.85266e-14	8.90303e-14	2.1085e-13	2.10429e-13	2.10937e-13	2.10516e-13	2.25e-13	2.2376e-13
2.42872e+12	8.91655e-14	8.97863e-14	2.13313e-13	2.12807e-13	2.13417e-13	2.12912e-13	2.28172e-13	2.26644e-13
2.44913e+12	9.03639e-14	9.11235e-14	2.17121e-13	2.1652e-13	2.17245e-13	2.16643e-13	2.32832e-13	2.30961e-13
2.46954e+12	9.20887e-14	9.30115e-14	2.22195e-13	2.21486e-13	2.22341e-13	2.21632e-13	2.38905e-13	2.36632e-13
2.48995e+12	9.42936e-14	9.54071e-14	2.28425e-13	2.276e-13	2.28595e-13	2.2777e-13	2.4629e-13	2.43547e-13
2.51036e+12	9.69222e-14	9.82569e-14	2.35681e-13	2.34729e-13	2.35877e-13	2.34926e-13	2.54858e-13	2.5157e-13
2.53077e+12	9.99111e-14	1.01501e-13	2.43815e-13	2.42728e-13	2.4404e-13	2.42954e-13	2.64468e-13	2.60549e-13
2.55118e+12	1.03193e-13	1.05075e-13	2.52672e-13	2.51445e-13	2.52927e-13	2.51701e-13	2.74967e-13	2.70326e-13
2.57159e+12	1.06699e-13	1.08915e-13	2.62097e-13	2.60726e-13	2.62384e-13	2.61013e-13	2.86203e-13	2.80738e-13
2.592e+12	1.10363e-13	1.12957e-13	2.71939e-13	2.70423e-13	2.72259e-13	2.70742e-13	2.9803e-13	2.9163e-13
2.61241e+12	1.14123e-13	1.17144e-13	2.8206e-13	2.804e-13	2.82413e-13	2.80754e-13	3.10312e-13	3.02856e-13
2.63282e+12	1.17924e-13	1.21424e-13	2.92336e-13	2.90538e-13	2.92724e-13	2.90926e-13	3.2293e-13	3.14289e-13
2.65323e+12	1.21718e-13	1.25753e-13	3.02663e-13	3.00737e-13	3.03086e-13	3.0116e-13	3.35784e-13	3.25818e-13
2.67364e+12	1.25467e-13	1.30095e-13	3.12958e-13	3.10915e-13	3.13417e-13	3.11374e-13	3.48794e-13	3.37356e-13
2.69405e+12	1.29139e-13	1.34424e-13	3.23158e-13	3.21014e-13	3.23654e-13	3.21509e-13	3.61902e-13	3.48837e-13
2.71446e+12	1.32716e-13	1.3872e-13	3.3322e-13	3.30993e-13	3.33753e-13	3.31526e-13	3.75067e-13	3.60214e-13
2.73487e+12	1.36182e-13	1.42971e-13	3.43118e-13	3.40829e-13	3.43691e-13	3.41401e-13	3.88266e-13	3.7146e-13
2.75527e+12	1.39532e-13	1.47172e-13	3.52841e-13	3.50511e-13	3.53455e-13	3.51125e-13	4.01488e-13	3.82564e-13
2.77568e+12	1.42765e-13	1.5132e-13	3.62387e-13	3.6004e-13	3.63046e-13	3.60699e-13	4.14731e-13	3.93523e-13
2.79609e+12	1.45884e-13	1.55416e-13	3.71761e-13	3.6942e-13	3.72468e-13	3.70128e-13	4.27994e-13	4.04344e-13
2.8165e+12	1.48892e-13	1.59459e-13	3.80967e-13	3.78656e-13	3.8173e-13	3.79419e-13	4.41277e-13	4.15036e-13
2.83691e+12	1.51796e-13	1.63449e-13	3.90012e-13	3.87751e-13	3.90835e-13	3.88575e-13	4.54573e-13	4.25605e-13
2.85732e+12	1.54599e-13	1.67383e-13	3.98892e-13	3.96702e-13	3.99784e-13	3.97594e-13	4.67864e-13	4.36052e-13
2.87773e+12	1.57303e-13	1.71252e-13	4.07599e-13	4.05496e-13	4.08569e-13	4.06466e-13	4.81123e-13	4.46372e-13
2.89814e+12	1.59908e-13	1.75045e-13	4.16116e-13	4.14115e-13	4.17173e-13	4.15172e-13	4.94306e-13	4.56548e-13
2.91855e+12	1.62409e-13	1.78745e-13	4.24417e-13	4.22528e-13	4.25572e-13	4.23683e-13	5.07358e-13	4.66554e-13
2.93896e+12	1.648e-13	1.82332e-13	4.32469e-13	4.30701e-13	4.33732e-13	4.31964e-13	5.20212e-13	4.76356e-13
2.95937e+12	1.67073e-13	1.85784e-13	4.40236e-13	4.38594e-13	4.41617e-13	4.39975e-13	5.32792e-13	4.85913e-13
2.97978e+12	1.69216e-13	1.89076e-13	4.47679e-13	4.46167e-13	4.49187e-13	4.47675e-13	5.4502e-13	4.9518e-13
3.00019e+12	1.7122e-13	1.92184e-13	4.54765e-13	4.53386e-13	4.56408e-13	4.55029e-13	5.56817e-13	5.04111e-13
3.0206e+12	1.73075e-13	1.95086e-13	4.61468e-13	4.60223e-13	4.63252e-13	4.62007e-13	5.68114e-13	5.1267e-13
3.04101e+12	1.74777e-13	1.97765e-13	4.67775e-13	4.66667e-13	4.69702e-13	4.68594e-13	5.78855e-13	5.20826e-13
3.06142e+12	1.76323e-13	2.0021e-13	4.73689e-13	4.72722e-13	4.7576e-13	4.74794e-13	5.89001e-13	5.28569e-13
3.08183e+12	1.77721e-13	2.02419e-13	4.79234e-13	4.78415e-13	4.81448e-13	4.80629e-13	5.98542e-13	5.35906e-13
3.10223e+12	1.78981e-13	2.04398e-13	4.84458e-13	4.83798e-13	4.86808e-13	4.86147e-13	6.07497e-13	5.42871e-13
3.12264e+12	1.80127e-13	2.06166e-13	4.89433e-13	4.88946e-13	4.9191e-13	4.91422e-13	6.15915e-13	5.49523e-13
3.14305e+12	1.81189e-13	2.07753e-13	4.94256e-13	4.9396e-13	4.96847e-13	4.96552e-13	6.23885e-13	5.55954e-13
3.16346e+12	1.82207e-13	2.09197e-13	4.99046e-13	4.98968e-13	5.01737e-13	5.01659e-13	6.3153e-13	5.62286e-13
3.18387e+12	1.83231e-13	2.10552e-13	5.03946e-13	5.04115e-13	5.06721e-13	5.0689e-13	6.39008e-13	5.68673e-13
3.20428e+12	1.84319e-13	2.11879e-13	5.09115e-13	5.09567e-13	5.11956e-13	5.12408e-13	6.46511e-13	5.75295e-13
3.22469e+12	1.85536e-13	2.13248e-13	5.14728e-13	5.15504e-13	5.17616e-13	5.18392e-13	6.54262e-13	5.82361e-13
3.2451e+12	1.86955e-13	2.14737e-13	5.20967e-13	5.22113e-13	5.23886e-13	5.25031e-13	6.62506e-13	5.901e-13
3.26551e+12	1.88649e-13	2.16427e-13	5.28018e-13	5.29583e-13	5.30952e-13	5.32517e-13	6.7151e-13	5.98759e-13
3.28592e+12	1.90695e-13	2.18402e-13	5.36066e-13	5.38103e-13	5.39001e-13	5.41037e-13	6.81552e-13	6.08593e-13
3.30633e+12	1.93169e-13	2.20744e-13	5.45284e-13	5.47847e-13	5.48211e-13	5.50774e-13	6.9291e-13	6.19858e-13
3.32674e+12	1.96141e-13	2.23534e-13	5.55832e-13	5.58977e-13	5.58746e-13	5.61891e-13	7.05861e-13	6.32801e-13
3.34715e+12	1.99673e-13	2.26842e-13	5.67846e-13	5.71627e-13	5.70747e-13	5.74529e-13	7.20662e-13	6.47655e-13
3.36756e+12	2.03819e-13	2.30731e-13	5.81434e-13	5.85905e-13	5.84328e-13	5.888e-13	7.37545e-13	6.64622e-13
3.38797e+12	2.08617e-13	2.35248e-13	5.96668e-13	6.01881e-13	5.99568e-13	6.04781e-13	7.56702e-13	6.83867e-13
3.40838e+12	2.14089e-13	2.40425e-13	6.13581e-13	6.19583e-13	6.16502e-13	6.22504e-13	7.78276e-13	7.05507e-13
3.42879e+12	2.20238e-13	2.46273e-13	6.32157e-13	6.38991e-13	6.35121e-13	6.41955e-13	8.02353e-13	7.29598e-13
3.4492e+12	2.27046e-13	2.52782e-13	6.52333e-13	6.60035e-13	6.55365e-13	6.63067e-13	8.28947e-13	7.56135e-13
3.4696e+12	2.34473e-13	2.59922e-13	6.73991e-13	6.82592e-13	6.77117e-13	6.85718e-13	8.57998e-13	7.85035e-13
3.49001e+12	2.42458e-13	2.67635e-13	6.9696e-13	7.06483e-13	7.00208e-13	7.09731e-13	8.89365e-13	8.16145e-13
3.51042e+12	2.50917e-13	2.75844e-13	7.21019e-13	7.3148e-13	7.24413e-13	7.34874e-13	9.22827e-13	8.49233e-13
3.53083e+12	2.59748e-13	2.84451e-13	7.45899e-13	7.57305e-13	7.4946e-13	7.60866e-13	9.58084e-13	8.83997e-13
3.55124e+12	2.68835e-13	2.9334e-13	7.71294e-13	7.83644e-13	7.75034e-13	7.87384e-13	9.94766e-13	9.20071e-13
3.57165e+12	2.7805e-13	3.0238e-13	7.96866e-13	8.1015e-13	8.00789e-13	8.14073e-13	1.03244e-12	9.57036e-13
3.59206e+12	2.87259e-13	3.11436e-13	8.22264e-13	8.36463e-13	8.26361e-13	8.4056e-13	1.07064e-12	9.94438e-13
3.61247e+12	2.96329e-13	3.20369e-13	8.47135e-13	8.62223e-13	8.51381e-13	8.66469e-13	1.10887e-12	1.03181e-12
3.63288e+12	3.05136e-13	3.29046e-13	8.71144e-13	8.87084e-13	8.75498e-13	8.91437e-13	1.14663e-12	1.06867e-12
3.65329e+12	3.1357e-13	3.37349e-13	8.93988e-13	9.10734e-13	8.98389e-13	9.15135e-13	1.18345e-12	1.10459e-12
3.6737e+12	3.2154e-13	3.45176e-13	9.15413e-13	9.32913e-13	9.19782e-13	9.37282e-13	1.21891e-12	1.13916e-12
3.69411e+12	3.28981e-13	3.52454e-13	9.35233e-13	9.53425e-13	9.3947e-13	9.57662e-13	1.25265e-12	1.17207e-12
3.71452e+12	3.35861e-13	3.59137e-13	9.53336e-13	9.72151e-13	9.5732e-13	9.76135e-13	1.2844e-12	1.20306e-12
3.73493e+12	3.42177e-13	3.65215e-13	9.69697e-13	9.8906e-13	9.73289e-13	9.92652e-13	1.314e-12	1.23199e-12
3.75534e+12	3.47961e-13	3.70711e-13	9.8438e-13	1.00421e-12	9.87424e-13	1.00725e-12	1.34139e-12	1.25882e-12
3.77575e+12	3.53276e-13	3.7568e-13	9.97537e-13	1.01774e-12	9.9986e-13	1.02006e-12	1.36664e-12	1.28362e-12
3.79616e+12	3.58215e-13	3.8021e-13	1.0094e-12	1.02988e-12	1.01082e-12	1.0313e-12	1.38991e-12	1.30654e-12
3.81657e+12	3.62891e-13	3.84412e-13	1.02027e-12	1.04093e-12	1.0206e-12	1.04126e-12	1.41147e-12	1.32783e-12
3.83697e+12	3.67437e-13	3.88417e-13	1.03052e-12	1.05125e-12	1.02956e-12	1.05029e-12	1.43166e-12	1.34783e-12
3.85738e+12	3.71992e-13	3.92365e-13	1.04054e-12	1.06123e-12	1.03809e-12	1.05879e-12	1.4509e-12	1.36692e-12
3.87779e+12	3.76695e-13	3.964e-13	1.05074e-12	1.07128e-12	1.04663e-12	1.06717e-12	1.46961e-12	1.38549e-12
3.8982e+12	3.8168e-13	4.00658e-13	1.06155e-12	1.08182e-12	1.05559e-12	1.07587e-12	1.48824e-12	1.40396e-12
3.91861e+12	3.87062e-13	4.05261e-13	1.07336e-12	1.09325e-12	1.06541e-12	1.08529e-12	1.50722e-12	1.42273e-12
3.93902e+12	3.92938e-13	4.10313e-13	1.08655e-12	1.10592e-12	1.07645e-12	1.09583e-12	1.52693e-12	1.44216e-12
3.95943e+12	3.99373e-13	4.15887e-13	1.10141e-12	1.12015e-12	1.08907e-12	1.10782e-12	1.5477e-12	1.46255e-12
3.97984e+12	4.06408e-13	4.22032e-13	1.11821e-12	1.1362e-12	1.10355e-12	1.12154e-12	1.56976e-12	1.48413e-12
4.00025e+12	4.14049e-13	4.28762e-13	1.13714e-12	1.15427e-12	1.12012e-12	1.13724e-12	1.59328e-12	1.50706e-12
4.02066e+12	4.22274e-13	4.36065e-13	1.15833e-12	1.17447e-12	1.13893e-12	1.15508e-12	1.61831e-12	1.53142e-12
4.04107e+12	4.31034e-13	4.439e-13	1.18183e-12	1.1969e-12	1.1601e-12	1.17516e-12	1.64483e-12	1.55719e-12
4.06148e+12	4.40257e-13	4.52206e-13	1.20765e-12	1.22155e-12	1.18365e-12	1.19755e-12	1.67272e-12	1.58429e-12
4.08189e+12	4.49855e-13	4.60903e-13	1.23573e-12	1.24839e-12	1.20958e-12	1.22225e-12	1.70178e-12	1.61257e-12
4.1023e+12	4.59725e-13	4.69899e-13	1.26597e-12	1.27734e-12	1.23784e-12	1.24921e-12	1.73176e-12	1.64181e-12
4.12271e+12	4.69762e-13	4.79099e-13	1.29825e-12	1.30829e-12	1.26831e-12	1.27835e-12	1.76232e-12	1.67174e-12
4.14312e+12	4.79857e-13	4.88406e-13	1.33238e-12	1.34108e-12	1.30086e-12	1.30957e-12	1.79311e-12	1.70208e-12
4.16353e+12	4.89906e-13	4.97727e-13	1.36817e-12	1.37555e-12	1.33534e-12	1.34272e-12	1.82373e-12	1.73248e-12
4.18394e+12	4.99815e-13	5.06978e-13	1.40542e-12	1.41151e-12	1.37155e-12	1.37764e-12	1.85378e-12	1.76261e-12
4.20434e+12	5.09498e-13	5.16086e-13	1.4439e-12	1.44877e-12	1.40928e-12	1.41415e-12	1.88286e-12	1.79212e-12
4.22475e+12	5.18879e-13	5.24986e-13	1.48336e-12	1.4871e-12	1.4483e-12	1.45204e-12	1.91057e-12	1.82067e-12
4.24516e+12	5.27897e-13	5.33627e-13	1.52355e-12	1.52628e-12	1.48838e-12	1.4911e-12	1.93657e-12	1.84794e-12
4.26557e+12	5.36498e-13	5.41967e-13	1.56423e-12	1.56607e-12	1.52925e-12	1.5311e-12	1.96052e-12	1.87364e-12
4.28598e+12	5.4464e-13	5.49972e-13	1.60512e-12	1.60624e-12	1.57066e-12	1.57177e-12	1.98215e-12	1.8975e-12
4.30639e+12	5.52288e-13	5.57616e-13	1.64598e-12	1.64655e-12	1.61231e-12	1.61288e-12	2.00124e-12	1.91932e-12
4.3268e+12	5.59413e-13	5.64876e-13	1.68653e-12	1.68673e-12	1.65394e-12	1.65414e-12	2.01767e-12	1.93893e-12
4.34721e+12	5.65991e-13	5.71733e-13	1.72653e-12	1.72656e-12	1.69527e-12	1.69529e-12	2.03135e-12	1.95625e-12
4.36762e+12	5.72e-13	5.7817e-13	1.76575e-12	1.7658e-12	1.73604e-12	1.73609e-12	2.04233e-12	1.97124e-12
4.38803e+12	5.77424e-13	5.84172e-13	1.80396e-12	1.80424e-12	1.77601e-12	1.77629e-12	2.05069e-12	1.98395e-12
4.40844e+12	5.82249e-13	5.89726e-13	1.84097e-12	1.84169e-12	1.81495e-12	1.81567e-12	2.05663e-12	1.9945e-12
4.42885e+12	5.86465e-13	5.94821e-13	1.87664e-12	1.87801e-12	1.85269e-12	1.85406e-12	2.06042e-12	2.00307e-12
4.44926e+12	5.90066e-13	5.99451e-13	1.91084e-12	1.91306e-12	1.88908e-12	1.8913e-12	2.06241e-12	2.0099e-12
4.46967e+12	5.93055e-13	6.03614e-13	1.9435e-12	1.94678e-12	1.92402e-12	1.9273e-12	2.06299e-12	2.0153e-12
4.49008e+12	5.9544e-13	6.07315e-13	1.9746e-12	1.97915e-12	1.95745e-12	1.962e-12	2.06259e-12	2.01959e-12
4.51049e+12	5.97238e-13	6.10565e-13	2.00416e-12	2.01017e-12	1.98939e-12	1.99539e-12	2.06167e-12	2.02313e-12
4.5309e+12	5.98474e-13	6.13384e-13	2.03224e-12	2.0399e-12	2.01986e-12	2.02752e-12	2.06069e-12	2.02627e-12
4.55131e+12	5.99183e-13	6.15799e-13	2.05894e-12	2.06844e-12	2.04895e-12	2.05845e-12	2.06005e-12	2.02934e-12
4.57171e+12	5.99407e-13	6.17842e-13	2.08438e-12	2.09591e-12	2.07676e-12	2.08829e-12	2.06014e-12	2.03263e-12
4.59212e+12	5.99194e-13	6.19552e-13	2.10871e-12	2.12245e-12	2.10343e-12	2.11717e-12	2.06126e-12	2.03638e-12
4.61253e+12	5.98598e-13	6.20966e-13	2.13209e-12	2.1482e-12	2.12909e-12	2.14519e-12	2.0636e-12	2.04073e-12
4.63294e+12	5.97673e-13	6.22125e-13	2.15468e-12	2.17329e-12	2.15388e-12	2.17249e-12	2.06728e-12	2.04577e-12
4.65335e+12	5.96475e-13	6.23062e-13	2.17661e-12	2.19785e-12	2.17791e-12	2.19915e-12	2.07228e-12	2.05148e-12
4.67376e+12	5.95055e-13	6.23805e-13	2.19799e-12	2.22195e-12	2.20128e-12	2.22524e-12	2.0785e-12	2.05774e-12
4.69417e+12	5.93458e-13	6.24373e-13	2.21891e-12	2.24565e-12	2.22405e-12	2.25079e-12	2.08571e-12	2.06435e-12
4.71458e+12	5.91722e-13	6.24771e-13	2.23939e-12	2.26893e-12	2.24622e-12	2.27576e-12	2.09358e-12	2.07105e-12
4.73499e+12	5.89874e-13	6.24995e-13	2.25943e-12	2.29174e-12	2.26776e-12	2.30007e-12	2.10172e-12	2.0775e-12
4.7554e+12	5.87932e-13	6.25024e-13	2.27899e-12	2.31398e-12	2.28861e-12	2.3236e-12	2.10967e-12	2.08332e-12
4.77581e+12	5.85902e-13	6.24826e-13	2.29796e-12	2.33551e-12	2.30863e-12	2.34618e-12	2.11694e-12	2.08811e-12
4.79622e+12	5.83779e-13	6.24361e-13	2.31623e-12	2.35613e-12	2.3277e-12	2.3676e-12	2.12303e-12	2.09148e-12
4.81663e+12	5.8155e-13	6.23578e-13	2.33364e-12	2.37564e-12	2.34563e-12	2.38763e-12	2.12745e-12	2.09305e-12
4.83704e+12	5.79195e-13	6.22425e-13	2.35003e-12	2.39381e-12	2.36224e-12	2.40603e-12	2.12977e-12	2.09249e-12
4.85745e+12	5.76688e-13	6.20846e-13	2.36522e-12	2.41042e-12	2.37737e-12	2.42256e-12	2.12962e-12	2.08954e-12
4.87786e+12	5.74002e-13	6.18792e-13	2.37907e-12	2.42527e-12	2.39084e-12	2.43704e-12	2.1267e-12	2.08401e-12
4.89827e+12	5.71109e-13	6.16221e-13	2.39144e-12	2.43817e-12	2.40254e-12	2.44927e-12	2.12084e-12	2.0758e-12
4.91868e+12	5.67984e-13	6.13102e-13	2.40225e-12	2.44902e-12	2.41239e-12	2.45916e-12	2.11194e-12	2.0649e-12
4.93908e+12	5.6461e-13	6.09418e-13	2.41144e-12	2.45775e-12	2.42035e-12	2.46666e-12	2.10005e-12	2.05141e-12
4.95949e+12	5.60975e-13	6.05169e-13	2.41903e-12	2.46435e-12	2.42647e-12	2.47179e-12	2.08531e-12	2.03552e-12
4.9799e+12	5.57076e-13	6.00373e-13	2.42507e-12	2.4689e-12	2.43083e-12	2.47466e-12	2.06796e-12	2.01749e-12
5.00031e+12	5.52921e-13	5.95063e-13	2.42971e-12	2.47156e-12	2.43361e-12	2.47546e-12	2.04835e-12	1.99769e-12
5.02072e+12	5.48527e-13	5.89291e-13	2.43312e-12	2.47253e-12	2.43503e-12	2.47444e-12	2.02692e-12	1.97654e-12
5.04113e+12	5.43921e-13	5.83123e-13	2.43552e-12	2.47209e-12	2.43535e-12	2.47192e-12	2.00413e-12	1.95449e-12
5.06154e+12	5.39141e-13	5.76637e-13	2.4372e-12	2.47058e-12	2.43489e-12	2.46827e-12	1.98053e-12	1.93205e-12
5.08195e+12	5.34227e-13	5.69917e-13	2.43842e-12	2.46834e-12	2.43398e-12	2.4639e-12	1.95668e-12	1.90973e-12
5.10236e+12	5.29231e-13	5.63054e-13	2.43951e-12	2.46576e-12	2.43297e-12	2.45921e-12	1.93314e-12	1.88804e-12
5.12277e+12	5.24203e-13	5.5614e-13	2.44075e-12	2.4632e-12	2.43217e-12	2.45463e-12	1.91045e-12	1.86748e-12
5.14318e+12	5.19197e-13	5.49263e-13	2.4424e-12	2.46102e-12	2.43189e-12	2.45052e-12	1.88912e-12	1.84849e-12
5.16359e+12	5.14261e-13	5.42504e-13	2.44467e-12	2.45951e-12	2.43237e-12	2.44721e-12	1.86962e-12	1.83149e-12
5.184e+12	5.09442e-13	5.35933e-13	2.44774e-12	2.45891e-12	2.43378e-12	2.44496e-12	1.85232e-12	1.81679e-12
5.20441e+12	5.04779e-13	5.29609e-13	2.45167e-12	2.45937e-12	2.43623e-12	2.44393e-12	1.83754e-12	1.80467e-12
5.22482e+12	5.00301e-13	5.23575e-13	2.45647e-12	2.46095e-12	2.43972e-12	2.4442e-12	1.82551e-12	1.7953e-12
5.24523e+12	4.96025e-13	5.17855e-13	2.46202e-12	2.4636e-12	2.44416e-12	2.44573e-12	1.81635e-12	1.78875e-12
5.26564e+12	4.91958e-13	5.1246e-13	2.46815e-12	2.46718e-12	2.44935e-12	2.44838e-12	1.81008e-12	1.785e-12
5.28605e+12	4.88094e-13	5.07382e-13	2.47456e-12	2.47144e-12	2.455e-12	2.45188e-12	1.80663e-12	1.78395e-12
5.30645e+12	4.84414e-13	5.02597e-13	2.48089e-12	2.47602e-12	2.46076e-12	2.45588e-12	1.80583e-12	1.7854e-12
5.32686e+12	4.80888e-13	4.98068e-13	2.48669e-12	2.48048e-12	2.46615e-12	2.45995e-12	1.80742e-12	1.78905e-12
5.34727e+12	4.77476e-13	4.93747e-13	2.49146e-12	2.48434e-12	2.4707e-12	2.46358e-12	1.81106e-12	1.79453e-12
5.36768e+12	4.74133e-13	4.89577e-13	2.49468e-12	2.48704e-12	2.47386e-12	2.46621e-12	1.81634e-12	1.80143e-12
5.38809e+12	4.70808e-13	4.85497e-13	2.49582e-12	2.48803e-12	2.47508e-12	2.46729e-12	1.82282e-12	1.80927e-12
5.4085e+12	4.6745e-13	4.81446e-13	2.49434e-12	2.48675e-12	2.47384e-12	2.46626e-12	1.83e-12	1.81754e-12
5.42891e+12	4.64015e-13	4.77369e-13	2.48976e-12	2.48268e-12	2.46966e-12	2.46257e-12	1.83738e-12	1.82575e-12
5.44932e+12	4.60463e-13	4.73217e-13	2.48168e-12	2.47536e-12	2.46209e-12	2.45577e-12	1.84447e-12	1.8334e-12
5.46973e+12	4.56768e-13	4.68957e-13	2.46975e-12	2.46441e-12	2.45081e-12	2.44546e-12	1.8508e-12	1.84004e-12
5.49014e+12	4.5292e-13	4.64568e-13	2.45376e-12	2.44956e-12	2.43557e-12	2.43137e-12	1.85597e-12	1.84526e-12
5.51055e+12	4.48926e-13	4.60053e-13	2.43359e-12	2.43066e-12	2.41626e-12	2.41333e-12	1.85961e-12	1.84874e-12
5.53096e+12	4.44813e-13	4.55434e-13	2.40924e-12	2.40766e-12	2.39287e-12	2.39129e-12	1.86148e-12	1.85024e-12
5.55137e+12	4.40631e-13	4.50756e-13	2.38087e-12	2.38067e-12	2.36552e-12	2.36532e-12	1.86139e-12	1.84962e-12
5.57178e+12	4.3645e-13	4.46086e-13	2.34873e-12	2.34991e-12	2.33446e-12	2.33565e-12	1.85927e-12	1.84684e-12
5.59219e+12	4.32359e-13	4.4151e-13	2.31318e-12	2.31572e-12	2.30004e-12	2.30258e-12	1.85515e-12	1.84197e-12
5.6126e+12	4.28464e-13	4.37134e-13	2.27468e-12	2.27853e-12	2.2627e-12	2.26654e-12	1.84916e-12	1.83516e-12
5.63301e+12	4.24881e-13	4.33073e-13	2.23379e-12	2.23886e-12	2.22296e-12	2.22804e-12	1.8415e-12	1.82667e-12
5.65342e+12	4.21733e-13	4.29454e-13	2.19108e-12	2.1973e-12	2.1814e-12	2.18762e-12	1.83245e-12	1.81681e-12
5.67382e+12	4.19147e-13	4.26402e-13	2.1472e-12	2.15446e-12	2.13864e-12	2.1459e-12	1.82237e-12	1.80597e-12
5.69423e+12	4.17241e-13	4.2404e-13	2.10276e-12	2.11097e-12	2.09528e-12	2.10349e-12	1.81162e-12	1.79452e-12
5.71464e+12	4.16123e-13	4.22479e-13	2.05838e-12	2.06745e-12	2.05193e-12	2.06099e-12	1.80058e-12	1.78289e-12
5.73505e+12	4.15882e-13	4.21811e-13	2.01465e-12	2.02448e-12	2.00916e-12	2.01899e-12	1.78965e-12	1.77147e-12
5.75546e+12	4.16585e-13	4.22108e-13	1.9721e-12	1.98259e-12	1.9675e-12	1.97799e-12	1.77916e-12	1.7606e-12
5.77587e+12	4.18275e-13	4.23416e-13	1.93117e-12	1.94225e-12	1.92741e-12	1.93848e-12	1.76941e-12	1.7506e-12
5.79628e+12	4.20963e-13	4.25749e-13	1.89227e-12	1.90386e-12	1.88926e-12	1.90085e-12	1.76064e-12	1.74169e-12
5.81669e+12	4.2463e-13	4.29094e-13	1.85571e-12	1.86773e-12	1.85338e-12	1.86541e-12	1.75301e-12	1.73404e-12
5.8371e+12	4.2923e-13	4.33405e-13	1.82171e-12	1.83411e-12	1.82001e-12	1.83241e-12	1.74661e-12	1.72771e-12
5.85751e+12	4.34688e-13	4.3861e-13	1.79044e-12	1.80315e-12	1.78931e-12	1.80202e-12	1.74144e-12	1.72271e-12
5.87792e+12	4.40907e-13	4.44614e-13	1.762e-12	1.77495e-12	1.76139e-12	1.77434e-12	1.73743e-12	1.71894e-12
5.89833e+12	4.4777e-13	4.51299e-13	1.73642e-12	1.74956e-12	1.73629e-12	1.74943e-12	1.73443e-12	1.71626e-12
5.91874e+12	4.55146e-13	4.58535e-13	1.71372e-12	1.72698e-12	1.71402e-12	1.72728e-12	1.73225e-12	1.71447e-12
5.93915e+12	4.62896e-13	4.66183e-13	1.69384e-12	1.70715e-12	1.69456e-12	1.70787e-12	1.73066e-12	1.71331e-12
5.95956e+12	4.70881e-13	4.74102e-13	1.67674e-12	1.69004e-12	1.67785e-12	1.69115e-12	1.72939e-12	1.71253e-12
5.97997e+12	4.78965e-13	4.82155e-13	1.66236e-12	1.67556e-12	1.66385e-12	1.67705e-12	1.72816e-12	1.71183e-12
6.00038e+12	4.8702e-13	4.90211e-13	1.65062e-12	1.66365e-12	1.65247e-12	1.6655e-12	1.7267e-12	1.71097e-12
6.02078e+12	4.94933e-13	4.98156e-13	1.64146e-12	1.65424e-12	1.64367e-12	1.65645e-12	1.72477e-12	1.70968e-12
6.04119e+12	5.02605e-13	5.05891e-13	1.63483e-12	1.64728e-12	1.63738e-12	1.64983e-12	1.72215e-12	1.70775e-12
6.0616e+12	5.0996e-13	5.13335e-13	1.63069e-12	1.64272e-12	1.63358e-12	1.6456e-12	1.71867e-12	1.70503e-12
6.08201e+12	5.16941e-13	5.20431e-13	1.62901e-12	1.64053e-12	1.63222e-12	1.64374e-12	1.71423e-12	1.70141e-12
6.10242e+12	5.23511e-13	5.27141e-13	1.62977e-12	1.64071e-12	1.63328e-12	1.64422e-12	1.70879e-12	1.69683e-12
6.12283e+12	5.29656e-13	5.3345e-13	1.63296e-12	1.64325e-12	1.63676e-12	1.64705e-12	1.70236e-12	1.69134e-12
6.14324e+12	5.3538e-13	5.39361e-13	1.63858e-12	1.64815e-12	1.64264e-12	1.65221e-12	1.69504e-12	1.68501e-12
6.16365e+12	5.40705e-13	5.44898e-13	1.64663e-12	1.65544e-12	1.65092e-12	1.65973e-12	1.68701e-12	1.67801e-12
6.18406e+12	5.45668e-13	5.50097e-13	1.65712e-12	1.66511e-12	1.6616e-12	1.66959e-12	1.6785e-12	1.67058e-12
6.20447e+12	5.50319e-13	5.55008e-13	1.67004e-12	1.67718e-12	1.67466e-12	1.68181e-12	1.66981e-12	1.66299e-12
6.22488e+12	5.54715e-13	5.59692e-13	1.68537e-12	1.69165e-12	1.6901e-12	1.69637e-12	1.6613e-12	1.65557e-12
6.24529e+12	5.5892e-13	5.64212e-13	1.7031e-12	1.7085e-12	1.70785e-12	1.71325e-12	1.65336e-12	1.6487e-12
6.2657e+12	5.62997e-13	5.68636e-13	1.72317e-12	1.72769e-12	1.72788e-12	1.7324e-12	1.6464e-12	1.64278e-12
6.28611e+12	5.67007e-13	5.73027e-13	1.7455e-12	1.74915e-12	1.75009e-12	1.75374e-12	1.64086e-12	1.63818e-12
6.30652e+12	5.71006e-13	5.77442e-13	1.76997e-12	1.77278e-12	1.77435e-12	1.77716e-12	1.63713e-12	1.6353e-12
6.32693e+12	5.75037e-13	5.81929e-13	1.79644e-12	1.79844e-12	1.80052e-12	1.80252e-12	1.6356e-12	1.63447e-12
6.34734e+12	5.79128e-13	5.8652e-13	1.82469e-12	1.82592e-12	1.82837e-12	1.8296e-12	1.63658e-12	1.63598e-12
6.36775e+12	5.83292e-13	5.91227e-13	1.85448e-12	1.85499e-12	1.85764e-12	1.85815e-12	1.64031e-12	1.64005e-12
6.38815e+12	5.87519e-13	5.96044e-13	1.88547e-12	1.88531e-12	1.88802e-12	1.88786e-12	1.64692e-12	1.64678e-12
6.40856e+12	5.91776e-13	6.00938e-13	1.9173e-12	1.91653e-12	1.91913e-12	1.91836e-12	1.65644e-12	1.65618e-12
6.42897e+12	5.96006e-13	6.05852e-13	1.94953e-12	1.9482e-12	1.95054e-12	1.94922e-12	1.66878e-12	1.66815e-12
6.44938e+12	6.00128e-13	6.10703e-13	1.98164e-12	1.97982e-12	1.98176e-12	1.97995e-12	1.68371e-12	1.68244e-12
6.46979e+12	6.04037e-13	6.15381e-13	2.01309e-12	2.01084e-12	2.01226e-12	2.01001e-12	1.70087e-12	1.6987e-12
6.4902e+12	6.07605e-13	6.19754e-13	2.04327e-12	2.04067e-12	2.04145e-12	2.03884e-12	1.71978e-12	1.71645e-12
6.51061e+12	6.1069e-13	6.23668e-13	2.07157e-12	2.06866e-12	2.06873e-12	2.06583e-12	1.73985e-12	1.73512e-12
6.53102e+12	6.13134e-13	6.26955e-13	2.09733e-12	2.09419e-12	2.09351e-12	2.09036e-12	1.76041e-12	1.75404e-12
6.55143e+12	6.14774e-13	6.29438e-13	2.11992e-12	2.11661e-12	2.11517e-12	2.11186e-12	1.78071e-12	1.77249e-12
6.57184e+12	6.15445e-13	6.3094e-13	2.13875e-12	2.13533e-12	2.13316e-12	2.12974e-12	1.79999e-12	1.78974e-12
6.59225e+12	6.14995e-13	6.31287e-13	2.15325e-12	2.14978e-12	2.14696e-12	2.14349e-12	1.81747e-12	1.80502e-12
6.61266e+12	6.13283e-13	6.30325e-13	2.16295e-12	2.1595e-12	2.15612e-12	2.15267e-12	1.83241e-12	1.81765e-12
6.63307e+12	6.10197e-13	6.2792e-13	2.16747e-12	2.1641e-12	2.16031e-12	2.15695e-12	1.84414e-12	1.82698e-12
6.65348e+12	6.05652e-13	6.23974e-13	2.16654e-12	2.16333e-12	2.15928e-12	2.15607e-12	1.8521e-12	1.83246e-12
6.67389e+12	5.99606e-13	6.18423e-13	2.16004e-12	2.15705e-12	2.15293e-12	2.14994e-12	1.85584e-12	1.8337e-12
6.6943e+12	5.92053e-13	6.11254e-13	2.14798e-12	2.14528e-12	2.14127e-12	2.13857e-12	1.85508e-12	1.83043e-12
6.71471e+12	5.83038e-13	6.02496e-13	2.1305e-12	2.12818e-12	2.12445e-12	2.12213e-12	1.84969e-12	1.82256e-12
6.73512e+12	5.72648e-13	5.92232e-13	2.10791e-12	2.10603e-12	2.10278e-12	2.1009e-12	1.83971e-12	1.81016e-12
6.75552e+12	5.61015e-13	5.80592e-13	2.08065e-12	2.07929e-12	2.07666e-12	2.0753e-12	1.82538e-12	1.79349e-12
6.77593e+12	5.48312e-13	5.67751e-13	2.04927e-12	2.04851e-12	2.04662e-12	2.04586e-12	1.80709e-12	1.77298e-12
6.79634e+12	5.34746e-13	5.53923e-13	2.01444e-12	2.01434e-12	2.01327e-12	2.01318e-12	1.78539e-12	1.74918e-12
6.81675e+12	5.20552e-13	5.39353e-13	1.97689e-12	1.97753e-12	1.9773e-12	1.97794e-12	1.76096e-12	1.72283e-12
6.83716e+12	5.05984e-13	5.24311e-13	1.93743e-12	1.93886e-12	1.93946e-12	1.94089e-12	1.73459e-12	1.69473e-12
6.85757e+12	4.91303e-13	5.09074e-13	1.89687e-12	1.89913e-12	1.9005e-12	1.90276e-12	1.70716e-12	1.66577e-12
6.87798e+12	4.76769e-13	4.93925e-13	1.85603e-12	1.85915e-12	1.86117e-12	1.86428e-12	1.67959e-12	1.6369e-12
6.89839e+12	4.62633e-13	4.79133e-13	1.8157e-12	1.81968e-12	1.8222e-12	1.82618e-12	1.65281e-12	1.60906e-12
6.9188e+12	4.49124e-13	4.64947e-13	1.77661e-12	1.78144e-12	1.78426e-12	1.78909e-12	1.62772e-12	1.58316e-12
6.93921e+12	4.36442e-13	4.51588e-13	1.7394e-12	1.74504e-12	1.74795e-12	1.75359e-12	1.60517e-12	1.56005e-12
6.95962e+12	4.24753e-13	4.39236e-13	1.70464e-12	1.71103e-12	1.7138e-12	1.72019e-12	1.58591e-12	1.5405e-12
6.98003e+12	4.14183e-13	4.28031e-13	1.67277e-12	1.67981e-12	1.68221e-12	1.68925e-12	1.5706e-12	1.52513e-12
7.00044e+12	4.04813e-13	4.18063e-13	1.6441e-12	1.65169e-12	1.6535e-12	1.66108e-12	1.55973e-12	1.51442e-12
7.02085e+12	3.9668e-13	4.09373e-13	1.61884e-12	1.62683e-12	1.62786e-12	1.63584e-12	1.55364e-12	1.50869e-12
7.04126e+12	3.89774e-13	4.01954e-13	1.59706e-12	1.60528e-12	1.60537e-12	1.61359e-12	1.55248e-12	1.50807e-12
7.06167e+12	3.84044e-13	3.95752e-13	1.5787e-12	1.58699e-12	1.586e-12	1.59428e-12	1.55625e-12	1.5125e-12
7.08208e+12	3.79398e-13	3.90667e-13	1.5636e-12	1.57175e-12	1.56963e-12	1.57777e-12	1.56473e-12	1.52174e-12
7.10249e+12	3.75709e-13	3.86563e-13	1.55148e-12	1.55929e-12	1.55601e-12	1.56382e-12	1.57754e-12	1.53537e-12
7.12289e+12	3.72819e-13	3.83275e-13	1.54197e-12	1.54923e-12	1.54484e-12	1.55209e-12	1.59413e-12	1.55281e-12
7.1433e+12	3.70548e-13	3.80609e-13	1.53462e-12	1.54112e-12	1.5357e-12	1.5422e-12	1.61381e-12	1.57332e-12
7.16371e+12	3.687e-13	3.78358e-13	1.52891e-12	1.53445e-12	1.52815e-12	1.5337e-12	1.63576e-12	1.59607e-12
7.18412e+12	3.67066e-13	3.76306e-13	1.52428e-12	1.52868e-12	1.52169e-12	1.52608e-12	1.65906e-12	1.62011e-12
7.20453e+12	3.65438e-13	3.74237e-13	1.52016e-12	1.52323e-12	1.51577e-12	1.51884e-12	1.68276e-12	1.64448e-12
7.22494e+12	3.63613e-13	3.7194e-13	1.51592e-12	1.51752e-12	1.50984e-12	1.51144e-12	1.70584e-12	1.66816e-12
7.24535e+12	3.61396e-13	3.69222e-13	1.511e-12	1.51098e-12	1.50337e-12	1.50335e-12	1.72732e-12	1.69018e-12
7.26576e+12	3.58614e-13	3.65906e-13	1.50481e-12	1.50308e-12	1.49581e-12	1.49408e-12	1.74627e-12	1.7096e-12
7.28617e+12	3.55114e-13	3.61845e-13	1.49684e-12	1.49331e-12	1.48668e-12	1.48315e-12	1.76181e-12	1.7256e-12
7.30658e+12	3.5077e-13	3.56918e-13	1.48662e-12	1.48124e-12	1.47553e-12	1.47015e-12	1.77319e-12	1.73741e-12
7.32699e+12	3.45486e-13	3.51037e-13	1.47376e-12	1.46649e-12	1.46198e-12	1.45471e-12	1.77978e-12	1.74445e-12
7.3474e+12	3.392e-13	3.44148e-13	1.45793e-12	1.44878e-12	1.44571e-12	1.43656e-12	1.78107e-12	1.74625e-12
7.36781e+12	3.31881e-13	3.36229e-13	1.4389e-12	1.42789e-12	1.42648e-12	1.41547e-12	1.77674e-12	1.74248e-12
7.38822e+12	3.23531e-13	3.27291e-13	1.41651e-12	1.40369e-12	1.40414e-12	1.39131e-12	1.76658e-12	1.73297e-12
7.40863e+12	3.1418e-13	3.17376e-13	1.39071e-12	1.37614e-12	1.3786e-12	1.36403e-12	1.75056e-12	1.7177e-12
7.42904e+12	3.03889e-13	3.06549e-13	1.36151e-12	1.34529e-12	1.34987e-12	1.33364e-12	1.72876e-12	1.69677e-12
7.44945e+12	2.92741e-13	2.949e-13	1.329e-12	1.31123e-12	1.31801e-12	1.30024e-12	1.70137e-12	1.67037e-12
7.46986e+12	2.80838e-13	2.82538e-13	1.29333e-12	1.27414e-12	1.28315e-12	1.26396e-12	1.66871e-12	1.6388e-12
7.49026e+12	2.68297e-13	2.69581e-13	1.25472e-12	1.23425e-12	1.24548e-12	1.22501e-12	1.63114e-12	1.60243e-12
7.51067e+12	2.55245e-13	2.56159e-13	1.21342e-12	1.19183e-12	1.20522e-12	1.18363e-12	1.58909e-12	1.56166e-12
7.53108e+12	2.41815e-13	2.42403e-13	1.16972e-12	1.14718e-12	1.16263e-12	1.14009e-12	1.543e-12	1.51692e-12
7.55149e+12	2.28138e-13	2.28445e-13	1.12392e-12	1.10061e-12	1.11799e-12	1.09468e-12	1.49333e-12	1.46865e-12
7.5719e+12	2.14344e-13	2.1441e-13	1.07635e-12	1.05246e-12	1.07159e-12	1.0477e-12	1.44055e-12	1.41729e-12
7.59231e+12	2.00555e-13	2.00419e-13	1.02733e-12	1.00306e-12	1.02373e-12	9.99461e-13	1.38508e-12	1.36325e-12
7.61272e+12	1.86884e-13	1.86581e-13	9.77179e-13	9.52724e-13	9.74709e-13	9.50254e-13	1.32736e-12	1.30693e-12
7.63313e+12	1.73432e-13	1.72994e-13	9.26209e-13	9.01773e-13	9.2481e-13	9.00374e-13	1.26775e-12	1.24869e-12
7.65354e+12	1.60291e-13	1.59745e-13	8.74723e-13	8.50506e-13	8.74321e-13	8.50103e-13	1.20663e-12	1.1889e-12
7.67395e+12	1.47536e-13	1.46906e-13	8.23012e-13	7.99208e-13	8.23515e-13	7.99711e-13	1.14434e-12	1.12787e-12
7.69436e+12	1.35233e-13	1.34541e-13	7.71356e-13	7.48148e-13	7.72662e-13	7.49454e-13	1.0812e-12	1.06593e-12
7.71477e+12	1.23434e-13	1.22698e-13	7.20024e-13	6.97582e-13	7.22022e-13	6.9958e-13	1.01752e-12	1.00339e-12
7.73518e+12	1.12182e-13	1.11419e-13	6.69274e-13	6.47753e-13	6.71849e-13	6.50328e-13	9.53625e-13	9.40567e-13
7.75559e+12	1.01508e-13	1.00731e-13	6.19356e-13	5.9889e-13	6.22391e-13	6.01925e-13	8.89824e-13	8.77772e-13
7.776e+12	9.14343e-14	9.06562e-14	5.70511e-13	5.51212e-13	5.73892e-13	5.54593e-13	8.2644e-13	8.15336e-13
7.79641e+12	8.19767e-14	8.1208e-14	5.22971e-13	5.04927e-13	5.26588e-13	5.08544e-13	7.63807e-13	7.53596e-13
7.81682e+12	7.31426e-14	7.23928e-14	4.76957e-13	4.60231e-13	4.80709e-13	4.63982e-13	7.02264e-13	6.92897e-13
7.83723e+12	6.49339e-14	6.42107e-14	4.32678e-13	4.17308e-13	4.36471e-13	4.21101e-13	6.42154e-13	6.33587e-13
7.85763e+12	5.73467e-14	5.6657e-14	3.90326e-13	3.76325e-13	3.9408e-13	3.80079e-13	5.83818e-13	5.76012e-13
7.87804e+12	5.03724e-14	4.97215e-14	3.50075e-13	3.37433e-13	3.53721e-13	3.4108e-13	5.27589e-13	5.20505e-13
7.89845e+12	4.39978e-14	4.33901e-14	3.12075e-13	3.00763e-13	3.15556e-13	3.04244e-13	4.73778e-13	4.67382e-13
7.91886e+12	3.8206e-14	3.76443e-14	2.76451e-13	2.66418e-13	2.79723e-13	2.69691e-13	4.2267e-13	4.16927e-13
7.93927e+12	3.2976e-14	3.24623e-14	2.43296e-13	2.34479e-13	2.46328e-13	2.37511e-13	3.74513e-13	3.69388e-13
7.95968e+12	2.82838e-14	2.78188e-14	2.12674e-13	2.04994e-13	2.15445e-13	2.07765e-13	3.29508e-13	3.24965e-13
7.98009e+12	2.41023e-14	2.36856e-14	1.84611e-13	1.77984e-13	1.8711e-13	1.80483e-13	2.87807e-13	2.83809e-13
8.0005e+12	2.04018e-14	2.00324e-14	1.59102e-13	1.53435e-13	1.61329e-13	1.55662e-13	2.49506e-13	2.46015e-13
8.02091e+12	1.71508e-14	1.68265e-14	1.36108e-13	1.31307e-13	1.38068e-13	1.33267e-13	2.14644e-13	2.11621e-13
8.04132e+12	1.43161e-14	1.40344e-14	1.15558e-13	1.11528e-13	1.17262e-13	1.13232e-13	1.83204e-13	1.80607e-13
8.06173e+12	1.18636e-14	1.16213e-14	9.73526e-14	9.40013e-14	9.88177e-14	9.54664e-14	1.55114e-13	1.52904e-13
8.08214e+12	9.75894e-15	9.55234e-15	8.13681e-14	7.86071e-14	8.26135e-14	7.98524e-14	1.30258e-13	1.28393e-13
8.10255e+12	7.96785e-15	7.79315e-15	6.74611e-14	6.52076e-14	6.85078e-14	6.62544e-14	1.08474e-13	1.06916e-13
8.12296e+12	6.45698e-15	6.31012e-15	5.5473e-14	5.3651e-14	5.63433e-14	5.45213e-14	8.95699e-14	8.82799e-14
8.14337e+12	5.19434e-15	5.0711e-15	4.52358e-14	4.37765e-14	4.59514e-14	4.44922e-14	7.33255e-14	7.22679e-14
8.16378e+12	4.14987e-15	4.04585e-15	3.65765e-14	3.54187e-14	3.71587e-14	3.60009e-14	5.95057e-14	5.86469e-14
8.18419e+12	3.29586e-15	3.20644e-15	2.93219e-14	2.84122e-14	2.97905e-14	2.88808e-14	4.78659e-14	4.71755e-14
8.2046e+12	2.60747e-15	2.5276e-15	2.33031e-14	2.2595e-14	2.36763e-14	2.29682e-14	3.8161e-14	3.76114e-14
8.225e+12	2.06306e-15	1.98704e-15	1.83583e-14	1.78125e-14	1.86523e-14	1.81065e-14	3.01512e-14	2.9718e-14
8.24541e+12	1.64468e-15	1.56574e-15	1.43361e-14	1.39195e-14	1.45653e-14	1.41487e-14	2.36076e-14	2.32695e-14
8.26582e+12	1.33843e-15	1.2482e-15	1.10972e-14	1.07825e-14	1.12739e-14	1.09592e-14	1.83165e-14	1.80552e-14
8.28623e+12	1.13502e-15	1.02276e-15	8.5157e-15	8.28055e-15	8.65053e-15	8.41538e-15	1.40823e-14	1.38822e-14
8.30664e+12	1.03033e-15	8.81972e-16	6.48003e-15	6.30646e-15	6.58169e-15	6.40813e-15	1.07293e-14	1.05772e-14
8.32705e+12	1.02619e-15	8.22991e-16	4.8927e-15	4.76649e-15	4.96839e-15	4.84217e-15	8.10219e-15	7.98746e-15
8.34746e+12	1.13132e-15	8.48209e-16	3.67012e-15	3.58016e-15	3.72561e-15	3.63565e-15	6.06654e-15	5.98018e-15
8.36787e+12	1.36255e-15	9.65988e-16	2.7418e-15	2.67965e-15	2.78165e-15	2.7195e-15	4.50747e-15	4.4422e-15
8.38828e+12	1.74635e-15	1.19163e-15	2.04948e-15	2.00887e-15	2.07718e-15	2.03656e-15	3.32869e-15	3.27854e-15
8.40869e+12	2.32058e-15	1.54859e-15	1.54601e-15	1.52249e-15	1.56411e-15	1.54059e-15	2.4508e-15	2.41084e-15
8.4291e+12	3.1368e-15	2.06997e-15	1.19424e-15	1.18485e-15	1.20452e-15	1.19513e-15	1.80957e-15	1.77562e-15
8.44951e+12	4.26276e-15	2.80029e-15	9.65939e-16	9.69008e-16	9.6945e-16	9.72519e-16	1.35411e-15	1.32247e-15
8.46992e+12	5.78536e-15	3.79755e-15	8.40761e-16	8.55693e-16	8.37917e-16	8.52849e-16	1.04513e-15	1.01236e-15
8.49033e+12	7.81386e-15	5.13562e-15	8.05366e-16	8.32524e-16	7.9597e-16	8.23128e-16	8.53308e-16	8.15967e-16
8.51074e+12	1.04834e-14	6.90683e-15	8.52649e-16	8.93265e-16	8.35902e-16	8.76518e-16	7.57872e-16	7.12311e-16
8.53115e+12	1.39586e-14	9.22476e-15	9.81126e-16	1.03724e-15	9.5561e-16	1.01173e-15	7.4536e-16	6.87481e-16
8.55156e+12	1.84373e-14	1.22272e-14	1.19445e-15	1.2689e-15	1.15809e-15	1.23255e-15	8.08603e-16	7.33641e-16
8.57197e+12	2.41535e-14	1.60789e-14	1.50105e-15	1.59745e-15	1.45107e-15	1.54747e-15	9.45928e-16	8.4822e-16
8.59237e+12	3.1381e-14	2.09745e-14	1.91388e-15	2.03661e-15	1.84673e-15	1.96946e-15	1.16054e-15	1.03331e-15
8.61278e+12	4.04349e-14	2.7141e-14	2.45022e-15	2.60443e-15	2.3615e-15	2.51571e-15	1.4601e-15	1.2952e-15
8.63319e+12	5.16735e-14	3.48393e-14	3.13152e-15	3.32309e-15	3.01595e-15	3.20752e-15	1.85642e-15	1.64415e-15
8.6536e+12	6.54977e-14	4.43659e-14	3.98321e-15	4.21877e-15	3.83457e-15	4.07014e-15	2.36528e-15	2.09416e-15
8.67401e+12	8.23494e-14	5.60527e-14	5.03453e-15	5.32137e-15	4.84567e-15	5.13251e-15	3.00636e-15	2.66292e-15
8.69442e+12	1.02708e-13	7.02663e-14	6.31825e-15	6.66424e-15	6.08109e-15	6.42708e-15	3.80317e-15	3.37183e-15
8.71483e+12	1.27085e-13	8.74057e-14	7.87025e-15	8.28375e-15	7.57587e-15	7.98937e-15	4.78305e-15	4.24601e-15
8.73524e+12	1.56014e-13	1.07899e-13	9.72901e-15	1.02187e-14	9.36784e-15	9.85754e-15	5.97717e-15	5.31434e-15
8.75565e+12	1.90045e-13	1.32196e-13	1.19349e-14	1.25097e-14	1.14969e-14	1.20717e-14	7.42045e-15	6.60954e-15
8.77606e+12	2.29725e-13	1.60765e-13	1.45295e-14	1.51982e-14	1.40045e-14	1.46731e-14	9.15154e-15	8.16816e-15
8.79647e+12	2.75592e-13	1.94081e-13	1.75544e-14	1.83254e-14	1.69323e-14	1.77032e-14	1.12126e-14	1.00306e-14
8.81688e+12	3.2815e-13	2.32616e-13	2.10499e-14	2.19313e-14	2.03214e-14	2.12027e-14	1.36492e-14	1.22408e-14
8.83729e+12	3.87858e-13	2.76829e-13	2.50543e-14	2.60532e-14	2.42111e-14	2.52099e-14	1.65098e-14	1.48464e-14
8.8577e+12	4.5511e-13	3.27153e-13	2.96019e-14	3.07243e-14	2.86375e-14	2.97599e-14	1.98456e-14	1.78984e-14
8.87811e+12	5.30218e-13	3.83983e-13	3.47219e-14	3.59726e-14	3.36319e-14	3.48827e-14	2.37097e-14	2.14502e-14
8.89852e+12	6.13395e-13	4.47663e-13	4.0437e-14	4.18192e-14	3.92199e-14	4.06021e-14	2.81569e-14	2.5558e-14
8.91893e+12	7.04741e-13	5.18472e-13	4.67623e-14	4.82772e-14	4.54195e-14	4.69344e-14	3.32425e-14	3.02794e-14
8.93933e+12	8.04232e-13	5.96616e-13	5.37037e-14	5.53507e-14	5.22403e-14	5.38873e-14	3.90218e-14	3.56729e-14
8.95974e+12	9.11711e-13	6.82215e-13	6.12577e-14	6.30339e-14	5.96825e-14	6.14587e-14	4.55491e-14	4.17971e-14
8.98015e+12	1.02689e-12	7.75298e-13	6.94104e-14	7.13108e-14	6.7736e-14	6.96364e-14	5.28765e-14	4.87094e-14
9.00056e+12	1.14933e-12	8.75796e-13	7.81376e-14	8.0155e-14	7.63802e-14	7.83975e-14	6.10531e-14	5.64649e-14
9.02097e+12	1.27848e-12	9.83539e-13	8.74053e-14	8.95301e-14	8.55843e-14	8.77091e-14	7.01237e-14	6.51151e-14
9.04138e+12	1.41366e-12	1.09826e-12	9.71699e-14	9.93907e-14	9.53075e-14	9.75283e-14	8.01282e-14	7.47067e-14
9.06179e+12	1.55409e-12	1.2196e-12	1.0738e-13	1.09684e-13	1.05501e-13	1.07804e-13	9.10997e-14	8.52805e-14
9.0822e+12	1.69892e-12	1.34711e-12	1.17979e-13	1.2035e-13	1.16107e-13	1.18478e-13	1.03064e-13	9.68694e-14
9.10261e+12	1.84722e-12	1.48026e-12	1.28904e-13	1.31327e-13	1.27066e-13	1.29488e-13	1.16041e-13	1.09498e-13
9.12302e+12	1.99804e-12	1.61847e-12	1.40094e-13	1.4255e-13	1.38313e-13	1.40769e-13	1.30038e-13	1.23182e-13
9.14343e+12	2.15043e-12	1.76112e-12	1.51487e-13	1.53959e-13	1.49785e-13	1.52257e-13	1.45058e-13	1.37925e-13
9.16384e+12	2.30345e-12	1.90756e-12	1.63026e-13	1.65496e-13	1.61423e-13	1.63893e-13	1.61093e-13	1.53722e-13
9.18425e+12	2.45626e-12	2.05714e-12	1.74663e-13	1.77113e-13	1.73175e-13	1.75625e-13	1.78128e-13	1.70557e-13
9.20466e+12	2.60805e-12	2.20926e-12	1.86361e-13	1.88774e-13	1.84999e-13	1.87413e-13	1.96139e-13	1.88403e-13
9.22507e+12	2.75819e-12	2.36334e-12	1.98096e-13	2.00457e-13	1.96869e-13	1.9923e-13	2.15099e-13	2.07225e-13
9.24548e+12	2.90613e-12	2.51892e-12	2.09863e-13	2.12158e-13	2.08772e-13	2.11066e-13	2.34974e-13	2.26979e-13
9.26589e+12	3.05153e-12	2.67562e-12	2.21675e-13	2.2389e-13	2.20719e-13	2.22934e-13	2.55729e-13	2.47614e-13
9.2863e+12	3.1942e-12	2.83318e-12	2.33564e-13	2.3569e-13	2.3274e-13	2.34867e-13	2.77327e-13	2.69075e-13
9.3067e+12	3.33413e-12	2.99151e-12	2.45585e-13	2.47616e-13	2.44889e-13	2.46919e-13	2.99735e-13	2.91304e-13
9.32711e+12	3.47151e-12	3.15066e-12	2.57816e-13	2.59746e-13	2.57241e-13	2.59171e-13	3.2292e-13	3.14241e-13
9.34752e+12	3.6067e-12	3.31086e-12	2.70351e-13	2.7218e-13	2.69895e-13	2.71723e-13	3.46857e-13	3.37827e-13
9.36793e+12	3.74021e-12	3.47248e-12	2.83305e-13	2.85034e-13	2.82968e-13	2.84696e-13	3.71522e-13	3.62004e-13
9.38834e+12	3.87272e-12	3.63605e-12	2.96806e-13	2.98439e-13	2.96595e-13	2.98228e-13	3.96902e-13	3.86715e-13
9.40875e+12	4.00498e-12	3.80223e-12	3.10992e-13	3.12537e-13	3.10922e-13	3.12466e-13	4.22983e-13	4.11907e-13
9.42916e+12	4.13782e-12	3.97172e-12	3.26006e-13	3.27471e-13	3.26101e-13	3.27566e-13	4.49759e-13	4.37525e-13
9.44957e+12	4.27208e-12	4.14532e-12	3.41986e-13	3.43384e-13	3.42283e-13	3.43682e-13	4.77218e-13	4.63516e-13
9.46998e+12	4.40855e-12	4.32376e-12	3.59063e-13	3.60407e-13	3.59613e-13	3.60957e-13	5.05349e-13	4.89821e-13
9.49039e+12	4.54793e-12	4.50771e-12	3.7735e-13	3.78654e-13	3.78217e-13	3.79521e-13	5.34128e-13	5.16376e-13
9.5108e+12	4.69076e-12	4.69768e-12	3.96935e-13	3.98213e-13	3.98195e-13	3.99473e-13	5.63519e-13	5.43107e-13
9.53121e+12	4.83735e-12	4.89397e-12	4.17874e-13	4.19141e-13	4.19615e-13	4.20882e-13	5.93464e-13	5.69925e-13
9.55162e+12	4.98776e-12	5.09657e-12	4.40182e-13	4.41453e-13	4.42504e-13	4.43774e-13	6.23879e-13	5.96727e-13
9.57203e+12	5.14172e-12	5.30514e-12	4.63833e-13	4.65119e-13	4.6684e-13	4.68125e-13	6.5465e-13	6.23389e-13
9.59244e+12	5.29862e-12	5.51892e-12	4.8875e-13	4.9006e-13	4.92547e-13	4.93858e-13	6.85626e-13	6.49763e-13
9.61285e+12	5.45748e-12	5.73673e-12	5.14803e-13	5.16147e-13	5.19494e-13	5.20839e-13	7.16619e-13	6.75682e-13
9.63326e+12	5.61696e-12	5.95693e-12	5.41813e-13	5.43198e-13	5.4749e-13	5.48875e-13	7.47402e-13	7.00954e-13
9.65367e+12	5.77539e-12	6.17745e-12	5.69552e-13	5.7098e-13	5.7629e-13	5.77718e-13	7.77709e-13	7.25368e-13
9.67407e+12	5.93076e-12	6.3958e-12	5.97744e-13	5.99217e-13	6.05593e-13	6.07067e-13	8.0724e-13	7.48694e-13
9.69448e+12	6.08083e-12	6.60915e-12	6.26075e-13	6.27592e-13	6.35054e-13	6.36571e-13	8.35664e-13	7.70692e-13
9.71489e+12	6.22316e-12	6.81436e-12	6.54201e-13	6.55758e-13	6.6429e-13	6.65847e-13	8.6263e-13	7.91113e-13
9.7353e+12	6.35518e-12	7.00813e-12	6.81753e-13	6.83345e-13	6.92888e-13	6.94481e-13	8.87774e-13	8.0971e-13
9.75571e+12	6.47434e-12	7.18704e-12	7.08352e-13	7.09974e-13	7.20423e-13	7.22045e-13	9.10728e-13	8.26243e-13
9.77612e+12	6.57813e-12	7.34773e-12	7.3362e-13	7.35264e-13	7.46466e-13	7.4811e-13	9.31136e-13	8.40487e-13
9.79653e+12	6.6642e-12	7.48698e-12	7.57187e-13	7.58846e-13	7.70599e-13	7.72258e-13	9.48662e-13	8.52239e-13
9.81694e+12	6.73045e-12	7.60181e-12	7.78702e-13	7.8037e-13	7.92427e-13	7.94095e-13	9.63001e-13	8.61326e-13
9.83735e+12	6.77509e-12	7.68964e-12	7.97846e-13	7.99517e-13	8.1159e-13	8.13262e-13	9.73893e-13	8.67605e-13
9.85776e+12	6.79669e-12	7.74829e-12	8.14334e-13	8.16003e-13	8.27775e-13	8.29444e-13	9.81125e-13	8.70973e-13
9.87817e+12	6.79425e-12	7.77614e-12	8.27923e-13	8.29587e-13	8.40718e-13	8.42382e-13	9.84545e-13	8.71367e-13
9.89858e+12	6.76718e-12	7.77211e-12	8.38419e-13	8.40075e-13	8.50216e-13	8.51872e-13	9.84059e-13	8.68762e-13
9.91899e+12	6.71534e-12	7.73569e-12	8.4567e-13	8.47318e-13	8.56127e-13	8.57775e-13	9.79637e-13	8.63173e-13
9.9394e+12	6.63899e-12	7.66698e-12	8.49577e-13	8.51216e-13	8.58369e-13	8.60009e-13	9.7131e-13	8.54652e-13
9.95981e+12	6.53879e-12	7.56662e-12	8.50083e-13	8.51714e-13	8.56923e-13	8.58554e-13	9.59169e-13	8.43284e-13
9.98022e+12	6.41574e-12	7.43576e-12	8.47177e-13	8.488e-13	8.51824e-13	8.53447e-13	9.43359e-13	8.29181e-13
1.00006e+13	6.27115e-12	7.27599e-12	8.40888e-13	8.42504e-13	8.43157e-13	8.44773e-13	9.24071e-13	8.12484e-13
1.0021e+13	6.10656e-12	7.08932e-12	8.31281e-13	8.32889e-13	8.31054e-13	8.32662e-13	9.01536e-13	7.93349e-13
1.00414e+13	5.92371e-12	6.87804e-12	8.18455e-13	8.20053e-13	8.15684e-13	8.17283e-13	8.76019e-13	7.71951e-13
1.00619e+13	5.72447e-12	6.64469e-12	8.02536e-13	8.04123e-13	7.97248e-13	7.98835e-13	8.47809e-13	7.48477e-13
1.00823e+13	5.51078e-12	6.39199e-12	7.8368e-13	7.85252e-13	7.7597e-13	7.77542e-13	8.17213e-13	7.23122e-13
1.01027e+13	5.28466e-12	6.12273e-12	7.62065e-13	7.63617e-13	7.52096e-13	7.53648e-13	7.84546e-13	6.96086e-13
1.01231e+13	5.04812e-12	5.83976e-12	7.37892e-13	7.39418e-13	7.25885e-13	7.2741e-13	7.50131e-13	6.67577e-13
1.01435e+13	4.80316e-12	5.54593e-12	7.11383e-13	7.12874e-13	6.97607e-13	6.99098e-13	7.1429e-13	6.37804e-13
1.01639e+13	4.55177e-12	5.24403e-12	6.82778e-13	6.84227e-13	6.67541e-13	6.68989e-13	6.77341e-13	6.06983e-13
1.01843e+13	4.29587e-12	4.93676e-12	6.52337e-13	6.53734e-13	6.35968e-13	6.37365e-13	6.39597e-13	5.75329e-13
1.02047e+13	4.03736e-12	4.62675e-12	6.20333e-13	6.21671e-13	6.03175e-13	6.04513e-13	6.01361e-13	5.43061e-13
1.02251e+13	3.77804e-12	4.31648e-12	5.87056e-13	5.88327e-13	5.69449e-13	5.70719e-13	5.62926e-13	5.104e-13
1.02455e+13	3.5197e-12	4.0083e-12	5.52808e-13	5.54004e-13	5.35078e-13	5.36274e-13	5.24573e-13	4.77569e-13
1.02659e+13	3.264e-12	3.70443e-12	5.17897e-13	5.19012e-13	5.00348e-13	5.01463e-13	4.86571e-13	4.44788e-13
1.02864e+13	3.01257e-12	3.40689e-12	4.82636e-13	4.83666e-13	4.6554e-13	4.6657e-13	4.49172e-13	4.12277e-13
1.03068e+13	2.76692e-12	3.11756e-12	4.47338e-13	4.48281e-13	4.30928e-13	4.3187e-13	4.12614e-13	3.80249e-13
1.03272e+13	2.52846e-12	2.83813e-12	4.1231e-13	4.13164e-13	3.96778e-13	3.97631e-13	3.77116e-13	3.48911e-13
1.03476e+13	2.29851e-12	2.57007e-12	3.77848e-13	3.78612e-13	3.63341e-13	3.64106e-13	3.42876e-13	3.18459e-13
1.0368e+13	2.07821e-12	2.31469e-12	3.44228e-13	3.44907e-13	3.30852e-13	3.3153e-13	3.10071e-13	2.89072e-13
1.03884e+13	1.86859e-12	2.07304e-12	3.11708e-13	3.12304e-13	2.99526e-13	3.00122e-13	2.78855e-13	2.60916e-13
1.04088e+13	1.67049e-12	1.84597e-12	2.80517e-13	2.81034e-13	2.69555e-13	2.70072e-13	2.49354e-13	2.34132e-13
1.04292e+13	1.4846e-12	1.63411e-12	2.50851e-13	2.51295e-13	2.41101e-13	2.41545e-13	2.21671e-13	2.08841e-13
1.04496e+13	1.31142e-12	1.43783e-12	2.22874e-13	2.23251e-13	2.14301e-13	2.14679e-13	1.95877e-13	1.85139e-13
1.047e+13	1.15125e-12	1.25732e-12	1.96712e-13	1.9703e-13	1.89259e-13	1.89576e-13	1.72019e-13	1.63093e-13
1.04905e+13	1.00421e-12	1.09253e-12	1.72455e-13	1.7272e-13	1.66046e-13	1.6631e-13	1.50113e-13	1.42746e-13
1.05109e+13	8.70246e-13	9.43203e-13	1.50156e-13	1.50373e-13	1.44704e-13	1.44922e-13	1.3015e-13	1.24115e-13
1.05313e+13	7.4914e-13	8.08924e-13	1.2983e-13	1.30008e-13	1.25243e-13	1.2542e-13	1.12098e-13	1.07189e-13
1.05517e+13	6.40509e-13	6.89101e-13	1.11463e-13	1.11605e-13	1.07643e-13	1.07786e-13	9.58984e-14	9.1936e-14
1.05721e+13	5.43841e-13	5.83011e-13	9.5007e-14	9.51206e-14	9.18597e-14	9.19734e-14	8.14764e-14	7.83021e-14
1.05925e+13	4.58509e-13	4.8982e-13	8.03909e-14	8.04805e-14	7.78248e-14	7.79144e-14	6.87387e-14	6.62155e-14
1.06129e+13	3.83796e-13	4.08612e-13	6.75212e-14	6.75911e-14	6.54505e-14	6.55204e-14	5.75792e-14	5.55894e-14
1.06333e+13	3.18916e-13	3.38417e-13	5.62876e-14	5.63415e-14	5.46338e-14	5.46877e-14	4.7882e-14	4.63256e-14
1.06537e+13	2.63045e-13	2.78235e-13	4.65676e-14	4.66087e-14	4.52602e-14	4.53013e-14	3.9525e-14	3.83174e-14
1.06741e+13	2.15334e-13	2.27063e-13	3.82307e-14	3.82618e-14	3.72077e-14	3.72388e-14	3.23829e-14	3.14538e-14
1.06945e+13	1.74935e-13	1.83912e-13	3.11431e-14	3.11663e-14	3.03507e-14	3.03739e-14	2.63304e-14	2.56215e-14
1.0715e+13	1.41021e-13	1.4783e-13	2.51706e-14	2.51877e-14	2.4563e-14	2.45801e-14	2.12448e-14	2.07085e-14
1.07354e+13	1.12795e-13	1.17913e-13	2.01823e-14	2.01948e-14	1.97211e-14	1.97336e-14	1.70081e-14	1.6606e-14
1.07558e+13	8.95065e-14	9.33179e-14	1.60531e-14	1.60621e-14	1.57065e-14	1.57156e-14	1.35091e-14	1.32103e-14
1.07762e+13	7.04595e-14	7.3272e-14	1.26655e-14	1.2672e-14	1.24077e-14	1.24142e-14	1.06445e-14	1.04244e-14
1.07966e+13	5.50182e-14	5.70746e-14	9.91126e-15	9.91585e-15	9.7214e-15	9.726e-15	8.31985e-15	8.15909e-15
1.0817e+13	4.26109e-14	4.41004e-14	7.69212e-15	7.69534e-15	7.5537e-15	7.55692e-15	6.44994e-15	6.33363e-15
1.08374e+13	3.27301e-14	3.37989e-14	5.92028e-15	5.92251e-15	5.82036e-15	5.8226e-15	4.9592e-15	4.87582e-15
1.08578e+13	2.49318e-14	2.56915e-14	4.51842e-15	4.51995e-15	4.44702e-15	4.44855e-15	3.78137e-15	3.72215e-15
1.08782e+13	1.88324e-14	1.93673e-14	3.4194e-15	3.42044e-15	3.36888e-15	3.36992e-15	2.85913e-15	2.81746e-15
1.08986e+13	1.4105e-14	1.4478e-14	2.56568e-15	2.56637e-15	2.53029e-15	2.53099e-15	2.14355e-15	2.1145e-15
1.09191e+13	1.04744e-14	1.0732e-14	1.9086e-15	1.90907e-15	1.88406e-15	1.88453e-15	1.59338e-15	1.57332e-15
1.09395e+13	7.71151e-15	7.88777e-15	1.40755e-15	1.40785e-15	1.3907e-15	1.391e-15	1.17425e-15	1.16053e-15
1.09599e+13	5.62834e-15	5.74776e-15	1.02901e-15	1.0292e-15	1.01756e-15	1.01775e-15	8.57878e-16	8.48581e-16
1.09803e+13	4.07215e-15	4.15227e-15	7.45686e-16	7.45813e-16	7.3798e-16	7.38107e-16	6.21283e-16	6.15046e-16
1.10007e+13	2.92041e-15	2.97365e-15	5.35613e-16	5.35693e-16	5.30479e-16	5.3056e-16	4.45991e-16	4.41846e-16
