0	1.24674e-16	2.73727e-16	2.73727e-16	2.69829e-16
2.05687e+10	1.67125e-16	3.66933e-16	3.66933e-16	3.61705e-16
4.11373e+10	2.21735e-16	4.86834e-16	4.86834e-16	4.79893e-16
6.1706e+10	2.91174e-16	6.39297e-16	6.39297e-16	6.30175e-16
8.22747e+10	3.78446e-16	8.30915e-16	8.30915e-16	8.19047e-16
1.02843e+11	4.86845e-16	1.06893e-15	1.06893e-15	1.05364e-15
1.23412e+11	6.199e-16	1.36108e-15	1.36108e-15	1.34159e-15
1.43981e+11	7.81272e-16	1.71542e-15	1.71542e-15	1.69081e-15
1.64549e+11	9.74639e-16	2.14003e-15	2.14003e-15	2.10925e-15
1.85118e+11	1.20353e-15	2.64266e-15	2.64266e-15	2.60455e-15
2.05687e+11	1.47114e-15	3.23035e-15	3.23035e-15	3.18362e-15
2.26255e+11	1.78014e-15	3.90898e-15	3.90898e-15	3.85221e-15
2.46824e+11	2.13245e-15	4.68278e-15	4.68278e-15	4.61445e-15
2.67393e+11	2.52902e-15	5.55388e-15	5.55388e-15	5.47236e-15
2.87961e+11	2.96964e-15	6.52189e-15	6.52189e-15	6.42549e-15
3.0853e+11	3.45282e-15	7.58355e-15	7.58355e-15	7.4705e-15
3.29099e+11	3.97564e-15	8.73257e-15	8.73257e-15	8.60105e-15
3.49667e+11	4.53377e-15	9.95951e-15	9.95951e-15	9.80767e-15
3.70236e+11	5.12152e-15	1.1252e-14	1.1252e-14	1.10779e-14
3.90805e+11	5.73201e-15	1.25951e-14	1.25951e-14	1.23969e-14
4.11373e+11	6.35746e-15	1.39719e-14	1.39719e-14	1.37474e-14
4.31942e+11	6.9895e-15	1.53643e-14	1.53643e-14	1.51113e-14
4.52511e+11	7.61968e-15	1.67539e-14	1.67539e-14	1.64701e-14
4.7308e+11	8.23998e-15	1.81234e-14	1.81234e-14	1.78061e-14
4.93648e+11	8.84325e-15	1.94575e-14	1.94575e-14	1.91037e-14
5.14217e+11	9.42386e-15	2.07441e-14	2.07441e-14	2.03504e-14
5.34786e+11	9.97808e-15	2.19755e-14	2.19755e-14	2.15377e-14
5.55354e+11	1.05045e-14	2.31488e-14	2.31488e-14	2.26624e-14
5.75923e+11	1.10042e-14	2.4267e-14	2.4267e-14	2.37264e-14
5.96492e+11	1.14809e-14	2.53387e-14	2.53387e-14	2.47377e-14
6.1706e+11	1.19409e-14	2.63781e-14	2.63781e-14	2.57096e-14
6.37629e+11	1.23928e-14	2.74041e-14	2.74041e-14	2.66603e-14
6.58198e+11	1.28468e-14	2.84398e-14	2.84398e-14	2.7612e-14
6.78766e+11	1.33144e-14	2.95105e-14	2.95105e-14	2.85894e-14
6.99335e+11	1.38075e-14	3.06424e-14	3.06424e-14	2.96183e-14
7.19904e+11	1.43376e-14	3.18609e-14	3.18609e-14	3.07238e-14
7.40472e+11	1.49151e-14	3.31885e-14	3.31885e-14	3.19286e-14
7.61041e+11	1.55484e-14	3.46437e-14	3.46437e-14	3.32513e-14
7.8161e+11	1.62435e-14	3.62389e-14	3.62389e-14	3.47052e-14
8.02178e+11	1.70032e-14	3.79802e-14	3.79802e-14	3.62971e-14
8.22747e+11	1.78271e-14	3.98661e-14	3.98661e-14	3.80266e-14
8.43316e+11	1.87117e-14	4.18882e-14	4.18882e-14	3.98866e-14
8.63884e+11	1.96503e-14	4.40311e-14	4.40311e-14	4.18632e-14
8.84453e+11	2.06336e-14	4.6274e-14	4.6274e-14	4.39368e-14
9.05022e+11	2.16505e-14	4.85921e-14	4.85921e-14	4.60837e-14
9.2559e+11	2.2689e-14	5.09586e-14	5.09586e-14	4.8278e-14
9.46159e+11	2.37371e-14	5.33467e-14	5.33467e-14	5.04934e-14
9.66728e+11	2.47837e-14	5.57325e-14	5.57325e-14	5.27056e-14
9.87296e+11	2.58198e-14	5.80965e-14	5.80965e-14	5.48946e-14
1.00787e+12	2.68395e-14	6.04264e-14	6.04264e-14	5.70465e-14
1.02843e+12	2.78406e-14	6.27184e-14	6.27184e-14	5.91551e-14
1.049e+12	2.88253e-14	6.49786e-14	6.49786e-14	6.12235e-14
1.06957e+12	2.98004e-14	6.72235e-14	6.72235e-14	6.32644e-14
1.09014e+12	3.07773e-14	6.94799e-14	6.94799e-14	6.53004e-14
1.11071e+12	3.17716e-14	7.17842e-14	7.17842e-14	6.73628e-14
1.13128e+12	3.28025e-14	7.41805e-14	7.41805e-14	6.94911e-14
1.15185e+12	3.38919e-14	7.6719e-14	7.6719e-14	7.17301e-14
1.17241e+12	3.50629e-14	7.94527e-14	7.94527e-14	7.4128e-14
1.19298e+12	3.63389e-14	8.24344e-14	8.24344e-14	7.67333e-14
1.21355e+12	3.77417e-14	8.57134e-14	8.57134e-14	7.95916e-14
1.23412e+12	3.929e-14	8.9332e-14	8.9332e-14	8.27424e-14
1.25469e+12	4.09983e-14	9.33221e-14	9.33221e-14	8.62162e-14
1.27526e+12	4.28752e-14	9.77031e-14	9.77031e-14	9.00315e-14
1.29583e+12	4.4923e-14	1.02479e-13	1.02479e-13	9.41935e-14
1.3164e+12	4.71367e-14	1.07638e-13	1.07638e-13	9.86919e-14
1.33696e+12	4.95043e-14	1.13152e-13	1.13152e-13	1.03502e-13
1.35753e+12	5.20066e-14	1.18978e-13	1.18978e-13	1.08583e-13
1.3781e+12	5.46188e-14	1.25057e-13	1.25057e-13	1.13882e-13
1.39867e+12	5.73111e-14	1.31324e-13	1.31324e-13	1.19337e-13
1.41924e+12	6.00509e-14	1.37705e-13	1.37705e-13	1.24878e-13
1.43981e+12	6.28043e-14	1.44123e-13	1.44123e-13	1.30431e-13
1.46038e+12	6.55384e-14	1.50505e-13	1.50505e-13	1.35926e-13
1.48094e+12	6.82235e-14	1.56784e-13	1.56784e-13	1.41298e-13
1.50151e+12	7.08343e-14	1.62907e-13	1.62907e-13	1.4649e-13
1.52208e+12	7.33525e-14	1.68832e-13	1.68832e-13	1.51462e-13
1.54265e+12	7.57668e-14	1.74538e-13	1.74538e-13	1.56185e-13
1.56322e+12	7.80743e-14	1.80019e-13	1.80019e-13	1.60652e-13
1.58379e+12	8.028e-14	1.85289e-13	1.85289e-13	1.6487e-13
1.60436e+12	8.23963e-14	1.90378e-13	1.90378e-13	1.68861e-13
1.62493e+12	8.44419e-14	1.95331e-13	1.95331e-13	1.72665e-13
1.64549e+12	8.64399e-14	2.002e-13	2.002e-13	1.76328e-13
1.66606e+12	8.84164e-14	2.05046e-13	2.05046e-13	1.79905e-13
1.68663e+12	9.03977e-14	2.09928e-13	2.09928e-13	1.83452e-13
1.7072e+12	9.2409e-14	2.14901e-13	2.14901e-13	1.87023e-13
1.72777e+12	9.44723e-14	2.20015e-13	2.20015e-13	1.90668e-13
1.74834e+12	9.6605e-14	2.25308e-13	2.25308e-13	1.94424e-13
1.76891e+12	9.88194e-14	2.30804e-13	2.30804e-13	1.98321e-13
1.78947e+12	1.01122e-13	2.36516e-13	2.36516e-13	2.02375e-13
1.81004e+12	1.03514e-13	2.42446e-13	2.42446e-13	2.06592e-13
1.83061e+12	1.05994e-13	2.48585e-13	2.48585e-13	2.10967e-13
1.85118e+12	1.08554e-13	2.54921e-13	2.54921e-13	2.15489e-13
1.87175e+12	1.11189e-13	2.61436e-13	2.61436e-13	2.20142e-13
1.89232e+12	1.13893e-13	2.6812e-13	2.6812e-13	2.24911e-13
1.91289e+12	1.16662e-13	2.74967e-13	2.74967e-13	2.29785e-13
1.93346e+12	1.19498e-13	2.81982e-13	2.81982e-13	2.34759e-13
1.95402e+12	1.22406e-13	2.89184e-13	2.89184e-13	2.39838e-13
1.97459e+12	1.254e-13	2.96607e-13	2.96607e-13	2.4504e-13
1.99516e+12	1.28498e-13	3.04299e-13	3.04299e-13	2.50393e-13
2.01573e+12	1.31725e-13	3.12322e-13	3.12322e-13	2.55939e-13
2.0363e+12	1.35111e-13	3.2075e-13	3.2075e-13	2.6173e-13
2.05687e+12	1.38689e-13	3.29664e-13	3.29664e-13	2.67823e-13
2.07744e+12	1.42494e-13	3.39149e-13	3.39149e-13	2.74283e-13
2.098e+12	1.46562e-13	3.49286e-13	3.49286e-13	2.81173e-13
2.11857e+12	1.50926e-13	3.60156e-13	3.60156e-13	2.88555e-13
2.13914e+12	1.55617e-13	3.71825e-13	3.71825e-13	2.96484e-13
2.15971e+12	1.60658e-13	3.84351e-13	3.84351e-13	3.05004e-13
2.18028e+12	1.66069e-13	3.97772e-13	3.97772e-13	3.1415e-13
2.20085e+12	1.71863e-13	4.12113e-13	4.12113e-13	3.2394e-13
2.22142e+12	1.78044e-13	4.27381e-13	4.27381e-13	3.34379e-13
2.24199e+12	1.8461e-13	4.43563e-13	4.43563e-13	3.45455e-13
2.26255e+12	1.91551e-13	4.60632e-13	4.60632e-13	3.57142e-13
2.28312e+12	1.98853e-13	4.78547e-13	4.78547e-13	3.694e-13
2.30369e+12	2.06495e-13	4.97253e-13	4.97253e-13	3.82178e-13
2.32426e+12	2.14448e-13	5.16682e-13	5.16682e-13	3.95413e-13
2.34483e+12	2.22684e-13	5.36758e-13	5.36758e-13	4.09033e-13
2.3654e+12	2.31168e-13	5.57399e-13	5.57399e-13	4.22959e-13
2.38597e+12	2.39862e-13	5.78514e-13	5.78514e-13	4.37109e-13
2.40653e+12	2.48727e-13	6.00008e-13	6.00008e-13	4.51396e-13
2.4271e+12	2.57721e-13	6.21785e-13	6.21785e-13	4.65733e-13
2.44767e+12	2.66802e-13	6.43742e-13	6.43742e-13	4.80033e-13
2.46824e+12	2.75925e-13	6.65777e-13	6.65777e-13	4.94208e-13
2.48881e+12	2.85047e-13	6.87786e-13	6.87786e-13	5.08177e-13
2.50938e+12	2.94122e-13	7.09666e-13	7.09666e-13	5.2186e-13
2.52995e+12	3.03106e-13	7.31314e-13	7.31314e-13	5.3518e-13
2.55052e+12	3.11955e-13	7.52627e-13	7.52627e-13	5.48066e-13
2.57108e+12	3.20626e-13	7.73507e-13	7.73507e-13	5.60453e-13
2.59165e+12	3.29077e-13	7.93858e-13	7.93858e-13	5.72281e-13
2.61222e+12	3.3727e-13	8.13588e-13	8.13588e-13	5.83495e-13
2.63279e+12	3.45167e-13	8.32613e-13	8.32613e-13	5.94045e-13
2.65336e+12	3.52734e-13	8.50855e-13	8.50855e-13	6.03891e-13
2.67393e+12	3.59943e-13	8.68246e-13	8.68246e-13	6.12997e-13
2.6945e+12	3.66767e-13	8.84729e-13	8.84729e-13	6.21337e-13
2.71507e+12	3.73188e-13	9.00261e-13	9.00261e-13	6.28892e-13
2.73563e+12	3.79192e-13	9.14813e-13	9.14813e-13	6.35654e-13
2.7562e+12	3.84775e-13	9.28376e-13	9.28376e-13	6.41627e-13
2.77677e+12	3.89939e-13	9.40956e-13	9.40956e-13	6.46823e-13
2.79734e+12	3.94694e-13	9.52582e-13	9.52582e-13	6.51271e-13
2.81791e+12	3.99061e-13	9.63304e-13	9.63304e-13	6.5501e-13
2.83848e+12	4.03069e-13	9.73193e-13	9.73193e-13	6.58094e-13
2.85905e+12	4.06756e-13	9.82339e-13	9.82339e-13	6.60588e-13
2.87961e+12	4.10167e-13	9.90851e-13	9.90851e-13	6.62569e-13
2.90018e+12	4.13355e-13	9.98855e-13	9.98855e-13	6.64124e-13
2.92075e+12	4.16378e-13	1.00649e-12	1.00649e-12	6.6535e-13
2.94132e+12	4.19298e-13	1.0139e-12	1.0139e-12	6.66346e-13
2.96189e+12	4.22179e-13	1.02124e-12	1.02124e-12	6.67217e-13
2.98246e+12	4.25084e-13	1.02866e-12	1.02866e-12	6.68067e-13
3.00303e+12	4.28074e-13	1.0363e-12	1.0363e-12	6.68996e-13
3.0236e+12	4.31207e-13	1.0443e-12	1.0443e-12	6.701e-13
3.04416e+12	4.34533e-13	1.05277e-12	1.05277e-12	6.71465e-13
3.06473e+12	4.38092e-13	1.06183e-12	1.06183e-12	6.73168e-13
3.0853e+12	4.41918e-13	1.07155e-12	1.07155e-12	6.75271e-13
3.10587e+12	4.46033e-13	1.08199e-12	1.08199e-12	6.77824e-13
3.12644e+12	4.50446e-13	1.09317e-12	1.09317e-12	6.80859e-13
3.14701e+12	4.55155e-13	1.10511e-12	1.10511e-12	6.84393e-13
3.16758e+12	4.60148e-13	1.11776e-12	1.11776e-12	6.88425e-13
3.18814e+12	4.65399e-13	1.13109e-12	1.13109e-12	6.92937e-13
3.20871e+12	4.70873e-13	1.14501e-12	1.14501e-12	6.97897e-13
3.22928e+12	4.76528e-13	1.15944e-12	1.15944e-12	7.03257e-13
3.24985e+12	4.8231e-13	1.17427e-12	1.17427e-12	7.08956e-13
3.27042e+12	4.88162e-13	1.18935e-12	1.18935e-12	7.14924e-13
3.29099e+12	4.94021e-13	1.20457e-12	1.20457e-12	7.21087e-13
3.31156e+12	4.99822e-13	1.21978e-12	1.21978e-12	7.27364e-13
3.33213e+12	5.05497e-13	1.23484e-12	1.23484e-12	7.33681e-13
3.35269e+12	5.10981e-13	1.24963e-12	1.24963e-12	7.3997e-13
3.37326e+12	5.16209e-13	1.26402e-12	1.26402e-12	7.46173e-13
3.39383e+12	5.21119e-13	1.2779e-12	1.2779e-12	7.52254e-13
3.4144e+12	5.25651e-13	1.29119e-12	1.29119e-12	7.58193e-13
3.43497e+12	5.29752e-13	1.30382e-12	1.30382e-12	7.63999e-13
3.45554e+12	5.33373e-13	1.31575e-12	1.31575e-12	7.69706e-13
3.47611e+12	5.36467e-13	1.32695e-12	1.32695e-12	7.75376e-13
3.49667e+12	5.38998e-13	1.33741e-12	1.33741e-12	7.81096e-13
3.51724e+12	5.40929e-13	1.34716e-12	1.34716e-12	7.8698e-13
3.53781e+12	5.42233e-13	1.35622e-12	1.35622e-12	7.93157e-13
3.55838e+12	5.42886e-13	1.36464e-12	1.36464e-12	7.99772e-13
3.57895e+12	5.42869e-13	1.37246e-12	1.37246e-12	8.06972e-13
3.59952e+12	5.42169e-13	1.37973e-12	1.37973e-12	8.14903e-13
3.62009e+12	5.40776e-13	1.38649e-12	1.38649e-12	8.23694e-13
3.64066e+12	5.38688e-13	1.39279e-12	1.39279e-12	8.33454e-13
3.66122e+12	5.35905e-13	1.39863e-12	1.39863e-12	8.44257e-13
3.68179e+12	5.32434e-13	1.40403e-12	1.40403e-12	8.5614e-13
3.70236e+12	5.28287e-13	1.40896e-12	1.40896e-12	8.69094e-13
3.72293e+12	5.23485e-13	1.41339e-12	1.41339e-12	8.83065e-13
3.7435e+12	5.18051e-13	1.41729e-12	1.41729e-12	8.97946e-13
3.76407e+12	5.12021e-13	1.42057e-12	1.42057e-12	9.1359e-13
3.78464e+12	5.05436e-13	1.42319e-12	1.42319e-12	9.29809e-13
3.8052e+12	4.98349e-13	1.42509e-12	1.42509e-12	9.46384e-13
3.82577e+12	4.90822e-13	1.42621e-12	1.42621e-12	9.63081e-13
3.84634e+12	4.82931e-13	1.42654e-12	1.42654e-12	9.7966e-13
3.86691e+12	4.74762e-13	1.4261e-12	1.4261e-12	9.9589e-13
3.88748e+12	4.66413e-13	1.42494e-12	1.42494e-12	1.01157e-12
3.90805e+12	4.57994e-13	1.42318e-12	1.42318e-12	1.02652e-12
3.92862e+12	4.49626e-13	1.42097e-12	1.42097e-12	1.04064e-12
3.94919e+12	4.41438e-13	1.41854e-12	1.41854e-12	1.05386e-12
3.96975e+12	4.33564e-13	1.41618e-12	1.41618e-12	1.06619e-12
3.99032e+12	4.26142e-13	1.4142e-12	1.4142e-12	1.0777e-12
4.01089e+12	4.19307e-13	1.41296e-12	1.41296e-12	1.08853e-12
4.03146e+12	4.13188e-13	1.41285e-12	1.41285e-12	1.09885e-12
4.05203e+12	4.07901e-13	1.41425e-12	1.41425e-12	1.1089e-12
4.0726e+12	4.03547e-13	1.41754e-12	1.41754e-12	1.11893e-12
4.09317e+12	4.00205e-13	1.42304e-12	1.42304e-12	1.1292e-12
4.11373e+12	3.97925e-13	1.43102e-12	1.43102e-12	1.13993e-12
4.1343e+12	3.9673e-13	1.44166e-12	1.44166e-12	1.15136e-12
4.15487e+12	3.96607e-13	1.45505e-12	1.45505e-12	1.16363e-12
4.17544e+12	3.97509e-13	1.47116e-12	1.47116e-12	1.17684e-12
4.19601e+12	3.99354e-13	1.48984e-12	1.48984e-12	1.19099e-12
4.21658e+12	4.02025e-13	1.51081e-12	1.51081e-12	1.206e-12
4.23715e+12	4.05373e-13	1.53367e-12	1.53367e-12	1.22171e-12
4.25772e+12	4.09225e-13	1.55791e-12	1.55791e-12	1.23786e-12
4.27828e+12	4.13382e-13	1.58292e-12	1.58292e-12	1.25409e-12
4.29885e+12	4.17632e-13	1.60801e-12	1.60801e-12	1.26999e-12
4.31942e+12	4.21755e-13	1.63244e-12	1.63244e-12	1.28511e-12
4.33999e+12	4.2553e-13	1.65543e-12	1.65543e-12	1.29895e-12
4.36056e+12	4.28742e-13	1.67624e-12	1.67624e-12	1.31099e-12
4.38113e+12	4.31194e-13	1.69413e-12	1.69413e-12	1.32074e-12
4.4017e+12	4.32708e-13	1.70845e-12	1.70845e-12	1.32775e-12
4.42227e+12	4.33135e-13	1.71863e-12	1.71863e-12	1.33162e-12
4.44283e+12	4.3236e-13	1.72422e-12	1.72422e-12	1.33203e-12
4.4634e+12	4.30302e-13	1.7249e-12	1.7249e-12	1.32876e-12
4.48397e+12	4.26922e-13	1.72051e-12	1.72051e-12	1.32168e-12
4.50454e+12	4.22219e-13	1.71105e-12	1.71105e-12	1.31081e-12
4.52511e+12	4.16233e-13	1.69667e-12	1.69667e-12	1.29625e-12
4.54568e+12	4.09041e-13	1.67768e-12	1.67768e-12	1.27825e-12
4.56625e+12	4.00756e-13	1.65454e-12	1.65454e-12	1.25714e-12
4.58681e+12	3.91521e-13	1.62784e-12	1.62784e-12	1.23336e-12
4.60738e+12	3.81506e-13	1.5983e-12	1.5983e-12	1.20744e-12
4.62795e+12	3.70901e-13	1.5667e-12	1.5667e-12	1.17994e-12
4.64852e+12	3.59912e-13	1.53393e-12	1.53393e-12	1.15148e-12
4.66909e+12	3.48752e-13	1.50087e-12	1.50087e-12	1.1227e-12
4.68966e+12	3.37637e-13	1.46844e-12	1.46844e-12	1.09422e-12
4.71023e+12	3.2678e-13	1.43754e-12	1.43754e-12	1.06664e-12
4.7308e+12	3.1638e-13	1.40901e-12	1.40901e-12	1.0405e-12
4.75136e+12	3.06627e-13	1.38365e-12	1.38365e-12	1.0163e-12
4.77193e+12	2.97685e-13	1.36213e-12	1.36213e-12	9.94423e-13
4.7925e+12	2.89697e-13	1.34505e-12	1.34505e-12	9.752e-13
4.81307e+12	2.82778e-13	1.33288e-12	1.33288e-12	9.58847e-13
4.83364e+12	2.77011e-13	1.32594e-12	1.32594e-12	9.45488e-13
4.85421e+12	2.72447e-13	1.32442e-12	1.32442e-12	9.35155e-13
4.87478e+12	2.69107e-13	1.3284e-12	1.3284e-12	9.27788e-13
4.89534e+12	2.66975e-13	1.33778e-12	1.33778e-12	9.23248e-13
4.91591e+12	2.66006e-13	1.35236e-12	1.35236e-12	9.2132e-13
4.93648e+12	2.66124e-13	1.3718e-12	1.3718e-12	9.21731e-13
4.95705e+12	2.67225e-13	1.39565e-12	1.39565e-12	9.24152e-13
4.97762e+12	2.69182e-13	1.42336e-12	1.42336e-12	9.28216e-13
4.99819e+12	2.71845e-13	1.45429e-12	1.45429e-12	9.33524e-13
5.01876e+12	2.7505e-13	1.48776e-12	1.48776e-12	9.39659e-13
5.03933e+12	2.78624e-13	1.52302e-12	1.52302e-12	9.46197e-13
5.05989e+12	2.82386e-13	1.55931e-12	1.55931e-12	9.5271e-13
5.08046e+12	2.86155e-13	1.59587e-12	1.59587e-12	9.58786e-13
5.10103e+12	2.89757e-13	1.63199e-12	1.63199e-12	9.64032e-13
5.1216e+12	2.93029e-13	1.66699e-12	1.66699e-12	9.68086e-13
5.14217e+12	2.95824e-13	1.7003e-12	1.7003e-12	9.70629e-13
5.16274e+12	2.98016e-13	1.73144e-12	1.73144e-12	9.71391e-13
5.18331e+12	2.99501e-13	1.76008e-12	1.76008e-12	9.70162e-13
5.20387e+12	3.00204e-13	1.78603e-12	1.78603e-12	9.66798e-13
5.22444e+12	3.0008e-13	1.80928e-12	1.80928e-12	9.61228e-13
5.24501e+12	2.9911e-13	1.82998e-12	1.82998e-12	9.53456e-13
5.26558e+12	2.97305e-13	1.84846e-12	1.84846e-12	9.4356e-13
5.28615e+12	2.94702e-13	1.86523e-12	1.86523e-12	9.31691e-13
5.30672e+12	2.91362e-13	1.88094e-12	1.88094e-12	9.18065e-13
5.32729e+12	2.87366e-13	1.89638e-12	1.89638e-12	9.02953e-13
5.34786e+12	2.82808e-13	1.91242e-12	1.91242e-12	8.8667e-13
5.36842e+12	2.77794e-13	1.93003e-12	1.93003e-12	8.69558e-13
5.38899e+12	2.72432e-13	1.95017e-12	1.95017e-12	8.51971e-13
5.40956e+12	2.66834e-13	1.97383e-12	1.97383e-12	8.3426e-13
5.43013e+12	2.61102e-13	2.0019e-12	2.0019e-12	8.16752e-13
5.4507e+12	2.55331e-13	2.03518e-12	2.03518e-12	7.9974e-13
5.47127e+12	2.49603e-13	2.07432e-12	2.07432e-12	7.83466e-13
5.49184e+12	2.43982e-13	2.1198e-12	2.1198e-12	7.68114e-13
5.5124e+12	2.38517e-13	2.17187e-12	2.17187e-12	7.53802e-13
5.53297e+12	2.33237e-13	2.23053e-12	2.23053e-12	7.40579e-13
5.55354e+12	2.28155e-13	2.29555e-12	2.29555e-12	7.28424e-13
5.57411e+12	2.23263e-13	2.36637e-12	2.36637e-12	7.17251e-13
5.59468e+12	2.18543e-13	2.44221e-12	2.44221e-12	7.06914e-13
5.61525e+12	2.13958e-13	2.52198e-12	2.52198e-12	6.97218e-13
5.63582e+12	2.09466e-13	2.60436e-12	2.60436e-12	6.8793e-13
5.65639e+12	2.05013e-13	2.6878e-12	2.6878e-12	6.78788e-13
5.67695e+12	2.00543e-13	2.77053e-12	2.77053e-12	6.69516e-13
5.69752e+12	1.95999e-13	2.85068e-12	2.85068e-12	6.59837e-13
5.71809e+12	1.91326e-13	2.92625e-12	2.92625e-12	6.49486e-13
5.73866e+12	1.86472e-13	2.9952e-12	2.9952e-12	6.38218e-13
5.75923e+12	1.81392e-13	3.05551e-12	3.05551e-12	6.25823e-13
5.7798e+12	1.76053e-13	3.10525e-12	3.10525e-12	6.12135e-13
5.80037e+12	1.70428e-13	3.14264e-12	3.14264e-12	5.97035e-13
5.82093e+12	1.64506e-13	3.16609e-12	3.16609e-12	5.8046e-13
5.8415e+12	1.58286e-13	3.17429e-12	3.17429e-12	5.6241e-13
5.86207e+12	1.51779e-13	3.16622e-12	3.16622e-12	5.42945e-13
5.88264e+12	1.45011e-13	3.14121e-12	3.14121e-12	5.22191e-13
5.90321e+12	1.38018e-13	3.09897e-12	3.09897e-12	5.00335e-13
5.92378e+12	1.30848e-13	3.0396e-12	3.0396e-12	4.7763e-13
5.94435e+12	1.23559e-13	2.96357e-12	2.96357e-12	4.54386e-13
5.96492e+12	1.16219e-13	2.87173e-12	2.87173e-12	4.30969e-13
5.98548e+12	1.08902e-13	2.7653e-12	2.7653e-12	4.07797e-13
6.00605e+12	1.01691e-13	2.64578e-12	2.64578e-12	3.85335e-13
6.02662e+12	9.46734e-14	2.51495e-12	2.51495e-12	3.64089e-13
6.04719e+12	8.79397e-14	2.3748e-12	2.3748e-12	3.44598e-13
6.06776e+12	8.15851e-14	2.22745e-12	2.22745e-12	3.27434e-13
6.08833e+12	7.57068e-14	2.07513e-12	2.07513e-12	3.13189e-13
6.1089e+12	7.04032e-14	1.92008e-12	1.92008e-12	3.02471e-13
6.12947e+12	6.5774e-14	1.76449e-12	1.76449e-12	2.95899e-13
6.15003e+12	6.19189e-14	1.61048e-12	1.61048e-12	2.94093e-13
6.1706e+12	5.89378e-14	1.46e-12	1.46e-12	2.97669e-13
6.19117e+12	5.69299e-14	1.31483e-12	1.31483e-12	3.07229e-13
6.21174e+12	5.59936e-14	1.17653e-12	1.17653e-12	3.23354e-13
6.23231e+12	5.62257e-14	1.0464e-12	1.0464e-12	3.46597e-13
6.25288e+12	5.77213e-14	9.25513e-13	9.25513e-13	3.77469e-13
6.27345e+12	6.05722e-14	8.14653e-13	8.14653e-13	4.16434e-13
6.29401e+12	6.48666e-14	7.14372e-13	7.14372e-13	4.639e-13
6.31458e+12	7.06873e-14	6.24972e-13	6.24972e-13	5.20202e-13
6.33515e+12	7.811e-14	5.46536e-13	5.46536e-13	5.85601e-13
6.35572e+12	8.72014e-14	4.7895e-13	4.7895e-13	6.60266e-13
6.37629e+12	9.80162e-14	4.21929e-13	4.21929e-13	7.44267e-13
6.39686e+12	1.10595e-13	3.75047e-13	3.75047e-13	8.37568e-13
6.41743e+12	1.2496e-13	3.37766e-13	3.37766e-13	9.40013e-13
6.438e+12	1.41114e-13	3.09465e-13	3.09465e-13	1.05132e-12
6.45856e+12	1.59032e-13	2.89465e-13	2.89465e-13	1.17108e-12
6.47913e+12	1.78665e-13	2.77055e-13	2.77055e-13	1.29875e-12
6.4997e+12	1.9993e-13	2.7151e-13	2.7151e-13	1.43363e-12
6.52027e+12	2.22712e-13	2.72107e-13	2.72107e-13	1.5749e-12
6.54084e+12	2.4686e-13	2.78143e-13	2.78143e-13	1.7216e-12
6.56141e+12	2.72188e-13	2.88937e-13	2.88937e-13	1.87263e-12
6.58198e+12	2.98475e-13	3.03848e-13	3.03848e-13	2.0268e-12
6.60254e+12	3.25465e-13	3.22269e-13	3.22269e-13	2.18279e-12
6.62311e+12	3.52873e-13	3.43638e-13	3.43638e-13	2.33921e-12
6.64368e+12	3.80392e-13	3.67436e-13	3.67436e-13	2.49463e-12
6.66425e+12	4.07694e-13	3.93188e-13	3.93188e-13	2.64756e-12
6.68482e+12	4.34444e-13	4.20466e-13	4.20466e-13	2.79656e-12
6.70539e+12	4.60308e-13	4.48886e-13	4.48886e-13	2.9402e-12
6.72596e+12	4.84959e-13	4.78114e-13	4.78114e-13	3.07716e-12
6.74653e+12	5.08095e-13	5.0786e-13	5.0786e-13	3.20623e-12
6.76709e+12	5.29443e-13	5.37884e-13	5.37884e-13	3.32637e-12
6.78766e+12	5.48773e-13	5.67996e-13	5.67996e-13	3.43674e-12
6.80823e+12	5.65904e-13	5.98055e-13	5.98055e-13	3.53673e-12
6.8288e+12	5.80712e-13	6.27971e-13	6.27971e-13	3.62597e-12
6.84937e+12	5.93133e-13	6.577e-13	6.577e-13	3.70438e-12
6.86994e+12	6.03165e-13	6.87251e-13	6.87251e-13	3.77215e-12
6.89051e+12	6.1087e-13	7.16672e-13	7.16672e-13	3.82974e-12
6.91107e+12	6.16364e-13	7.46053e-13	7.46053e-13	3.87786e-12
6.93164e+12	6.19816e-13	7.75517e-13	7.75517e-13	3.91747e-12
6.95221e+12	6.21436e-13	8.05212e-13	8.05212e-13	3.94969e-12
6.97278e+12	6.21462e-13	8.35306e-13	8.35306e-13	3.9758e-12
6.99335e+12	6.20152e-13	8.65969e-13	8.65969e-13	3.99719e-12
7.01392e+12	6.17768e-13	8.97374e-13	8.97374e-13	4.01527e-12
7.03449e+12	6.14561e-13	9.29675e-13	9.29675e-13	4.03141e-12
7.05506e+12	6.10761e-13	9.63007e-13	9.63007e-13	4.04691e-12
7.07562e+12	6.06568e-13	9.97471e-13	9.97471e-13	4.06296e-12
7.09619e+12	6.02138e-13	1.03313e-12	1.03313e-12	4.08054e-12
7.11676e+12	5.9758e-13	1.06999e-12	1.06999e-12	4.10041e-12
7.13733e+12	5.92951e-13	1.10803e-12	1.10803e-12	4.12311e-12
7.1579e+12	5.8826e-13	1.14715e-12	1.14715e-12	4.1489e-12
7.17847e+12	5.83466e-13	1.18721e-12	1.18721e-12	4.17778e-12
7.19904e+12	5.78485e-13	1.22802e-12	1.22802e-12	4.20953e-12
7.2196e+12	5.73196e-13	1.26932e-12	1.26932e-12	4.24363e-12
7.24017e+12	5.67456e-13	1.31081e-12	1.31081e-12	4.27941e-12
7.26074e+12	5.61104e-13	1.35216e-12	1.35216e-12	4.31598e-12
7.28131e+12	5.53975e-13	1.39296e-12	1.39296e-12	4.35231e-12
7.30188e+12	5.45909e-13	1.43281e-12	1.43281e-12	4.38724e-12
7.32245e+12	5.36764e-13	1.47124e-12	1.47124e-12	4.41955e-12
7.34302e+12	5.26419e-13	1.50774e-12	1.50774e-12	4.44795e-12
7.36359e+12	5.14787e-13	1.54181e-12	1.54181e-12	4.47111e-12
7.38415e+12	5.01812e-13	1.57289e-12	1.57289e-12	4.48774e-12
7.40472e+12	4.87481e-13	1.60043e-12	1.60043e-12	4.49652e-12
7.42529e+12	4.71815e-13	1.62386e-12	1.62386e-12	4.49622e-12
7.44586e+12	4.54875e-13	1.64262e-12	1.64262e-12	4.48565e-12
7.46643e+12	4.36756e-13	1.65615e-12	1.65615e-12	4.46372e-12
7.487e+12	4.17581e-13	1.66392e-12	1.66392e-12	4.42944e-12
7.50757e+12	3.97502e-13	1.66547e-12	1.66547e-12	4.38197e-12
7.52813e+12	3.76687e-13	1.66036e-12	1.66036e-12	4.32062e-12
7.5487e+12	3.5532e-13	1.64826e-12	1.64826e-12	4.24489e-12
7.56927e+12	3.33593e-13	1.62892e-12	1.62892e-12	4.15451e-12
7.58984e+12	3.11698e-13	1.60222e-12	1.60222e-12	4.04945e-12
7.61041e+12	2.89828e-13	1.56816e-12	1.56816e-12	3.92994e-12
7.63098e+12	2.68165e-13	1.52687e-12	1.52687e-12	3.79647e-12
7.65155e+12	2.46882e-13	1.47864e-12	1.47864e-12	3.64986e-12
7.67212e+12	2.26139e-13	1.42389e-12	1.42389e-12	3.49117e-12
7.69268e+12	2.06077e-13	1.36319e-12	1.36319e-12	3.32174e-12
7.71325e+12	1.86819e-13	1.29723e-12	1.29723e-12	3.14316e-12
7.73382e+12	1.68469e-13	1.22682e-12	1.22682e-12	2.95723e-12
7.75439e+12	1.51112e-13	1.15286e-12	1.15286e-12	2.7659e-12
7.77496e+12	1.3481e-13	1.0763e-12	1.0763e-12	2.57124e-12
7.79553e+12	1.19609e-13	9.98134e-13	9.98134e-13	2.37537e-12
7.8161e+12	1.05533e-13	9.19367e-13	9.19367e-13	2.18039e-12
7.83667e+12	9.25903e-14	8.40974e-13	8.40974e-13	1.98835e-12
7.85723e+12	8.0772e-14	7.6388e-13	7.6388e-13	1.80115e-12
7.8778e+12	7.00555e-14	6.88933e-13	6.88933e-13	1.62053e-12
7.89837e+12	6.04053e-14	6.16888e-13	6.16888e-13	1.44802e-12
7.91894e+12	5.17758e-14	5.48382e-13	5.48382e-13	1.28487e-12
7.93951e+12	4.41126e-14	4.83934e-13	4.83934e-13	1.1321e-12
7.96008e+12	3.7355e-14	4.23932e-13	4.23932e-13	9.90435e-13
7.98065e+12	3.14377e-14	3.68638e-13	3.68638e-13	8.60315e-13
8.00121e+12	2.62925e-14	3.18193e-13	3.18193e-13	7.41933e-13
8.02178e+12	2.18503e-14	2.72622e-13	2.72622e-13	6.35239e-13
8.04235e+12	1.80423e-14	2.31853e-13	2.31853e-13	5.39966e-13
8.06292e+12	1.48013e-14	1.95726e-13	1.95726e-13	4.55669e-13
8.08349e+12	1.20626e-14	1.64012e-13	1.64012e-13	3.81757e-13
8.10406e+12	9.76525e-15	1.36427e-13	1.36427e-13	3.17527e-13
8.12463e+12	7.85212e-15	1.12652e-13	1.12652e-13	2.62203e-13
8.1452e+12	6.2707e-15	9.23417e-14	9.23417e-14	2.14963e-13
8.16576e+12	4.97316e-15	7.51445e-14	7.51445e-14	1.74972e-13
8.18633e+12	3.91653e-15	6.07087e-14	6.07087e-14	1.41404e-13
8.2069e+12	3.06257e-15	4.86939e-14	4.86939e-14	1.13463e-13
8.22747e+12	2.37766e-15	3.87778e-14	3.87778e-14	9.03968e-14
8.24804e+12	1.83257e-15	3.06612e-14	3.06612e-14	7.15106e-14
8.26861e+12	1.40212e-15	2.40717e-14	2.40717e-14	5.6171e-14
8.28918e+12	1.06485e-15	1.87648e-14	1.87648e-14	4.3811e-14
8.30974e+12	8.02682e-16	1.45247e-14	1.45247e-14	3.39301e-14
8.33031e+12	6.00509e-16	1.11635e-14	1.11635e-14	2.60926e-14
8.35088e+12	4.45852e-16	8.51969e-15	8.51969e-15	1.9924e-14
8.37145e+12	3.28498e-16	6.45609e-15	6.45609e-15	1.51061e-14
8.39202e+12	2.40173e-16	4.85768e-15	4.85768e-15	1.13719e-14
8.41259e+12	1.74242e-16	3.629e-15	3.629e-15	8.49965e-15
8.43316e+12	1.25436e-16	2.69169e-15	2.69169e-15	6.30718e-15
8.45373e+12	8.96102e-17	1.98206e-15	1.98206e-15	4.64632e-15
8.47429e+12	6.35432e-17	1.44889e-15	1.44889e-15	3.39777e-15
8.49486e+12	4.47545e-17	1.05136e-15	1.05136e-15	2.46635e-15
8.51543e+12	3.13586e-17	7.57217e-16	7.57217e-16	1.77687e-15
8.536e+12	2.19439e-17	5.41263e-16	5.41263e-16	1.27045e-15
8.55657e+12	1.54751e-17	3.83949e-16	3.83949e-16	9.01408e-16
8.57714e+12	1.12193e-17	2.70256e-16	2.70256e-16	6.34609e-16
8.59771e+12	8.69209e-18	1.88747e-16	1.88747e-16	4.43286e-16
8.61827e+12	7.62403e-18	1.30789e-16	1.30789e-16	3.07218e-16
8.63884e+12	7.94653e-18	8.9925e-17	8.9925e-17	2.11269e-16
8.65941e+12	9.79918e-18	6.1368e-17	6.1368e-17	1.44218e-16
8.67998e+12	1.35602e-17	4.16051e-17	4.16051e-17	9.78227e-17
8.70055e+12	1.99045e-17	2.80846e-17	2.80846e-17	6.60971e-17
8.72112e+12	2.98949e-17	1.89769e-17	1.89769e-17	4.4745e-17
8.74169e+12	4.51144e-17	1.2991e-17	1.2991e-17	3.07329e-17
8.76226e+12	6.785e-17	9.23865e-18	9.23865e-18	2.19675e-17
8.78282e+12	1.0134e-16	7.13499e-18	7.13499e-18	1.70597e-17
8.80339e+12	1.501e-16	6.32907e-18	6.32907e-18	1.51549e-17
8.82396e+12	2.20343e-16	6.65889e-18	6.65889e-18	1.58182e-17
8.84453e+12	3.2052e-16	8.12669e-18	8.12669e-18	1.89608e-17
8.8651e+12	4.6199e-16	1.08921e-17	1.08921e-17	2.48022e-17
8.88567e+12	6.5985e-16	1.52817e-17	1.52817e-17	3.38597e-17
8.90624e+12	9.3395e-16	2.18148e-17	2.18148e-17	4.69615e-17
8.9268e+12	1.3101e-15	3.12463e-17	3.12463e-17	6.52806e-17
8.94737e+12	1.82152e-15	4.46284e-17	4.46284e-17	9.03866e-17
8.96794e+12	2.51047e-15	6.33942e-17	6.33942e-17	1.24313e-16
8.98851e+12	3.43022e-15	8.9466e-17	8.9466e-17	1.69639e-16
9.00908e+12	4.64716e-15	1.25394e-16	1.25394e-16	2.29586e-16
9.02965e+12	6.24329e-15	1.7453e-16	1.7453e-16	3.08118e-16
9.05022e+12	8.3188e-15	2.41246e-16	2.41246e-16	4.10061e-16
9.07079e+12	1.09951e-14	3.31193e-16	3.31193e-16	5.41221e-16
9.09135e+12	1.44177e-14	4.51627e-16	4.51627e-16	7.08501e-16
9.11192e+12	1.87598e-14	6.11793e-16	6.11793e-16	9.2003e-16
9.13249e+12	2.42257e-14	8.23381e-16	8.23381e-16	1.18527e-15
9.15306e+12	3.10542e-14	1.10106e-15	1.10106e-15	1.51513e-15
9.17363e+12	3.95228e-14	1.4631e-15	1.4631e-15	1.92205e-15
9.1942e+12	4.99512e-14	1.93207e-15	1.93207e-15	2.42008e-15
9.21477e+12	6.27051e-14	2.53562e-15	2.53562e-15	3.02492e-15
9.23533e+12	7.82006e-14	3.30736e-15	3.30736e-15	3.75395e-15
9.2559e+12	9.69075e-14	4.28778e-15	4.28778e-15	4.6262e-15
9.27647e+12	1.19353e-13	5.52515e-15	5.52515e-15	5.66233e-15
9.29704e+12	1.46124e-13	7.07654e-15	7.07654e-15	6.88449e-15
9.31761e+12	1.77872e-13	9.00866e-15	9.00866e-15	8.3162e-15
9.33818e+12	2.15311e-13	1.13987e-14	1.13987e-14	9.98216e-15
9.35875e+12	2.59218e-13	1.43347e-14	1.43347e-14	1.19079e-14
9.37932e+12	3.10431e-13	1.79162e-14	1.79162e-14	1.41196e-14
9.39988e+12	3.69844e-13	2.22537e-14	2.22537e-14	1.66435e-14
9.42045e+12	4.38396e-13	2.74684e-14	2.74684e-14	1.95052e-14
9.44102e+12	5.17059e-13	3.36909e-14	3.36909e-14	2.27296e-14
9.46159e+12	6.06819e-13	4.10593e-14	4.10593e-14	2.63396e-14
9.48216e+12	7.08652e-13	4.97165e-14	4.97165e-14	3.03553e-14
9.50273e+12	8.23495e-13	5.98073e-14	5.98073e-14	3.47933e-14
9.5233e+12	9.52211e-13	7.14738e-14	7.14738e-14	3.96656e-14
9.54387e+12	1.09555e-12	8.4851e-14	8.4851e-14	4.49781e-14
9.56443e+12	1.25411e-12	1.00062e-13	1.00062e-13	5.07301e-14
9.585e+12	1.42828e-12	1.17211e-13	1.17211e-13	5.69126e-14
9.60557e+12	1.61823e-12	1.3638e-13	1.3638e-13	6.35079e-14
9.62614e+12	1.82383e-12	1.57624e-13	1.57624e-13	7.04886e-14
9.64671e+12	2.04464e-12	1.80965e-13	1.80965e-13	7.78174e-14
9.66728e+12	2.27991e-12	2.06389e-13	2.06389e-13	8.54468e-14
9.68785e+12	2.52853e-12	2.33846e-13	2.33846e-13	9.33198e-14
9.70841e+12	2.78909e-12	2.63252e-13	2.63252e-13	1.01371e-13
9.72898e+12	3.05986e-12	2.94487e-13	2.94487e-13	1.09528e-13
9.74955e+12	3.33886e-12	3.274e-13	3.274e-13	1.17715e-13
9.77012e+12	3.62394e-12	3.61819e-13	3.61819e-13	1.25851e-13
9.79069e+12	3.91282e-12	3.97554e-13	3.97554e-13	1.33861e-13
9.81126e+12	4.20318e-12	4.34408e-13	4.34408e-13	1.41669e-13
9.83183e+12	4.49279e-12	4.72184e-13	4.72184e-13	1.49212e-13
9.8524e+12	4.77953e-12	5.10693e-13	5.10693e-13	1.56435e-13
9.87296e+12	5.06154e-12	5.49764e-13	5.49764e-13	1.63298e-13
9.89353e+12	5.3372e-12	5.89244e-13	5.89244e-13	1.69778e-13
9.9141e+12	5.60524e-12	6.29003e-13	6.29003e-13	1.75868e-13
9.93467e+12	5.86469e-12	6.68933e-13	6.68933e-13	1.81578e-13
9.95524e+12	6.1149e-12	7.08943e-13	7.08943e-13	1.86937e-13
9.97581e+12	6.35546e-12	7.48951e-13	7.48951e-13	1.91986e-13
9.99638e+12	6.58615e-12	7.88878e-13	7.88878e-13	1.9678e-13
1.00169e+13	6.80684e-12	8.28629e-13	8.28629e-13	2.01379e-13
1.00375e+13	7.01737e-12	8.68089e-13	8.68089e-13	2.05847e-13
1.00581e+13	7.21746e-12	9.07102e-13	9.07102e-13	2.10244e-13
1.00787e+13	7.4066e-12	9.45468e-13	9.45468e-13	2.14625e-13
1.00992e+13	7.58397e-12	9.82928e-13	9.82928e-13	2.1903e-13
1.01198e+13	7.74838e-12	1.01917e-12	1.01917e-12	2.23484e-13
1.01404e+13	7.89824e-12	1.0538e-12	1.0538e-12	2.27993e-13
1.01609e+13	8.0316e-12	1.08641e-12	1.08641e-12	2.32538e-13
1.01815e+13	8.14615e-12	1.11649e-12	1.11649e-12	2.37082e-13
1.02021e+13	8.23935e-12	1.14355e-12	1.14355e-12	2.41564e-13
1.02226e+13	8.3085e-12	1.16705e-12	1.16705e-12	2.45902e-13
1.02432e+13	8.35089e-12	1.18647e-12	1.18647e-12	2.49999e-13
1.02638e+13	8.36396e-12	1.20131e-12	1.20131e-12	2.53743e-13
1.02843e+13	8.34541e-12	1.21111e-12	1.21111e-12	2.57015e-13
1.03049e+13	8.29337e-12	1.2155e-12	1.2155e-12	2.5969e-13
1.03255e+13	8.20649e-12	1.21417e-12	1.21417e-12	2.61648e-13
1.0346e+13	8.08405e-12	1.20692e-12	1.20692e-12	2.62771e-13
1.03666e+13	7.92603e-12	1.19366e-12	1.19366e-12	2.62956e-13
1.03872e+13	7.73315e-12	1.17441e-12	1.17441e-12	2.62113e-13
1.04077e+13	7.50683e-12	1.14932e-12	1.14932e-12	2.60172e-13
1.04283e+13	7.24921e-12	1.11864e-12	1.11864e-12	2.57084e-13
1.04489e+13	6.96303e-12	1.08273e-12	1.08273e-12	2.52825e-13
1.04695e+13	6.65161e-12	1.04205e-12	1.04205e-12	2.47394e-13
1.049e+13	6.3187e-12	9.97133e-13	9.97133e-13	2.40817e-13
1.05106e+13	5.96839e-12	9.48582e-13	9.48582e-13	2.33143e-13
1.05312e+13	5.60498e-12	8.97054e-13	8.97054e-13	2.24445e-13
1.05517e+13	5.23286e-12	8.43232e-13	8.43232e-13	2.14819e-13
1.05723e+13	4.8564e-12	7.87816e-13	7.87816e-13	2.04377e-13
1.05929e+13	4.47986e-12	7.31501e-13	7.31501e-13	1.93248e-13
1.06134e+13	4.10726e-12	6.74963e-13	6.74963e-13	1.81575e-13
1.0634e+13	3.7423e-12	6.18845e-13	6.18845e-13	1.69504e-13
1.06546e+13	3.38834e-12	5.63742e-13	5.63742e-13	1.57191e-13
1.06751e+13	3.04831e-12	5.10195e-13	5.10195e-13	1.44788e-13
1.06957e+13	2.72466e-12	4.58677e-13	4.58677e-13	1.32445e-13
1.07163e+13	2.4194e-12	4.09591e-13	4.09591e-13	1.20302e-13
1.07368e+13	2.13404e-12	3.63264e-13	3.63264e-13	1.0849e-13
1.07574e+13	1.86962e-12	3.19948e-13	3.19948e-13	9.71238e-14
1.0778e+13	1.62673e-12	2.79819e-13	2.79819e-13	8.63036e-14
1.07986e+13	1.40555e-12	2.42979e-13	2.42979e-13	7.61106e-14
1.08191e+13	1.20587e-12	2.09465e-13	2.09465e-13	6.66076e-14
1.08397e+13	1.02714e-12	1.7925e-13	1.7925e-13	5.78384e-14
1.08603e+13	8.68548e-13	1.52254e-13	1.52254e-13	4.9828e-14
1.08808e+13	7.2903e-13	1.2835e-13	1.2835e-13	4.25846e-14
1.09014e+13	6.07352e-13	1.07374e-13	1.07374e-13	3.61001e-14
1.0922e+13	5.02153e-13	8.9132e-14	8.9132e-14	3.03528e-14
1.09425e+13	4.11993e-13	7.34108e-14	7.34108e-14	2.53096e-14
1.09631e+13	3.35396e-13	5.99842e-14	5.99842e-14	2.09281e-14
1.09837e+13	2.70895e-13	4.86213e-14	4.86213e-14	1.71592e-14
1.10042e+13	2.1706e-13	3.90922e-14	3.90922e-14	1.39492e-14
1.10248e+13	1.72526e-13	3.11739e-14	3.11739e-14	1.12424e-14
1.10454e+13	1.36015e-13	2.46544e-14	2.46544e-14	8.98234e-15
1.10659e+13	1.06352e-13	1.9336e-14	1.9336e-14	7.114e-15
1.10865e+13	8.24683e-14	1.50374e-14	1.50374e-14	5.58475e-15
1.11071e+13	6.34138e-14	1.15953e-14	1.15953e-14	4.34542e-15
1.11277e+13	4.83506e-14	8.86471e-15	8.86471e-15	3.35098e-15
1.11482e+13	3.65518e-14	6.71876e-15	6.71876e-15	2.56095e-15
1.11688e+13	2.73953e-14	5.04811e-15	5.04811e-15	1.93952e-15
1.11894e+13	2.03551e-14	3.75972e-15	3.75972e-15	1.45556e-15
1.12099e+13	1.49925e-14	2.77551e-15	2.77551e-15	1.0824e-15
1.12305e+13	1.09458e-14	2.0308e-15	2.0308e-15	7.97534e-16
1.12511e+13	7.92087e-15	1.47266e-15	1.47266e-15	5.82227e-16
1.12716e+13	5.68097e-15	1.05835e-15	1.05835e-15	4.21114e-16
1.12922e+13	4.03807e-15	7.53735e-16	7.53735e-16	3.01755e-16
