0	8.16358e-19	8.16358e-19	1.81414e-18	1.81414e-18	1.81414e-18	1.81414e-18	1.76582e-18	1.76582e-18
2.09568e+10	1.28003e-18	1.28003e-18	2.84452e-18	2.84452e-18	2.84452e-18	2.84452e-18	2.76883e-18	2.76883e-18
4.19136e+10	1.98709e-18	1.98709e-18	4.41576e-18	4.41576e-18	4.41576e-18	4.41576e-18	4.29837e-18	4.29837e-18
6.28703e+10	3.05407e-18	3.05407e-18	6.78681e-18	6.78681e-18	6.78681e-18	6.78681e-18	6.60659e-18	6.60659e-18
8.38271e+10	4.64739e-18	4.64739e-18	1.03275e-17	1.03275e-17	1.03275e-17	1.03275e-17	1.00536e-17	1.00536e-17
1.04784e+11	7.00186e-18	7.00186e-18	1.55596e-17	1.55596e-17	1.55596e-17	1.55596e-17	1.51474e-17	1.51474e-17
1.25741e+11	1.04447e-17	1.04447e-17	2.32102e-17	2.32102e-17	2.32102e-17	2.32102e-17	2.25963e-17	2.25963e-17
1.46697e+11	1.54265e-17	1.54265e-17	3.42805e-17	3.42805e-17	3.42805e-17	3.42805e-17	3.33751e-17	3.33751e-17
1.67654e+11	2.25595e-17	2.25595e-17	5.01311e-17	5.01311e-17	5.01311e-17	5.01311e-17	4.88092e-17	4.88092e-17
1.88611e+11	3.26656e-17	3.26656e-17	7.25883e-17	7.25883e-17	7.25883e-17	7.25883e-17	7.06775e-17	7.06775e-17
2.09568e+11	4.68337e-17	4.68337e-17	1.04072e-16	1.04072e-16	1.04072e-16	1.04072e-16	1.01337e-16	1.01337e-16
2.30525e+11	6.64878e-17	6.64878e-17	1.47745e-16	1.47745e-16	1.47745e-16	1.47745e-16	1.43871e-16	1.43871e-16
2.51481e+11	9.3465e-17	9.3465e-17	2.07691e-16	2.07691e-16	2.07691e-16	2.07691e-16	2.02257e-16	2.02257e-16
2.72438e+11	1.30103e-16	1.30103e-16	2.89104e-16	2.89104e-16	2.89104e-16	2.89104e-16	2.81559e-16	2.81559e-16
2.93395e+11	1.79338e-16	1.79338e-16	3.98504e-16	3.98504e-16	3.98504e-16	3.98504e-16	3.88132e-16	3.88132e-16
3.14352e+11	2.44798e-16	2.44798e-16	5.43959e-16	5.43959e-16	5.43959e-16	5.43959e-16	5.29839e-16	5.29839e-16
3.35308e+11	3.3091e-16	3.3091e-16	7.35298e-16	7.35298e-16	7.35298e-16	7.35298e-16	7.1627e-16	7.1627e-16
3.56265e+11	4.42983e-16	4.42983e-16	9.84322e-16	9.84322e-16	9.84322e-16	9.84322e-16	9.58933e-16	9.58933e-16
3.77222e+11	5.87293e-16	5.87293e-16	1.30497e-15	1.30497e-15	1.30497e-15	1.30497e-15	1.27143e-15	1.27143e-15
3.98179e+11	7.71127e-16	7.71127e-16	1.71343e-15	1.71343e-15	1.71343e-15	1.71343e-15	1.66956e-15	1.66956e-15
4.19136e+11	1.0028e-15	1.0028e-15	2.22818e-15	2.22818e-15	2.22818e-15	2.22818e-15	2.17136e-15	2.17136e-15
4.40092e+11	1.29162e-15	1.29162e-15	2.8699e-15	2.8699e-15	2.8699e-15	2.8699e-15	2.79703e-15	2.79703e-15
4.61049e+11	1.64781e-15	1.64781e-15	3.66126e-15	3.66126e-15	3.66126e-15	3.66126e-15	3.56873e-15	3.56873e-15
4.82006e+11	2.08229e-15	2.08229e-15	4.62658e-15	4.62658e-15	4.62658e-15	4.62658e-15	4.51024e-15	4.51024e-15
5.02963e+11	2.60652e-15	2.60652e-15	5.79124e-15	5.79124e-15	5.79124e-15	5.79124e-15	5.64641e-15	5.64641e-15
5.23919e+11	3.23207e-15	3.23207e-15	7.181e-15	7.181e-15	7.181e-15	7.181e-15	7.00244e-15	7.00244e-15
5.44876e+11	3.97029e-15	3.97029e-15	8.82102e-15	8.82102e-15	8.82102e-15	8.82102e-15	8.60303e-15	8.60303e-15
5.65833e+11	4.83174e-15	4.83174e-15	1.07348e-14	1.07348e-14	1.07348e-14	1.07348e-14	1.04712e-14	1.04712e-14
5.8679e+11	5.82569e-15	5.82569e-15	1.29428e-14	1.29428e-14	1.29428e-14	1.29428e-14	1.26273e-14	1.26273e-14
6.07746e+11	6.95943e-15	6.95943e-15	1.54613e-14	1.54613e-14	1.54613e-14	1.54613e-14	1.50872e-14	1.50872e-14
6.28703e+11	8.23767e-15	8.23767e-15	1.83006e-14	1.83006e-14	1.83006e-14	1.83006e-14	1.78614e-14	1.78614e-14
6.4966e+11	9.66189e-15	9.66189e-15	2.14642e-14	2.14642e-14	2.14642e-14	2.14642e-14	2.09534e-14	2.09534e-14
6.70617e+11	1.12297e-14	1.12297e-14	2.49466e-14	2.49466e-14	2.49466e-14	2.49466e-14	2.43584e-14	2.43584e-14
6.91574e+11	1.29345e-14	1.29345e-14	2.8733e-14	2.8733e-14	2.8733e-14	2.8733e-14	2.8062e-14	2.8062e-14
7.1253e+11	1.47648e-14	1.47648e-14	3.27978e-14	3.27978e-14	3.27978e-14	3.27978e-14	3.20397e-14	3.20397e-14
7.33487e+11	1.67041e-14	1.67041e-14	3.71047e-14	3.71047e-14	3.71047e-14	3.71047e-14	3.62561e-14	3.62561e-14
7.54444e+11	1.87309e-14	1.87309e-14	4.16057e-14	4.16057e-14	4.16057e-14	4.16057e-14	4.0665e-14	4.0665e-14
7.75401e+11	2.08191e-14	2.08191e-14	4.62426e-14	4.62426e-14	4.62426e-14	4.62426e-14	4.52095e-14	4.52095e-14
7.96357e+11	2.29377e-14	2.29377e-14	5.09468e-14	5.09468e-14	5.09468e-14	5.09468e-14	4.98228e-14	4.98228e-14
8.17314e+11	2.50523e-14	2.50523e-14	5.56416e-14	5.56416e-14	5.56416e-14	5.56416e-14	5.44301e-14	5.44301e-14
8.38271e+11	2.71252e-14	2.71252e-14	6.02435e-14	6.02435e-14	6.02435e-14	6.02435e-14	5.89498e-14	5.89498e-14
8.59228e+11	2.91169e-14	2.91169e-14	6.46648e-14	6.46648e-14	6.46648e-14	6.46648e-14	6.3296e-14	6.3296e-14
8.80185e+11	3.09873e-14	3.09873e-14	6.88164e-14	6.88164e-14	6.88164e-14	6.88164e-14	6.73812e-14	6.73812e-14
9.01141e+11	3.26967e-14	3.26967e-14	7.26101e-14	7.26101e-14	7.26101e-14	7.26101e-14	7.11192e-14	7.11192e-14
9.22098e+11	3.42076e-14	3.42076e-14	7.59627e-14	7.59627e-14	7.59627e-14	7.59627e-14	7.44278e-14	7.44278e-14
9.43055e+11	3.54856e-14	3.54856e-14	7.87979e-14	7.87979e-14	7.87979e-14	7.87979e-14	7.72319e-14	7.72319e-14
9.64012e+11	3.6501e-14	3.6501e-14	8.10499e-14	8.10499e-14	8.10499e-14	8.10499e-14	7.94662e-14	7.94662e-14
9.84968e+11	3.72298e-14	3.72298e-14	8.26655e-14	8.26655e-14	8.26655e-14	8.26655e-14	8.10781e-14	8.10781e-14
1.00593e+12	3.76547e-14	3.76547e-14	8.36066e-14	8.36066e-14	8.36066e-14	8.36066e-14	8.20293e-14	8.20293e-14
1.02688e+12	3.77659e-14	3.77659e-14	8.38514e-14	8.38514e-14	8.38514e-14	8.38514e-14	8.22975e-14	8.22975e-14
1.04784e+12	3.75613e-14	3.75613e-14	8.33958e-14	8.33958e-14	8.33958e-14	8.33958e-14	8.18777e-14	8.18777e-14
1.0688e+12	3.70469e-14	3.70469e-14	8.22532e-14	8.22532e-14	8.22532e-14	8.22532e-14	8.07821e-14	8.07821e-14
1.08975e+12	3.62366e-14	3.62366e-14	8.04549e-14	8.04549e-14	8.04549e-14	8.04549e-14	7.90404e-14	7.90404e-14
1.11071e+12	3.51516e-14	3.51516e-14	7.80487e-14	7.80487e-14	7.80487e-14	7.80487e-14	7.66984e-14	7.66984e-14
1.13167e+12	3.38201e-14	3.38201e-14	7.50975e-14	7.50975e-14	7.50975e-14	7.50975e-14	7.38171e-14	7.38171e-14
1.15262e+12	3.22759e-14	3.22759e-14	7.16775e-14	7.16775e-14	7.16775e-14	7.16775e-14	7.047e-14	7.047e-14
1.17358e+12	3.0558e-14	3.0558e-14	6.78759e-14	6.78759e-14	6.78759e-14	6.78759e-14	6.6742e-14	6.6742e-14
1.19454e+12	2.87089e-14	2.87089e-14	6.37883e-14	6.37883e-14	6.37883e-14	6.37883e-14	6.27256e-14	6.27256e-14
1.21549e+12	2.67736e-14	2.67736e-14	5.95162e-14	5.95162e-14	5.95162e-14	5.95162e-14	5.85195e-14	5.85195e-14
1.23645e+12	2.47984e-14	2.47984e-14	5.51641e-14	5.51641e-14	5.51641e-14	5.51641e-14	5.4225e-14	5.4225e-14
1.25741e+12	2.28298e-14	2.28298e-14	5.08375e-14	5.08374e-14	5.08375e-14	5.08374e-14	4.99444e-14	4.99444e-14
1.27836e+12	2.09135e-14	2.09135e-14	4.66402e-14	4.66401e-14	4.66402e-14	4.66401e-14	4.57779e-14	4.5778e-14
1.29932e+12	1.90934e-14	1.90934e-14	4.26728e-14	4.26727e-14	4.26727e-14	4.26727e-14	4.18227e-14	4.18227e-14
1.32028e+12	1.74111e-14	1.74111e-14	3.90308e-14	3.90307e-14	3.90308e-14	3.90307e-14	3.81703e-14	3.81704e-14
1.34123e+12	1.59052e-14	1.59052e-14	3.58037e-14	3.58036e-14	3.58037e-14	3.58036e-14	3.49063e-14	3.49065e-14
1.36219e+12	1.46109e-14	1.46108e-14	3.30739e-14	3.30737e-14	3.30739e-14	3.30737e-14	3.2109e-14	3.21092e-14
1.38315e+12	1.35597e-14	1.35596e-14	3.09161e-14	3.09157e-14	3.09161e-14	3.09158e-14	2.98487e-14	2.98491e-14
1.4041e+12	1.27797e-14	1.27795e-14	2.9397e-14	2.93964e-14	2.93969e-14	2.93965e-14	2.81881e-14	2.81887e-14
1.42506e+12	1.22949e-14	1.22947e-14	2.8575e-14	2.85742e-14	2.8575e-14	2.85743e-14	2.71815e-14	2.71823e-14
1.44602e+12	1.2126e-14	1.21257e-14	2.85004e-14	2.84992e-14	2.85003e-14	2.84993e-14	2.68751e-14	2.68762e-14
1.46697e+12	1.22895e-14	1.22891e-14	2.92149e-14	2.92131e-14	2.92148e-14	2.92132e-14	2.7307e-14	2.73087e-14
1.48793e+12	1.27988e-14	1.27982e-14	3.07518e-14	3.07491e-14	3.07516e-14	3.07493e-14	2.85074e-14	2.851e-14
1.50889e+12	1.36635e-14	1.36626e-14	3.31359e-14	3.3132e-14	3.31355e-14	3.31323e-14	3.0499e-14	3.05027e-14
1.52984e+12	1.48899e-14	1.48885e-14	3.63833e-14	3.63777e-14	3.63828e-14	3.63782e-14	3.32963e-14	3.33017e-14
1.5508e+12	1.64809e-14	1.64788e-14	4.05018e-14	4.04939e-14	4.05011e-14	4.04946e-14	3.69069e-14	3.69145e-14
1.57176e+12	1.84361e-14	1.84332e-14	4.54907e-14	4.54797e-14	4.54897e-14	4.54806e-14	4.13306e-14	4.13415e-14
1.59271e+12	2.07524e-14	2.07483e-14	5.13411e-14	5.13259e-14	5.13398e-14	5.13272e-14	4.6561e-14	4.65762e-14
1.61367e+12	2.34238e-14	2.34181e-14	5.80368e-14	5.8016e-14	5.8035e-14	5.80178e-14	5.25852e-14	5.26061e-14
1.63463e+12	2.6442e-14	2.6434e-14	6.55547e-14	6.55266e-14	6.55523e-14	6.5529e-14	5.93847e-14	5.94134e-14
1.65559e+12	2.97966e-14	2.97858e-14	7.3866e-14	7.38284e-14	7.38628e-14	7.38316e-14	6.69366e-14	6.69755e-14
1.67654e+12	3.34761e-14	3.34614e-14	8.29376e-14	8.28877e-14	8.29333e-14	8.2892e-14	7.52145e-14	7.52667e-14
1.6975e+12	3.74676e-14	3.74479e-14	9.2733e-14	9.26676e-14	9.27274e-14	9.26732e-14	8.41893e-14	8.42587e-14
1.71846e+12	4.1758e-14	4.17318e-14	1.03214e-13	1.03129e-13	1.03207e-13	1.03136e-13	9.38304e-14	9.39217e-14
1.73941e+12	4.63337e-14	4.62994e-14	1.14341e-13	1.14232e-13	1.14331e-13	1.14241e-13	1.04106e-13	1.04225e-13
1.76037e+12	5.11812e-14	5.11365e-14	1.26074e-13	1.25936e-13	1.26062e-13	1.25948e-13	1.14985e-13	1.15138e-13
1.78133e+12	5.62863e-14	5.62289e-14	1.38374e-13	1.382e-13	1.38359e-13	1.38215e-13	1.26432e-13	1.26628e-13
1.80228e+12	6.16344e-14	6.15612e-14	1.51198e-13	1.50982e-13	1.5118e-13	1.51001e-13	1.38412e-13	1.38659e-13
1.82324e+12	6.72089e-14	6.71166e-14	1.64502e-13	1.64237e-13	1.64479e-13	1.6426e-13	1.50885e-13	1.51195e-13
1.8442e+12	7.29903e-14	7.2875e-14	1.78236e-13	1.77914e-13	1.78208e-13	1.77942e-13	1.63805e-13	1.64189e-13
1.86515e+12	7.8955e-14	7.88123e-14	1.9234e-13	1.91954e-13	1.92306e-13	1.91988e-13	1.77114e-13	1.77585e-13
1.88611e+12	8.5073e-14	8.48983e-14	2.06742e-13	2.06284e-13	2.06702e-13	2.06325e-13	1.90742e-13	1.91314e-13
1.90707e+12	9.1307e-14	9.10951e-14	2.21354e-13	2.20818e-13	2.21306e-13	2.20866e-13	2.04602e-13	2.0529e-13
1.92802e+12	9.76104e-14	9.73557e-14	2.36068e-13	2.35448e-13	2.36011e-13	2.35505e-13	2.18585e-13	2.19405e-13
1.94898e+12	1.03926e-13	1.03623e-13	2.50752e-13	2.50046e-13	2.50686e-13	2.50112e-13	2.32563e-13	2.3353e-13
1.96994e+12	1.10187e-13	1.0983e-13	2.65251e-13	2.64459e-13	2.65175e-13	2.64535e-13	2.46381e-13	2.4751e-13
1.99089e+12	1.16315e-13	1.15897e-13	2.79386e-13	2.78513e-13	2.793e-13	2.78599e-13	2.59863e-13	2.6117e-13
2.01185e+12	1.22222e-13	1.21738e-13	2.92958e-13	2.92011e-13	2.92861e-13	2.92108e-13	2.72812e-13	2.7431e-13
2.03281e+12	1.27813e-13	1.27258e-13	3.05749e-13	3.04743e-13	3.05642e-13	3.04851e-13	2.85017e-13	2.86718e-13
2.05376e+12	1.32988e-13	1.32357e-13	3.17535e-13	3.1649e-13	3.17416e-13	3.16609e-13	2.96258e-13	2.98172e-13
2.07472e+12	1.37649e-13	1.36937e-13	3.28087e-13	3.27033e-13	3.27956e-13	3.27163e-13	3.06315e-13	3.08449e-13
2.09568e+12	1.41699e-13	1.40903e-13	3.37188e-13	3.36162e-13	3.37047e-13	3.36303e-13	3.14979e-13	3.17336e-13
2.11663e+12	1.45051e-13	1.44168e-13	3.44645e-13	3.43691e-13	3.44494e-13	3.43842e-13	3.22061e-13	3.24643e-13
2.13759e+12	1.47633e-13	1.4666e-13	3.50294e-13	3.49468e-13	3.50134e-13	3.49628e-13	3.27406e-13	3.3021e-13
2.15855e+12	1.4939e-13	1.48325e-13	3.54018e-13	3.53384e-13	3.5385e-13	3.53552e-13	3.30901e-13	3.33921e-13
2.1795e+12	1.50291e-13	1.49134e-13	3.55755e-13	3.55384e-13	3.55579e-13	3.55559e-13	3.32483e-13	3.35711e-13
2.20046e+12	1.5033e-13	1.49081e-13	3.55502e-13	3.55474e-13	3.5532e-13	3.55655e-13	3.3215e-13	3.35576e-13
2.22142e+12	1.4953e-13	1.48188e-13	3.53324e-13	3.53726e-13	3.53139e-13	3.53912e-13	3.29959e-13	3.3357e-13
2.24237e+12	1.4794e-13	1.46506e-13	3.49355e-13	3.50276e-13	3.49167e-13	3.50465e-13	3.26032e-13	3.29815e-13
2.26333e+12	1.45639e-13	1.44113e-13	3.43793e-13	3.45325e-13	3.43603e-13	3.45514e-13	3.20549e-13	3.24492e-13
2.28429e+12	1.42729e-13	1.41111e-13	3.36895e-13	3.39128e-13	3.36705e-13	3.39318e-13	3.13744e-13	3.17838e-13
2.30525e+12	1.39333e-13	1.37621e-13	3.28973e-13	3.3199e-13	3.28783e-13	3.32179e-13	3.059e-13	3.10137e-13
2.3262e+12	1.35593e-13	1.33783e-13	3.20373e-13	3.24251e-13	3.20184e-13	3.2444e-13	2.97329e-13	3.01709e-13
2.34716e+12	1.31657e-13	1.29746e-13	3.11472e-13	3.16274e-13	3.11284e-13	3.16462e-13	2.8837e-13	2.92898e-13
2.36812e+12	1.27683e-13	1.25661e-13	3.02656e-13	3.08428e-13	3.02468e-13	3.08616e-13	2.79368e-13	2.84058e-13
2.38907e+12	1.23824e-13	1.21681e-13	2.94311e-13	3.01076e-13	2.94121e-13	3.01267e-13	2.70661e-13	2.7554e-13
2.41003e+12	1.20228e-13	1.17949e-13	2.86803e-13	2.94562e-13	2.86608e-13	2.94757e-13	2.62574e-13	2.67679e-13
2.43099e+12	1.17031e-13	1.14597e-13	2.8047e-13	2.89195e-13	2.80267e-13	2.89398e-13	2.55398e-13	2.60784e-13
2.45194e+12	1.14353e-13	1.1174e-13	2.75609e-13	2.85242e-13	2.75394e-13	2.85457e-13	2.49389e-13	2.55125e-13
2.4729e+12	1.12294e-13	1.09474e-13	2.7247e-13	2.82919e-13	2.72236e-13	2.83153e-13	2.44758e-13	2.50931e-13
2.49386e+12	1.10936e-13	1.07871e-13	2.71245e-13	2.82388e-13	2.70985e-13	2.82648e-13	2.41664e-13	2.4838e-13
2.51481e+12	1.10334e-13	1.06985e-13	2.72071e-13	2.83752e-13	2.71777e-13	2.84047e-13	2.40218e-13	2.47601e-13
2.53577e+12	1.10525e-13	1.06844e-13	2.75022e-13	2.87057e-13	2.74684e-13	2.87396e-13	2.40476e-13	2.4867e-13
2.55673e+12	1.11522e-13	1.07457e-13	2.80117e-13	2.92292e-13	2.79723e-13	2.92686e-13	2.42448e-13	2.51615e-13
2.57768e+12	1.13318e-13	1.08811e-13	2.87315e-13	2.99395e-13	2.86853e-13	2.99857e-13	2.46097e-13	2.56414e-13
2.59864e+12	1.15887e-13	1.10876e-13	2.96524e-13	3.08256e-13	2.95981e-13	3.088e-13	2.51344e-13	2.62999e-13
2.6196e+12	1.19184e-13	1.13607e-13	3.07604e-13	3.18725e-13	3.06965e-13	3.19364e-13	2.58074e-13	2.71265e-13
2.64055e+12	1.23152e-13	1.16944e-13	3.20371e-13	3.30613e-13	3.19622e-13	3.31362e-13	2.6614e-13	2.81067e-13
2.66151e+12	1.27715e-13	1.20818e-13	3.34604e-13	3.43702e-13	3.33729e-13	3.44577e-13	2.7537e-13	2.92227e-13
2.68247e+12	1.3279e-13	1.25149e-13	3.5005e-13	3.57751e-13	3.49034e-13	3.58766e-13	2.85572e-13	3.0454e-13
2.70342e+12	1.3828e-13	1.29849e-13	3.66428e-13	3.72499e-13	3.65258e-13	3.73669e-13	2.96536e-13	3.17774e-13
2.72438e+12	1.44082e-13	1.3483e-13	3.8344e-13	3.87675e-13	3.82103e-13	3.89013e-13	3.08042e-13	3.31678e-13
2.74534e+12	1.50085e-13	1.39995e-13	4.00777e-13	4.03002e-13	3.99261e-13	4.04518e-13	3.19867e-13	3.45985e-13
2.76629e+12	1.56176e-13	1.45252e-13	4.18125e-13	4.18205e-13	4.16421e-13	4.19908e-13	3.31784e-13	3.60419e-13
2.78725e+12	1.62239e-13	1.50509e-13	4.35175e-13	4.33019e-13	4.33277e-13	4.34916e-13	3.43577e-13	3.74702e-13
2.80821e+12	1.68162e-13	1.55678e-13	4.51635e-13	4.47198e-13	4.4954e-13	4.49293e-13	3.5504e-13	3.88562e-13
2.82916e+12	1.73842e-13	1.60683e-13	4.67242e-13	4.60526e-13	4.64949e-13	4.62819e-13	3.6599e-13	4.01743e-13
2.85012e+12	1.79183e-13	1.65454e-13	4.81769e-13	4.72825e-13	4.79282e-13	4.75312e-13	3.76272e-13	4.14014e-13
2.87108e+12	1.8411e-13	1.69942e-13	4.95043e-13	4.83965e-13	4.92369e-13	4.86639e-13	3.8577e-13	4.25185e-13
2.89204e+12	1.88564e-13	1.74113e-13	5.06955e-13	4.93879e-13	5.04104e-13	4.96729e-13	3.94413e-13	4.35111e-13
2.91299e+12	1.92518e-13	1.77954e-13	5.17467e-13	5.02565e-13	5.14454e-13	5.05579e-13	4.02183e-13	4.43708e-13
2.93395e+12	1.95969e-13	1.81477e-13	5.2663e-13	5.10101e-13	5.23469e-13	5.13262e-13	4.09122e-13	4.50962e-13
2.95491e+12	1.98951e-13	1.84722e-13	5.3458e-13	5.16644e-13	5.31288e-13	5.19935e-13	4.15337e-13	4.56933e-13
2.97586e+12	2.01531e-13	1.87752e-13	5.41548e-13	5.22435e-13	5.38144e-13	5.25838e-13	4.21002e-13	4.61762e-13
2.99682e+12	2.03812e-13	1.90657e-13	5.47855e-13	5.27797e-13	5.44358e-13	5.31294e-13	4.26356e-13	4.6567e-13
3.01778e+12	2.05932e-13	1.93551e-13	5.5391e-13	5.33131e-13	5.50337e-13	5.36704e-13	4.31699e-13	4.68954e-13
3.03873e+12	2.08057e-13	1.96567e-13	5.60195e-13	5.38899e-13	5.56561e-13	5.42533e-13	4.37386e-13	4.71982e-13
3.05969e+12	2.10378e-13	1.99856e-13	5.67251e-13	5.45618e-13	5.63568e-13	5.49301e-13	4.43816e-13	4.75174e-13
3.08065e+12	2.13105e-13	2.03575e-13	5.7566e-13	5.53835e-13	5.71938e-13	5.57557e-13	4.51414e-13	4.78992e-13
3.1016e+12	2.16457e-13	2.07884e-13	5.86019e-13	5.64107e-13	5.82262e-13	5.67865e-13	4.60618e-13	4.83918e-13
3.12256e+12	2.20652e-13	2.12936e-13	5.98916e-13	5.76979e-13	5.95123e-13	5.80772e-13	4.71858e-13	4.9043e-13
3.14352e+12	2.25895e-13	2.18871e-13	6.14899e-13	5.92954e-13	6.11065e-13	5.96788e-13	4.85536e-13	4.98979e-13
3.16447e+12	2.32371e-13	2.25804e-13	6.34451e-13	6.1247e-13	6.30566e-13	6.16355e-13	5.02003e-13	5.09966e-13
3.18543e+12	2.40233e-13	2.33821e-13	6.57961e-13	6.35875e-13	6.54012e-13	6.39824e-13	5.21543e-13	5.23717e-13
3.20639e+12	2.4959e-13	2.4297e-13	6.857e-13	6.63406e-13	6.8167e-13	6.67436e-13	5.44351e-13	5.40466e-13
3.22734e+12	2.60503e-13	2.53259e-13	7.17802e-13	6.95169e-13	7.13673e-13	6.99298e-13	5.7052e-13	5.60335e-13
3.2483e+12	2.72977e-13	2.6465e-13	7.54249e-13	7.31128e-13	7.50004e-13	7.35374e-13	6.0003e-13	5.83323e-13
3.26926e+12	2.8696e-13	2.77058e-13	7.94863e-13	7.71097e-13	7.90485e-13	7.75475e-13	6.32738e-13	6.09302e-13
3.29021e+12	3.0234e-13	2.90356e-13	8.39302e-13	8.14739e-13	8.34779e-13	8.19262e-13	6.68383e-13	6.38015e-13
3.31117e+12	3.18947e-13	3.04371e-13	8.87072e-13	8.61577e-13	8.82398e-13	8.6625e-13	7.06585e-13	6.69081e-13
3.33213e+12	3.36562e-13	3.189e-13	9.37533e-13	9.11e-13	9.32712e-13	9.15822e-13	7.46855e-13	7.02012e-13
3.35308e+12	3.54916e-13	3.33707e-13	9.89928e-13	9.62291e-13	9.84972e-13	9.67247e-13	7.88613e-13	7.36228e-13
3.37404e+12	3.73711e-13	3.48539e-13	1.0434e-12	1.01465e-12	1.03834e-12	1.01971e-12	8.31207e-13	7.7108e-13
3.395e+12	3.9262e-13	3.63133e-13	1.09705e-12	1.06721e-12	1.09191e-12	1.07234e-12	8.73934e-13	8.05878e-13
3.41595e+12	4.11307e-13	3.77226e-13	1.14992e-12	1.11909e-12	1.14476e-12	1.12425e-12	9.1607e-13	8.3992e-13
3.43691e+12	4.29437e-13	3.90568e-13	1.20109e-12	1.16943e-12	1.19598e-12	1.17454e-12	9.56894e-13	8.72521e-13
3.45787e+12	4.46689e-13	4.02931e-13	1.24969e-12	1.2174e-12	1.24468e-12	1.2224e-12	9.95719e-13	9.03043e-13
3.47882e+12	4.6277e-13	4.14115e-13	1.29491e-12	1.26225e-12	1.2901e-12	1.26706e-12	1.03192e-12	9.30918e-13
3.49978e+12	4.77422e-13	4.2396e-13	1.33607e-12	1.30335e-12	1.33154e-12	1.30789e-12	1.06495e-12	9.55677e-13
3.52074e+12	4.90434e-13	4.32347e-13	1.37266e-12	1.34019e-12	1.36846e-12	1.34438e-12	1.09436e-12	9.76962e-13
3.5417e+12	5.01646e-13	4.39203e-13	1.40428e-12	1.37239e-12	1.4005e-12	1.37618e-12	1.11984e-12	9.94539e-13
3.56265e+12	5.10953e-13	4.44503e-13	1.43076e-12	1.39977e-12	1.42743e-12	1.4031e-12	1.14118e-12	1.0083e-12
3.58361e+12	5.18309e-13	4.48267e-13	1.45206e-12	1.42227e-12	1.44921e-12	1.42513e-12	1.15832e-12	1.01829e-12
3.60457e+12	5.2372e-13	4.50555e-13	1.46836e-12	1.44001e-12	1.46596e-12	1.44241e-12	1.17131e-12	1.02463e-12
3.62552e+12	5.27246e-13	4.51467e-13	1.47997e-12	1.45325e-12	1.47797e-12	1.45526e-12	1.18032e-12	1.02759e-12
3.64648e+12	5.2899e-13	4.51131e-13	1.48737e-12	1.46238e-12	1.48566e-12	1.4641e-12	1.18563e-12	1.02753e-12
3.66744e+12	5.29094e-13	4.49696e-13	1.49115e-12	1.46791e-12	1.48957e-12	1.46949e-12	1.18759e-12	1.02484e-12
3.68839e+12	5.27728e-13	4.47329e-13	1.49199e-12	1.47044e-12	1.49034e-12	1.47209e-12	1.18664e-12	1.02001e-12
3.70935e+12	5.25083e-13	4.44201e-13	1.49065e-12	1.47061e-12	1.48867e-12	1.47259e-12	1.18322e-12	1.01351e-12
3.73031e+12	5.21361e-13	4.40483e-13	1.48792e-12	1.46913e-12	1.48531e-12	1.47174e-12	1.17781e-12	1.00584e-12
3.75126e+12	5.16765e-13	4.36336e-13	1.48457e-12	1.4667e-12	1.48099e-12	1.47029e-12	1.1709e-12	9.97457e-13
3.77222e+12	5.11497e-13	4.3191e-13	1.48139e-12	1.46403e-12	1.47647e-12	1.46895e-12	1.16293e-12	9.88804e-13
3.79318e+12	5.05744e-13	4.27338e-13	1.47907e-12	1.46177e-12	1.47244e-12	1.4684e-12	1.1543e-12	9.80255e-13
3.81413e+12	4.9968e-13	4.22729e-13	1.47828e-12	1.46054e-12	1.46956e-12	1.46926e-12	1.14539e-12	9.72126e-13
3.83509e+12	4.93459e-13	4.18175e-13	1.47957e-12	1.46091e-12	1.46842e-12	1.47207e-12	1.13648e-12	9.6467e-13
3.85605e+12	4.87213e-13	4.13744e-13	1.48342e-12	1.46336e-12	1.46951e-12	1.47726e-12	1.12783e-12	9.58072e-13
3.877e+12	4.81054e-13	4.09484e-13	1.49019e-12	1.4683e-12	1.47327e-12	1.48521e-12	1.11961e-12	9.52451e-13
3.89796e+12	4.75073e-13	4.05427e-13	1.50015e-12	1.47605e-12	1.48004e-12	1.49616e-12	1.11196e-12	9.47874e-13
3.91892e+12	4.6934e-13	4.01589e-13	1.51347e-12	1.48685e-12	1.49005e-12	1.51027e-12	1.10494e-12	9.44357e-13
3.93987e+12	4.6391e-13	3.97975e-13	1.53021e-12	1.50087e-12	1.50348e-12	1.5276e-12	1.0986e-12	9.41881e-13
3.96083e+12	4.5882e-13	3.9458e-13	1.55036e-12	1.51816e-12	1.52038e-12	1.54814e-12	1.09296e-12	9.40405e-13
3.98179e+12	4.54095e-13	3.91396e-13	1.5738e-12	1.53871e-12	1.54074e-12	1.57177e-12	1.08803e-12	9.39872e-13
4.00274e+12	4.49753e-13	3.88416e-13	1.60036e-12	1.56242e-12	1.56447e-12	1.5983e-12	1.0838e-12	9.40227e-13
4.0237e+12	4.45802e-13	3.8563e-13	1.62976e-12	1.58911e-12	1.59139e-12	1.62748e-12	1.0803e-12	9.41424e-13
4.04466e+12	4.42245e-13	3.83035e-13	1.6617e-12	1.61854e-12	1.62125e-12	1.65899e-12	1.07754e-12	9.43439e-13
4.06561e+12	4.39082e-13	3.80634e-13	1.6958e-12	1.65039e-12	1.65374e-12	1.69246e-12	1.07559e-12	9.46272e-13
4.08657e+12	4.36315e-13	3.78437e-13	1.73167e-12	1.68429e-12	1.68848e-12	1.72748e-12	1.07452e-12	9.49958e-13
4.10753e+12	4.33943e-13	3.76465e-13	1.76887e-12	1.71981e-12	1.72506e-12	1.76361e-12	1.07446e-12	9.54568e-13
4.12848e+12	4.31972e-13	3.74749e-13	1.80693e-12	1.7565e-12	1.76302e-12	1.8004e-12	1.07557e-12	9.60216e-13
4.14944e+12	4.30409e-13	3.73329e-13	1.8454e-12	1.79389e-12	1.8019e-12	1.83738e-12	1.07803e-12	9.67056e-13
4.1704e+12	4.29271e-13	3.72261e-13	1.88385e-12	1.83151e-12	1.84123e-12	1.87412e-12	1.08207e-12	9.75283e-13
4.19136e+12	4.28579e-13	3.71608e-13	1.92185e-12	1.86892e-12	1.88056e-12	1.9102e-12	1.08796e-12	9.85136e-13
4.21231e+12	4.28364e-13	3.7145e-13	1.95903e-12	1.90571e-12	1.91947e-12	1.94527e-12	1.09597e-12	9.96887e-13
4.23327e+12	4.28667e-13	3.71873e-13	1.99509e-12	1.94154e-12	1.95761e-12	1.97903e-12	1.10643e-12	1.01084e-12
4.25423e+12	4.29535e-13	3.72976e-13	2.02979e-12	1.97616e-12	1.9947e-12	2.01126e-12	1.11965e-12	1.02734e-12
4.27518e+12	4.31027e-13	3.74863e-13	2.06298e-12	2.0094e-12	2.03055e-12	2.04184e-12	1.13597e-12	1.04673e-12
4.29614e+12	4.33206e-13	3.77645e-13	2.09461e-12	2.04119e-12	2.06505e-12	2.07075e-12	1.15573e-12	1.06937e-12
4.3171e+12	4.36139e-13	3.81432e-13	2.12471e-12	2.07157e-12	2.09821e-12	2.09807e-12	1.17925e-12	1.09561e-12
4.33805e+12	4.39896e-13	3.86329e-13	2.1534e-12	2.10068e-12	2.13012e-12	2.12396e-12	1.20681e-12	1.1258e-12
4.35901e+12	4.44542e-13	3.92436e-13	2.18091e-12	2.12875e-12	2.16097e-12	2.14869e-12	1.23869e-12	1.16024e-12
4.37997e+12	4.50133e-13	3.99833e-13	2.2075e-12	2.15609e-12	2.19101e-12	2.17259e-12	1.2751e-12	1.19917e-12
4.40092e+12	4.56716e-13	4.08583e-13	2.2335e-12	2.18306e-12	2.22054e-12	2.19602e-12	1.31617e-12	1.24278e-12
4.42188e+12	4.64315e-13	4.1872e-13	2.25925e-12	2.21003e-12	2.2499e-12	2.21938e-12	1.36199e-12	1.29116e-12
4.44284e+12	4.72936e-13	4.30245e-13	2.28509e-12	2.23736e-12	2.27941e-12	2.24305e-12	1.41253e-12	1.34431e-12
4.46379e+12	4.82556e-13	4.43125e-13	2.31134e-12	2.2654e-12	2.30936e-12	2.26738e-12	1.46767e-12	1.4021e-12
4.48475e+12	4.93122e-13	4.57282e-13	2.33824e-12	2.2944e-12	2.33999e-12	2.29265e-12	1.52719e-12	1.4643e-12
4.50571e+12	5.04553e-13	4.72601e-13	2.36597e-12	2.32454e-12	2.37145e-12	2.31905e-12	1.59076e-12	1.53052e-12
4.52666e+12	5.16736e-13	4.88922e-13	2.39458e-12	2.35587e-12	2.4038e-12	2.34665e-12	1.65794e-12	1.60026e-12
4.54762e+12	5.29527e-13	5.06048e-13	2.42404e-12	2.38833e-12	2.43695e-12	2.37542e-12	1.72816e-12	1.67288e-12
4.56858e+12	5.42761e-13	5.23748e-13	2.45419e-12	2.42172e-12	2.47075e-12	2.40517e-12	1.80077e-12	1.74764e-12
4.58953e+12	5.56249e-13	5.41762e-13	2.48475e-12	2.45574e-12	2.50487e-12	2.43563e-12	1.87503e-12	1.82369e-12
4.61049e+12	5.69792e-13	5.5981e-13	2.51535e-12	2.48996e-12	2.53893e-12	2.46639e-12	1.95013e-12	1.90012e-12
4.63145e+12	5.83182e-13	5.77606e-13	2.54553e-12	2.52386e-12	2.57244e-12	2.49696e-12	2.02519e-12	1.97597e-12
4.6524e+12	5.96215e-13	5.94863e-13	2.57477e-12	2.55687e-12	2.60485e-12	2.5268e-12	2.09931e-12	2.05024e-12
4.67336e+12	6.08697e-13	6.11306e-13	2.60252e-12	2.5884e-12	2.6356e-12	2.55533e-12	2.17158e-12	2.12197e-12
4.69432e+12	6.20451e-13	6.26683e-13	2.62825e-12	2.61783e-12	2.66412e-12	2.58198e-12	2.2411e-12	2.19025e-12
4.71527e+12	6.31325e-13	6.40776e-13	2.65144e-12	2.64462e-12	2.68986e-12	2.60623e-12	2.30702e-12	2.25423e-12
4.73623e+12	6.41195e-13	6.53406e-13	2.67164e-12	2.66828e-12	2.71237e-12	2.6276e-12	2.36856e-12	2.31317e-12
4.75719e+12	6.49972e-13	6.6444e-13	2.68851e-12	2.6884e-12	2.73124e-12	2.64573e-12	2.42501e-12	2.36649e-12
4.77814e+12	6.57602e-13	6.73798e-13	2.70179e-12	2.70473e-12	2.74622e-12	2.66038e-12	2.47578e-12	2.41374e-12
4.7991e+12	6.64063e-13	6.81448e-13	2.71137e-12	2.7171e-12	2.75716e-12	2.67144e-12	2.5204e-12	2.45464e-12
4.82006e+12	6.69369e-13	6.87412e-13	2.71726e-12	2.72552e-12	2.76403e-12	2.67892e-12	2.55854e-12	2.48908e-12
4.84102e+12	6.73561e-13	6.91754e-13	2.7196e-12	2.73009e-12	2.76694e-12	2.68297e-12	2.59e-12	2.51713e-12
4.86197e+12	6.76705e-13	6.94585e-13	2.71865e-12	2.73107e-12	2.76614e-12	2.68389e-12	2.61475e-12	2.53904e-12
4.88293e+12	6.78883e-13	6.96043e-13	2.71479e-12	2.72883e-12	2.76196e-12	2.68206e-12	2.63287e-12	2.55519e-12
4.90389e+12	6.80193e-13	6.96297e-13	2.70847e-12	2.72379e-12	2.75484e-12	2.67795e-12	2.64462e-12	2.56612e-12
4.92484e+12	6.80736e-13	6.95529e-13	2.7002e-12	2.71648e-12	2.74528e-12	2.6721e-12	2.65035e-12	2.57245e-12
4.9458e+12	6.80614e-13	6.93927e-13	2.69056e-12	2.70744e-12	2.73383e-12	2.66507e-12	2.65054e-12	2.57492e-12
4.96676e+12	6.79922e-13	6.91679e-13	2.6801e-12	2.69725e-12	2.72106e-12	2.65745e-12	2.64576e-12	2.57429e-12
4.98771e+12	6.78749e-13	6.88964e-13	2.66938e-12	2.68646e-12	2.70754e-12	2.64978e-12	2.63666e-12	2.57136e-12
5.00867e+12	6.7717e-13	6.8594e-13	2.6589e-12	2.67559e-12	2.69378e-12	2.64257e-12	2.62394e-12	2.56689e-12
5.02963e+12	6.75246e-13	6.82746e-13	2.64911e-12	2.66508e-12	2.68028e-12	2.63623e-12	2.6083e-12	2.56163e-12
5.05058e+12	6.73025e-13	6.79494e-13	2.64036e-12	2.65533e-12	2.66745e-12	2.63113e-12	2.59046e-12	2.55623e-12
5.07154e+12	6.7054e-13	6.76266e-13	2.63292e-12	2.64664e-12	2.6556e-12	2.62748e-12	2.57109e-12	2.55123e-12
5.0925e+12	6.67811e-13	6.73115e-13	2.62694e-12	2.63918e-12	2.64497e-12	2.62542e-12	2.55084e-12	2.54707e-12
5.11345e+12	6.6485e-13	6.70063e-13	2.62245e-12	2.63304e-12	2.63567e-12	2.62494e-12	2.53025e-12	2.54403e-12
5.13441e+12	6.61658e-13	6.67105e-13	2.61939e-12	2.62819e-12	2.62773e-12	2.62594e-12	2.50979e-12	2.54226e-12
5.15537e+12	6.58234e-13	6.64214e-13	2.61758e-12	2.62451e-12	2.62104e-12	2.62819e-12	2.48982e-12	2.54176e-12
5.17632e+12	6.54575e-13	6.61337e-13	2.61672e-12	2.62176e-12	2.61543e-12	2.63137e-12	2.47059e-12	2.54238e-12
5.19728e+12	6.50679e-13	6.58411e-13	2.61647e-12	2.61963e-12	2.61061e-12	2.63507e-12	2.45225e-12	2.54386e-12
5.21824e+12	6.46548e-13	6.55358e-13	2.61638e-12	2.61775e-12	2.60625e-12	2.63881e-12	2.43485e-12	2.54583e-12
5.23919e+12	6.42195e-13	6.521e-13	2.616e-12	2.61568e-12	2.60193e-12	2.64209e-12	2.41836e-12	2.54787e-12
5.26015e+12	6.37638e-13	6.48559e-13	2.61483e-12	2.61297e-12	2.59724e-12	2.64436e-12	2.40265e-12	2.54948e-12
5.28111e+12	6.3291e-13	6.44664e-13	2.61241e-12	2.60919e-12	2.59174e-12	2.64511e-12	2.38759e-12	2.5502e-12
5.30206e+12	6.28055e-13	6.4036e-13	2.60827e-12	2.60389e-12	2.58501e-12	2.64386e-12	2.37299e-12	2.54958e-12
5.32302e+12	6.23131e-13	6.35608e-13	2.60204e-12	2.5967e-12	2.57669e-12	2.64017e-12	2.35869e-12	2.54723e-12
5.34398e+12	6.18207e-13	6.30393e-13	2.59339e-12	2.58731e-12	2.56644e-12	2.63371e-12	2.34455e-12	2.54288e-12
5.36493e+12	6.13362e-13	6.24722e-13	2.58209e-12	2.57549e-12	2.55404e-12	2.62421e-12	2.33046e-12	2.53636e-12
5.38589e+12	6.08684e-13	6.18625e-13	2.56803e-12	2.5611e-12	2.53933e-12	2.61153e-12	2.3164e-12	2.52764e-12
5.40685e+12	6.04265e-13	6.12158e-13	2.55118e-12	2.54409e-12	2.52226e-12	2.59564e-12	2.30241e-12	2.51681e-12
5.4278e+12	6.00194e-13	6.05395e-13	2.53161e-12	2.52452e-12	2.50284e-12	2.57661e-12	2.2886e-12	2.50411e-12
5.44876e+12	5.96555e-13	5.98425e-13	2.50949e-12	2.50253e-12	2.48121e-12	2.5546e-12	2.27516e-12	2.4899e-12
5.46972e+12	5.9342e-13	5.91349e-13	2.48505e-12	2.47832e-12	2.45754e-12	2.52987e-12	2.26233e-12	2.47463e-12
5.49068e+12	5.90844e-13	5.8427e-13	2.45861e-12	2.45217e-12	2.43207e-12	2.50273e-12	2.25041e-12	2.45883e-12
5.51163e+12	5.88859e-13	5.77286e-13	2.43049e-12	2.42438e-12	2.40509e-12	2.47356e-12	2.23973e-12	2.44306e-12
5.53259e+12	5.87469e-13	5.70486e-13	2.40105e-12	2.39526e-12	2.37689e-12	2.44272e-12	2.23062e-12	2.42789e-12
5.55355e+12	5.8665e-13	5.63942e-13	2.37064e-12	2.36514e-12	2.34776e-12	2.41062e-12	2.22339e-12	2.41387e-12
5.5745e+12	5.86345e-13	5.57705e-13	2.33956e-12	2.33429e-12	2.31795e-12	2.3776e-12	2.21832e-12	2.4015e-12
5.59546e+12	5.86469e-13	5.51799e-13	2.3081e-12	2.30296e-12	2.2877e-12	2.34399e-12	2.21565e-12	2.39121e-12
5.61642e+12	5.86907e-13	5.46225e-13	2.27649e-12	2.27137e-12	2.25719e-12	2.31007e-12	2.21554e-12	2.38331e-12
5.63737e+12	5.87521e-13	5.40955e-13	2.24487e-12	2.23965e-12	2.22654e-12	2.27606e-12	2.21809e-12	2.37804e-12
5.65833e+12	5.88156e-13	5.35943e-13	2.21336e-12	2.20788e-12	2.19581e-12	2.24211e-12	2.22334e-12	2.37553e-12
5.67929e+12	5.88648e-13	5.31118e-13	2.18201e-12	2.17613e-12	2.16503e-12	2.20832e-12	2.23124e-12	2.37579e-12
5.70024e+12	5.88831e-13	5.26402e-13	2.1508e-12	2.14437e-12	2.13418e-12	2.17475e-12	2.24169e-12	2.37876e-12
5.7212e+12	5.88544e-13	5.21706e-13	2.11971e-12	2.11259e-12	2.10319e-12	2.14141e-12	2.25455e-12	2.38432e-12
5.74216e+12	5.87645e-13	5.16945e-13	2.08867e-12	2.08076e-12	2.07202e-12	2.1083e-12	2.26963e-12	2.39227e-12
5.76311e+12	5.8601e-13	5.12039e-13	2.05762e-12	2.04882e-12	2.04058e-12	2.0754e-12	2.28674e-12	2.40239e-12
5.78407e+12	5.83549e-13	5.06922e-13	2.0265e-12	2.01678e-12	2.00885e-12	2.04271e-12	2.30567e-12	2.41442e-12
5.80503e+12	5.80199e-13	5.01546e-13	1.99528e-12	1.98464e-12	1.97679e-12	2.01025e-12	2.32619e-12	2.42812e-12
5.82598e+12	5.75936e-13	4.95881e-13	1.96397e-12	1.95248e-12	1.94445e-12	1.97805e-12	2.3481e-12	2.44323e-12
5.84694e+12	5.70769e-13	4.89922e-13	1.93262e-12	1.9204e-12	1.9119e-12	1.94621e-12	2.37119e-12	2.45949e-12
5.8679e+12	5.6474e-13	4.83685e-13	1.90133e-12	1.88857e-12	1.87927e-12	1.91487e-12	2.39528e-12	2.47668e-12
5.88885e+12	5.57919e-13	4.77204e-13	1.87025e-12	1.85721e-12	1.84675e-12	1.88421e-12	2.42015e-12	2.49454e-12
5.90981e+12	5.504e-13	4.70528e-13	1.8396e-12	1.8266e-12	1.8146e-12	1.85445e-12	2.44559e-12	2.51285e-12
5.93077e+12	5.42293e-13	4.6372e-13	1.80961e-12	1.79704e-12	1.7831e-12	1.82586e-12	2.47137e-12	2.53134e-12
5.95172e+12	5.33716e-13	4.56844e-13	1.78058e-12	1.76887e-12	1.75256e-12	1.79874e-12	2.49719e-12	2.54974e-12
5.97268e+12	5.24792e-13	4.49968e-13	1.75281e-12	1.74245e-12	1.72335e-12	1.77338e-12	2.52274e-12	2.56774e-12
5.99364e+12	5.15636e-13	4.43152e-13	1.72662e-12	1.71811e-12	1.69579e-12	1.75008e-12	2.54763e-12	2.58499e-12
6.01459e+12	5.06355e-13	4.36448e-13	1.70232e-12	1.69616e-12	1.67024e-12	1.72913e-12	2.5714e-12	2.6011e-12
6.03555e+12	4.97038e-13	4.29892e-13	1.68019e-12	1.67689e-12	1.64699e-12	1.71077e-12	2.59355e-12	2.61564e-12
6.05651e+12	4.87758e-13	4.23507e-13	1.66048e-12	1.66051e-12	1.62631e-12	1.6952e-12	2.6135e-12	2.62814e-12
6.07746e+12	4.78565e-13	4.17298e-13	1.64339e-12	1.64716e-12	1.60841e-12	1.68254e-12	2.63064e-12	2.6381e-12
6.09842e+12	4.6949e-13	4.11254e-13	1.62906e-12	1.63689e-12	1.59341e-12	1.67283e-12	2.64434e-12	2.64501e-12
6.11938e+12	4.60543e-13	4.05349e-13	1.61752e-12	1.62968e-12	1.58136e-12	1.66605e-12	2.65394e-12	2.64835e-12
6.14034e+12	4.51719e-13	3.99545e-13	1.60876e-12	1.62537e-12	1.57222e-12	1.66207e-12	2.65881e-12	2.64763e-12
6.16129e+12	4.42997e-13	3.93793e-13	1.60267e-12	1.62375e-12	1.56587e-12	1.66067e-12	2.65839e-12	2.64242e-12
6.18225e+12	4.34349e-13	3.88041e-13	1.59904e-12	1.62448e-12	1.56207e-12	1.66154e-12	2.65218e-12	2.63233e-12
6.20321e+12	4.25738e-13	3.82235e-13	1.59761e-12	1.62717e-12	1.56053e-12	1.66431e-12	2.63978e-12	2.61707e-12
6.22416e+12	4.17129e-13	3.76323e-13	1.59801e-12	1.63133e-12	1.56086e-12	1.66852e-12	2.62094e-12	2.59645e-12
6.24512e+12	4.08488e-13	3.70257e-13	1.59985e-12	1.63644e-12	1.56264e-12	1.67368e-12	2.59555e-12	2.5704e-12
6.26608e+12	3.99786e-13	3.63998e-13	1.60265e-12	1.64194e-12	1.56537e-12	1.67925e-12	2.56366e-12	2.53897e-12
6.28703e+12	3.91005e-13	3.5752e-13	1.60594e-12	1.64726e-12	1.56853e-12	1.68468e-12	2.5255e-12	2.50235e-12
6.30799e+12	3.82135e-13	3.50806e-13	1.6092e-12	1.65186e-12	1.57162e-12	1.68944e-12	2.48147e-12	2.46085e-12
6.32895e+12	3.7318e-13	3.43852e-13	1.61193e-12	1.65519e-12	1.57412e-12	1.69301e-12	2.43213e-12	2.41493e-12
6.3499e+12	3.64154e-13	3.36668e-13	1.61366e-12	1.6568e-12	1.57554e-12	1.69492e-12	2.37819e-12	2.36513e-12
6.37086e+12	3.55084e-13	3.29276e-13	1.61395e-12	1.65627e-12	1.57547e-12	1.69475e-12	2.3205e-12	2.31211e-12
6.39182e+12	3.46006e-13	3.21709e-13	1.61242e-12	1.65328e-12	1.57354e-12	1.69216e-12	2.25999e-12	2.25662e-12
6.41277e+12	3.36968e-13	3.1401e-13	1.60874e-12	1.64761e-12	1.56945e-12	1.68691e-12	2.19772e-12	2.19945e-12
6.43373e+12	3.28021e-13	3.06231e-13	1.60269e-12	1.63911e-12	1.56299e-12	1.67881e-12	2.13473e-12	2.14144e-12
6.45469e+12	3.19226e-13	2.98432e-13	1.5941e-12	1.62776e-12	1.55407e-12	1.6678e-12	2.07214e-12	2.08345e-12
6.47564e+12	3.10643e-13	2.90676e-13	1.58292e-12	1.61361e-12	1.54265e-12	1.65388e-12	2.01102e-12	2.02631e-12
6.4966e+12	3.02334e-13	2.83029e-13	1.56915e-12	1.59682e-12	1.5288e-12	1.63717e-12	1.95239e-12	1.97083e-12
6.51756e+12	2.94359e-13	2.75557e-13	1.5529e-12	1.57759e-12	1.51267e-12	1.61782e-12	1.89722e-12	1.91778e-12
6.53851e+12	2.86774e-13	2.68326e-13	1.53434e-12	1.55624e-12	1.49448e-12	1.5961e-12	1.84638e-12	1.86784e-12
6.55947e+12	2.79629e-13	2.61397e-13	1.51372e-12	1.5331e-12	1.47452e-12	1.57229e-12	1.80059e-12	1.8216e-12
6.58043e+12	2.72963e-13	2.54825e-13	1.49133e-12	1.50854e-12	1.45312e-12	1.54675e-12	1.76048e-12	1.77955e-12
6.60138e+12	2.66808e-13	2.48656e-13	1.46751e-12	1.48296e-12	1.43063e-12	1.51984e-12	1.72648e-12	1.74209e-12
6.62234e+12	2.61181e-13	2.42925e-13	1.44261e-12	1.45676e-12	1.40743e-12	1.49194e-12	1.6989e-12	1.70945e-12
6.6433e+12	2.56087e-13	2.37658e-13	1.417e-12	1.43033e-12	1.38389e-12	1.46344e-12	1.67787e-12	1.68178e-12
6.66425e+12	2.51518e-13	2.32864e-13	1.39106e-12	1.40402e-12	1.36038e-12	1.4347e-12	1.66335e-12	1.65909e-12
6.68521e+12	2.47449e-13	2.28539e-13	1.36513e-12	1.37817e-12	1.33722e-12	1.40608e-12	1.65516e-12	1.64126e-12
6.70617e+12	2.43842e-13	2.24665e-13	1.33953e-12	1.35305e-12	1.3147e-12	1.37789e-12	1.65296e-12	1.62807e-12
6.72712e+12	2.40648e-13	2.21209e-13	1.31455e-12	1.32891e-12	1.29305e-12	1.3504e-12	1.65628e-12	1.61919e-12
6.74808e+12	2.37801e-13	2.18124e-13	1.29042e-12	1.3059e-12	1.27248e-12	1.32384e-12	1.66454e-12	1.61421e-12
6.76904e+12	2.35231e-13	2.15353e-13	1.26735e-12	1.28417e-12	1.25312e-12	1.29841e-12	1.67707e-12	1.61263e-12
6.79e+12	2.32858e-13	2.12827e-13	1.24548e-12	1.26378e-12	1.23503e-12	1.27423e-12	1.69313e-12	1.61393e-12
6.81095e+12	2.30598e-13	2.10475e-13	1.22489e-12	1.24475e-12	1.21825e-12	1.25139e-12	1.71195e-12	1.61754e-12
6.83191e+12	2.28368e-13	2.08219e-13	1.20565e-12	1.22707e-12	1.20277e-12	1.22995e-12	1.73273e-12	1.62289e-12
6.85287e+12	2.26088e-13	2.05985e-13	1.18775e-12	1.21067e-12	1.18851e-12	1.20992e-12	1.75469e-12	1.62941e-12
6.87382e+12	2.23683e-13	2.037e-13	1.17118e-12	1.19548e-12	1.17539e-12	1.19127e-12	1.7771e-12	1.63657e-12
6.89478e+12	2.21091e-13	2.01301e-13	1.15586e-12	1.18137e-12	1.16329e-12	1.17395e-12	1.79927e-12	1.64388e-12
6.91574e+12	2.1826e-13	1.98733e-13	1.14172e-12	1.16824e-12	1.15207e-12	1.15789e-12	1.82057e-12	1.65091e-12
6.93669e+12	2.15152e-13	1.95955e-13	1.12866e-12	1.15594e-12	1.1416e-12	1.143e-12	1.84046e-12	1.65729e-12
6.95765e+12	2.11743e-13	1.92937e-13	1.11656e-12	1.14434e-12	1.13173e-12	1.12917e-12	1.85848e-12	1.6627e-12
6.97861e+12	2.08027e-13	1.89665e-13	1.10528e-12	1.13329e-12	1.12229e-12	1.11628e-12	1.87423e-12	1.66688e-12
6.99956e+12	2.04009e-13	1.86137e-13	1.09468e-12	1.12265e-12	1.11314e-12	1.10419e-12	1.88741e-12	1.66964e-12
7.02052e+12	1.99708e-13	1.82362e-13	1.0846e-12	1.11225e-12	1.10411e-12	1.09274e-12	1.89774e-12	1.67081e-12
7.04148e+12	1.95152e-13	1.78359e-13	1.07487e-12	1.10194e-12	1.09504e-12	1.08176e-12	1.90499e-12	1.67023e-12
7.06243e+12	1.90374e-13	1.74156e-13	1.06527e-12	1.09154e-12	1.08576e-12	1.07105e-12	1.90898e-12	1.66777e-12
7.08339e+12	1.85414e-13	1.6978e-13	1.0556e-12	1.08087e-12	1.07609e-12	1.06038e-12	1.90949e-12	1.66327e-12
7.10435e+12	1.80309e-13	1.65263e-13	1.0456e-12	1.06972e-12	1.06581e-12	1.04952e-12	1.90632e-12	1.65656e-12
7.1253e+12	1.75094e-13	1.60634e-13	1.03502e-12	1.05787e-12	1.05471e-12	1.03819e-12	1.89926e-12	1.64743e-12
7.14626e+12	1.69799e-13	1.55917e-13	1.02358e-12	1.04507e-12	1.04255e-12	1.02609e-12	1.88805e-12	1.63563e-12
7.16722e+12	1.64446e-13	1.5113e-13	1.01095e-12	1.03106e-12	1.02909e-12	1.01292e-12	1.87242e-12	1.62088e-12
7.18817e+12	1.5905e-13	1.46283e-13	9.96845e-13	1.01557e-12	1.01406e-12	9.9836e-13	1.85209e-12	1.60286e-12
7.20913e+12	1.53616e-13	1.41381e-13	9.80946e-13	9.98344e-13	9.97203e-13	9.82087e-13	1.82677e-12	1.58125e-12
7.23009e+12	1.48141e-13	1.36421e-13	9.62961e-13	9.7911e-13	9.78272e-13	9.63799e-13	1.79616e-12	1.55571e-12
7.25104e+12	1.42617e-13	1.31392e-13	9.42624e-13	9.57633e-13	9.57035e-13	9.43221e-13	1.76003e-12	1.52591e-12
7.272e+12	1.3703e-13	1.26284e-13	9.19711e-13	9.33709e-13	9.33299e-13	9.20121e-13	1.7182e-12	1.4916e-12
7.29296e+12	1.31363e-13	1.21082e-13	8.94055e-13	9.07185e-13	9.06917e-13	8.94323e-13	1.67056e-12	1.45257e-12
7.31391e+12	1.25603e-13	1.15772e-13	8.65559e-13	8.77965e-13	8.77803e-13	8.65721e-13	1.61711e-12	1.4087e-12
7.33487e+12	1.19736e-13	1.10346e-13	8.34202e-13	8.4603e-13	8.45943e-13	8.34289e-13	1.55799e-12	1.35998e-12
7.35583e+12	1.13754e-13	1.04798e-13	8.00053e-13	8.11434e-13	8.114e-13	8.00088e-13	1.49344e-12	1.30655e-12
7.37679e+12	1.07658e-13	9.91308e-14	7.63267e-13	7.74319e-13	7.74318e-13	7.63268e-13	1.42387e-12	1.24864e-12
7.39774e+12	1.01456e-13	9.33547e-14	7.24088e-13	7.34906e-13	7.34924e-13	7.2407e-13	1.34984e-12	1.18664e-12
7.4187e+12	9.51642e-14	8.74888e-14	6.82841e-13	6.93496e-13	6.93524e-13	6.82813e-13	1.272e-12	1.12107e-12
7.43966e+12	8.88097e-14	8.15605e-14	6.39922e-13	6.50461e-13	6.50491e-13	6.39892e-13	1.19115e-12	1.05255e-12
7.46061e+12	8.24263e-14	7.56048e-14	5.95786e-13	6.06229e-13	6.06256e-13	5.95758e-13	1.10817e-12	9.81815e-13
7.48157e+12	7.60556e-14	6.9663e-14	5.50927e-13	5.61271e-13	5.61293e-13	5.50905e-13	1.024e-12	9.0965e-13
7.50253e+12	6.9744e-14	6.37809e-14	5.05866e-13	5.16085e-13	5.16101e-13	5.0585e-13	9.39605e-13	8.36897e-13
7.52348e+12	6.35412e-14	5.80068e-14	4.61124e-13	4.71176e-13	4.71186e-13	4.61114e-13	8.5596e-13	7.64409e-13
7.54444e+12	5.74977e-14	5.23893e-14	4.17209e-13	4.2704e-13	4.27043e-13	4.17206e-13	7.73997e-13	6.93019e-13
7.5654e+12	5.16628e-14	4.69753e-14	3.74597e-13	3.84143e-13	3.84141e-13	3.74599e-13	6.94586e-13	6.23519e-13
7.58635e+12	4.60823e-14	4.18078e-14	3.33717e-13	3.42911e-13	3.42905e-13	3.33723e-13	6.18504e-13	5.56628e-13
7.60731e+12	4.07968e-14	3.69246e-14	2.94937e-13	3.03714e-13	3.03704e-13	2.94946e-13	5.46417e-13	4.92973e-13
7.62827e+12	3.584e-14	3.23565e-14	2.58557e-13	2.66858e-13	2.66847e-13	2.58569e-13	4.78864e-13	4.33074e-13
7.64922e+12	3.12382e-14	2.8127e-14	2.24806e-13	2.32579e-13	2.32567e-13	2.24819e-13	4.16248e-13	3.77335e-13
7.67018e+12	2.70092e-14	2.42512e-14	1.93836e-13	2.01041e-13	2.01028e-13	1.9385e-13	3.58835e-13	3.26036e-13
7.69114e+12	2.31625e-14	2.07365e-14	1.65727e-13	1.72336e-13	1.72323e-13	1.6574e-13	3.06758e-13	2.79339e-13
7.71209e+12	1.96994e-14	1.75823e-14	1.40488e-13	1.46486e-13	1.46474e-13	1.405e-13	2.60024e-13	2.37293e-13
7.73305e+12	1.66137e-14	1.47812e-14	1.18069e-13	1.23456e-13	1.23445e-13	1.18081e-13	2.18529e-13	1.9984e-13
7.75401e+12	1.38925e-14	1.23195e-14	9.8368e-14	1.03153e-13	1.03143e-13	9.83781e-14	1.82075e-13	1.66838e-13
7.77496e+12	1.15175e-14	1.01787e-14	8.12378e-14	8.54432e-14	8.54343e-14	8.12467e-14	1.50385e-13	1.38065e-13
7.79592e+12	9.46588e-15	8.33625e-15	6.65e-14	7.0156e-14	7.01484e-14	6.65077e-14	1.23123e-13	1.13246e-13
7.81688e+12	7.71186e-15	6.76706e-15	5.39534e-14	5.70975e-14	5.70911e-14	5.39598e-14	9.99157e-14	9.20631e-14
7.83783e+12	6.22764e-15	5.44444e-15	4.33835e-14	4.60583e-14	4.6053e-14	4.33888e-14	8.03635e-14	7.4173e-14
7.85879e+12	4.98457e-15	4.34116e-15	3.45714e-14	3.68225e-14	3.68182e-14	3.45757e-14	6.40608e-14	5.92216e-14
7.87975e+12	3.95411e-15	3.43034e-15	2.73008e-14	2.91751e-14	2.91716e-14	2.73043e-14	5.06074e-14	4.68564e-14
7.9007e+12	3.10859e-15	2.68613e-15	2.13639e-14	2.29077e-14	2.29049e-14	2.13667e-14	3.96189e-14	3.67359e-14
7.92166e+12	2.4219e-15	2.0843e-15	1.6566e-14	1.7824e-14	1.78218e-14	1.65681e-14	3.07355e-14	2.85383e-14
7.94262e+12	1.86988e-15	1.60261e-15	1.27282e-14	1.37424e-14	1.37407e-14	1.27298e-14	2.36272e-14	2.19667e-14
7.96357e+12	1.43063e-15	1.22103e-15	9.68978e-15	1.04988e-14	1.04975e-14	9.69105e-15	1.79969e-14	1.67527e-14
7.98453e+12	1.08471e-15	9.21888e-16	7.3088e-15	7.94726e-15	7.94631e-15	7.30975e-15	1.35827e-14	1.26583e-14
8.00549e+12	8.15113e-16	6.89829e-16	5.46197e-15	5.96053e-15	5.95982e-15	5.46268e-15	1.01569e-14	9.47589e-15
8.02645e+12	6.07242e-16	5.11762e-16	4.04401e-15	4.42923e-15	4.42871e-15	4.04453e-15	7.52506e-15	7.02761e-15
8.0474e+12	4.48784e-16	3.76714e-16	2.96637e-15	3.26088e-15	3.26051e-15	2.96675e-15	5.52359e-15	5.16329e-15
8.06836e+12	3.29535e-16	2.75656e-16	2.15567e-15	2.37848e-15	2.37821e-15	2.15594e-15	4.01683e-15	3.75808e-15
8.08932e+12	2.41219e-16	2.01323e-16	1.55196e-15	1.71876e-15	1.71857e-15	1.55215e-15	2.89392e-15	2.70967e-15
8.11027e+12	1.77293e-16	1.48027e-16	1.10697e-15	1.23053e-15	1.23039e-15	1.1071e-15	2.06548e-15	1.9354e-15
8.13123e+12	1.32785e-16	1.11506e-16	7.82307e-16	8.7289e-16	8.72798e-16	7.82399e-16	1.46043e-15	1.36938e-15
8.15219e+12	1.0416e-16	8.88062e-17	5.47908e-16	6.13624e-16	6.1356e-16	5.47971e-16	1.02297e-15	9.59784e-16
8.17314e+12	8.92346e-17	7.82085e-17	3.80497e-16	4.27678e-16	4.27635e-16	3.8054e-16	7.09879e-16	6.664e-16
8.1941e+12	8.717e-17	7.9234e-17	2.62316e-16	2.9584e-16	2.95811e-16	2.62345e-16	4.88064e-16	4.58404e-16
8.21506e+12	9.85361e-17	9.27221e-17	1.80005e-16	2.0358e-16	2.03561e-16	1.80025e-16	3.32534e-16	3.12475e-16
8.23601e+12	1.25486e-16	1.21011e-16	1.23672e-16	1.40081e-16	1.40068e-16	1.23685e-16	2.24645e-16	2.11197e-16
8.25697e+12	1.7205e-16	1.68238e-16	8.61304e-17	9.7437e-17	9.74282e-17	8.61392e-17	1.50663e-16	1.41725e-16
8.27793e+12	2.44583e-16	2.40781e-16	6.2292e-17	7.00079e-17	7.00016e-17	6.22984e-17	1.00607e-16	9.47191e-17
8.29888e+12	3.52384e-16	3.47869e-16	4.87001e-17	5.392e-17	5.39149e-17	4.87053e-17	6.73335e-17	6.34896e-17
8.31984e+12	5.08533e-16	5.02403e-16	4.31776e-17	4.66862e-17	4.66813e-17	4.31825e-17	4.58191e-17	4.33337e-17
8.3408e+12	7.30977e-16	7.22005e-16	4.45785e-17	4.69343e-17	4.69287e-17	4.4584e-17	3.26203e-17	3.10308e-17
8.36175e+12	1.04391e-15	1.03035e-15	5.26279e-17	5.42273e-17	5.42202e-17	5.2635e-17	2.54703e-17	2.44681e-17
8.38271e+12	1.4795e-15	1.45881e-15	6.78354e-17	6.89623e-17	6.89526e-17	6.78451e-17	2.29894e-17	2.23721e-17
8.40367e+12	2.07996e-15	2.04847e-15	9.14745e-17	9.2338e-17	9.23245e-17	9.1488e-17	2.44876e-17	2.41253e-17
8.42462e+12	2.90011e-15	2.85248e-15	1.25619e-16	1.26383e-16	1.26364e-16	1.25638e-16	2.98402e-17	2.96532e-17
8.44558e+12	4.01033e-15	3.93892e-15	1.73231e-16	1.7404e-16	1.74014e-16	1.73257e-16	3.94231e-17	3.93675e-17
8.46654e+12	5.50007e-15	5.39398e-15	2.383e-16	2.39295e-16	2.39261e-16	2.38335e-16	5.40979e-17	5.41567e-17
8.48749e+12	7.48175e-15	7.32566e-15	3.26021e-16	3.27365e-16	3.27321e-16	3.26065e-16	7.52387e-17	7.54181e-17
8.50845e+12	1.00952e-14	9.86782e-15	4.43018e-16	4.44914e-16	4.44858e-16	4.43073e-16	1.04797e-16	1.05126e-16
8.52941e+12	1.35126e-14	1.31846e-14	5.9761e-16	6.00322e-16	6.00255e-16	5.97677e-16	1.45399e-16	1.45932e-16
8.55036e+12	1.79434e-14	1.74749e-14	8.00105e-16	8.03988e-16	8.03912e-16	8.0018e-16	2.00477e-16	2.013e-16
8.57132e+12	2.364e-14	2.29775e-14	1.06313e-15	1.06865e-15	1.06858e-15	1.0632e-15	2.74426e-16	2.7567e-16
8.59228e+12	3.09029e-14	2.99754e-14	1.40196e-15	1.40977e-15	1.4097e-15	1.40202e-15	3.72793e-16	3.74646e-16
8.61323e+12	4.0086e-14	3.88e-14	1.83491e-15	1.84583e-15	1.84581e-15	1.83493e-15	5.02492e-16	5.05221e-16
8.63419e+12	5.16009e-14	4.98356e-14	2.38365e-15	2.39877e-15	2.39884e-15	2.38358e-15	6.72032e-16	6.76013e-16
8.65515e+12	6.59208e-14	6.35213e-14	3.07351e-15	3.09426e-15	3.09449e-15	3.07328e-15	8.91778e-16	8.97532e-16
8.67611e+12	8.35826e-14	8.03531e-14	3.93381e-15	3.96201e-15	3.96251e-15	3.93331e-15	1.17421e-15	1.18245e-15
8.69706e+12	1.05188e-13	1.00883e-13	4.99802e-15	5.03595e-15	5.03689e-15	4.99709e-15	1.53418e-15	1.54589e-15
8.71802e+12	1.314e-13	1.25719e-13	6.30385e-15	6.35437e-15	6.35598e-15	6.30224e-15	1.98919e-15	2.00567e-15
8.73898e+12	1.6294e-13	1.55516e-13	7.89319e-15	7.95983e-15	7.96245e-15	7.89058e-15	2.55963e-15	2.58262e-15
8.75993e+12	2.0058e-13	1.90972e-13	9.81196e-15	9.89899e-15	9.90308e-15	9.80787e-15	3.26894e-15	3.30074e-15
8.78089e+12	2.45129e-13	2.32815e-13	1.21096e-14	1.22222e-14	1.22283e-14	1.21034e-14	4.14384e-15	4.18745e-15
8.80185e+12	2.97421e-13	2.81791e-13	1.48385e-14	1.49827e-14	1.49918e-14	1.48295e-14	5.2144e-15	5.27368e-15
8.8228e+12	3.58291e-13	3.38644e-13	1.80532e-14	1.82361e-14	1.82491e-14	1.80402e-14	6.51402e-15	6.59394e-15
8.84376e+12	4.28557e-13	4.04096e-13	2.18091e-14	2.20388e-14	2.20572e-14	2.17907e-14	8.07947e-15	8.18628e-15
8.86472e+12	5.08989e-13	4.78827e-13	2.61611e-14	2.64468e-14	2.64723e-14	2.61356e-14	9.95063e-15	1.00922e-14
8.88567e+12	6.00282e-13	5.63442e-13	3.11623e-14	3.15143e-14	3.1549e-14	3.11276e-14	1.21703e-14	1.23563e-14
8.90663e+12	7.03022e-13	6.58453e-13	3.68621e-14	3.72916e-14	3.73381e-14	3.68156e-14	1.47838e-14	1.50261e-14
8.92759e+12	8.17658e-13	7.64246e-13	4.33041e-14	4.38232e-14	4.38846e-14	4.32426e-14	1.78386e-14	1.81516e-14
8.94854e+12	9.44466e-13	8.81054e-13	5.05247e-14	5.11461e-14	5.12262e-14	5.04446e-14	2.13834e-14	2.17844e-14
8.9695e+12	1.08352e-12	1.00894e-12	5.85511e-14	5.92878e-14	5.93908e-14	5.8448e-14	2.5468e-14	2.59775e-14
8.99046e+12	1.23468e-12	1.14777e-12	6.73992e-14	6.82646e-14	6.83955e-14	6.72683e-14	3.01423e-14	3.07843e-14
9.01141e+12	1.39755e-12	1.29719e-12	7.70732e-14	7.80801e-14	7.82446e-14	7.69088e-14	3.54554e-14	3.62577e-14
9.03237e+12	1.57149e-12	1.45666e-12	8.75637e-14	8.87245e-14	8.89286e-14	8.73596e-14	4.1455e-14	4.24496e-14
9.05333e+12	1.75561e-12	1.6254e-12	9.88477e-14	1.00174e-13	1.00424e-13	9.85971e-14	4.81866e-14	4.94098e-14
9.07428e+12	1.94876e-12	1.80242e-12	1.10889e-13	1.12389e-13	1.12694e-13	1.10584e-13	5.56928e-14	5.71851e-14
9.09524e+12	2.14959e-12	1.98655e-12	1.23637e-13	1.25319e-13	1.25686e-13	1.2327e-13	6.40126e-14	6.5819e-14
9.1162e+12	2.35653e-12	2.17646e-12	1.37031e-13	1.38901e-13	1.39337e-13	1.36595e-13	7.31806e-14	7.53504e-14
9.13715e+12	2.56788e-12	2.37069e-12	1.51e-13	1.5306e-13	1.53575e-13	1.50485e-13	8.32268e-14	8.58137e-14
9.15811e+12	2.78183e-12	2.56769e-12	1.65467e-13	1.67714e-13	1.68317e-13	1.64865e-13	9.41762e-14	9.72378e-14
9.17907e+12	2.99654e-12	2.76588e-12	1.80349e-13	1.82779e-13	1.83479e-13	1.79649e-13	1.06049e-13	1.09646e-13
9.20002e+12	3.21015e-12	2.96368e-12	1.95562e-13	1.98168e-13	1.98973e-13	1.94757e-13	1.18858e-13	1.23056e-13
9.22098e+12	3.42092e-12	3.1596e-12	2.11026e-13	2.13794e-13	2.14714e-13	2.10106e-13	1.32614e-13	1.3748e-13
9.24194e+12	3.62723e-12	3.35222e-12	2.26665e-13	2.29579e-13	2.30623e-13	2.25621e-13	1.47318e-13	1.52924e-13
9.26289e+12	3.82763e-12	3.54031e-12	2.42412e-13	2.45453e-13	2.4663e-13	2.41235e-13	1.62969e-13	1.69387e-13
9.28385e+12	4.02094e-12	3.72283e-12	2.58212e-13	2.61356e-13	2.62675e-13	2.56894e-13	1.79558e-13	1.86864e-13
9.30481e+12	4.20621e-12	3.89894e-12	2.74023e-13	2.77243e-13	2.78713e-13	2.72554e-13	1.97068e-13	2.05341e-13
9.32577e+12	4.3828e-12	4.06803e-12	2.89817e-13	2.93082e-13	2.94712e-13	2.88188e-13	2.15478e-13	2.24797e-13
9.34672e+12	4.55034e-12	4.22975e-12	3.0558e-13	3.08857e-13	3.10656e-13	3.03782e-13	2.34754e-13	2.45204e-13
9.36768e+12	4.70875e-12	4.38396e-12	3.21314e-13	3.24567e-13	3.26544e-13	3.19338e-13	2.54856e-13	2.66523e-13
9.38864e+12	4.85818e-12	4.5307e-12	3.37034e-13	3.40224e-13	3.42388e-13	3.34869e-13	2.75727e-13	2.88703e-13
9.40959e+12	4.999e-12	4.67019e-12	3.52763e-13	3.55851e-13	3.58212e-13	3.50402e-13	2.97299e-13	3.11677e-13
9.43055e+12	5.13174e-12	4.80279e-12	3.68536e-13	3.71479e-13	3.74047e-13	3.65968e-13	3.19484e-13	3.35363e-13
9.45151e+12	5.25704e-12	4.92892e-12	3.84392e-13	3.87146e-13	3.89931e-13	3.81608e-13	3.42177e-13	3.59657e-13
9.47246e+12	5.37557e-12	5.04901e-12	4.00373e-13	4.02893e-13	4.05903e-13	3.97363e-13	3.65246e-13	3.84434e-13
9.49342e+12	5.48798e-12	5.16348e-12	4.16518e-13	4.18757e-13	4.22003e-13	4.13274e-13	3.8854e-13	4.09542e-13
9.51438e+12	5.59486e-12	5.2727e-12	4.32864e-13	4.34776e-13	4.38266e-13	4.29377e-13	4.11878e-13	4.34804e-13
9.53533e+12	5.69668e-12	5.37689e-12	4.49441e-13	4.50976e-13	4.54718e-13	4.45704e-13	4.35059e-13	4.60012e-13
9.55629e+12	5.79375e-12	5.47617e-12	4.6627e-13	4.67378e-13	4.71379e-13	4.62276e-13	4.57853e-13	4.84936e-13
9.57725e+12	5.88622e-12	5.57049e-12	4.83361e-13	4.83993e-13	4.88257e-13	4.79107e-13	4.80013e-13	5.09317e-13
9.5982e+12	5.97403e-12	5.65965e-12	5.00712e-13	5.00817e-13	5.05348e-13	4.96195e-13	5.01275e-13	5.32879e-13
9.61916e+12	6.05694e-12	5.74328e-12	5.18311e-13	5.17836e-13	5.22635e-13	5.13531e-13	5.21365e-13	5.55331e-13
9.64012e+12	6.13458e-12	5.8209e-12	5.36131e-13	5.35024e-13	5.4009e-13	5.31091e-13	5.40007e-13	5.76374e-13
9.66107e+12	6.20639e-12	5.89191e-12	5.54133e-13	5.52341e-13	5.57671e-13	5.48838e-13	5.56934e-13	5.95712e-13
9.68203e+12	6.27175e-12	5.95565e-12	5.72264e-13	5.69734e-13	5.75322e-13	5.66725e-13	5.71894e-13	6.13063e-13
9.70299e+12	6.32994e-12	6.0114e-12	5.9046e-13	5.87139e-13	5.92977e-13	5.84688e-13	5.84665e-13	6.28167e-13
9.72394e+12	6.38023e-12	6.05845e-12	6.08643e-13	6.04478e-13	6.10554e-13	6.02652e-13	5.9506e-13	6.40796e-13
9.7449e+12	6.4219e-12	6.09611e-12	6.26719e-13	6.21658e-13	6.2796e-13	6.20527e-13	6.02937e-13	6.50769e-13
9.76586e+12	6.45426e-12	6.12374e-12	6.4458e-13	6.38572e-13	6.45087e-13	6.38208e-13	6.08208e-13	6.57953e-13
9.78681e+12	6.47667e-12	6.14079e-12	6.62101e-13	6.55098e-13	6.6181e-13	6.55572e-13	6.1084e-13	6.62274e-13
9.80777e+12	6.48857e-12	6.14676e-12	6.79139e-13	6.71096e-13	6.7799e-13	6.72477e-13	6.10859e-13	6.63718e-13
9.82873e+12	6.48947e-12	6.14127e-12	6.95534e-13	6.86408e-13	6.93468e-13	6.88764e-13	6.08349e-13	6.62332e-13
9.84968e+12	6.47894e-12	6.124e-12	7.11102e-13	7.00858e-13	7.08069e-13	7.04251e-13	6.03448e-13	6.58225e-13
9.87064e+12	6.45662e-12	6.09469e-12	7.25641e-13	7.14251e-13	7.21597e-13	7.18737e-13	5.9634e-13	6.51555e-13
9.8916e+12	6.42218e-12	6.05314e-12	7.3893e-13	7.26373e-13	7.33843e-13	7.31999e-13	5.87248e-13	6.4253e-13
9.91255e+12	6.37532e-12	5.99919e-12	7.50731e-13	7.36998e-13	7.44578e-13	7.43798e-13	5.76421e-13	6.31391e-13
9.93351e+12	6.31572e-12	5.93271e-12	7.60791e-13	7.45886e-13	7.53564e-13	7.53883e-13	5.64125e-13	6.18405e-13
9.95447e+12	6.24311e-12	5.85357e-12	7.6885e-13	7.52791e-13	7.60558e-13	7.61992e-13	5.5063e-13	6.03851e-13
9.97543e+12	6.15717e-12	5.76168e-12	7.74648e-13	7.57468e-13	7.65314e-13	7.67863e-13	5.36196e-13	5.8801e-13
9.99638e+12	6.05764e-12	5.65695e-12	7.77931e-13	7.59682e-13	7.67598e-13	7.71241e-13	5.21069e-13	5.71153e-13
1.00173e+13	5.94425e-12	5.53936e-12	7.78462e-13	7.59215e-13	7.67191e-13	7.7189e-13	5.05466e-13	5.53532e-13
1.00383e+13	5.81681e-12	5.40892e-12	7.76034e-13	7.55879e-13	7.63904e-13	7.69598e-13	4.89574e-13	5.35372e-13
1.00593e+13	5.67522e-12	5.26577e-12	7.70476e-13	7.49523e-13	7.57585e-13	7.64195e-13	4.73544e-13	5.1687e-13
1.00802e+13	5.51952e-12	5.11014e-12	7.61665e-13	7.40044e-13	7.48129e-13	7.55558e-13	4.57494e-13	4.98187e-13
1.01012e+13	5.34993e-12	4.94245e-12	7.49538e-13	7.27398e-13	7.35487e-13	7.43622e-13	4.41506e-13	4.79453e-13
1.01221e+13	5.1669e-12	4.76329e-12	7.34097e-13	7.11602e-13	7.19675e-13	7.28387e-13	4.25633e-13	4.60768e-13
1.01431e+13	4.97112e-12	4.57347e-12	7.15412e-13	6.92741e-13	7.00773e-13	7.09923e-13	4.09903e-13	4.42206e-13
1.0164e+13	4.76357e-12	4.37404e-12	6.93626e-13	6.7097e-13	6.78934e-13	6.88373e-13	3.94327e-13	4.23818e-13
1.0185e+13	4.54551e-12	4.16628e-12	6.68954e-13	6.46512e-13	6.54376e-13	6.6395e-13	3.78904e-13	4.05641e-13
1.02059e+13	4.31848e-12	3.95166e-12	6.41679e-13	6.19649e-13	6.2738e-13	6.36934e-13	3.63628e-13	3.87701e-13
1.02269e+13	4.08428e-12	3.73188e-12	6.12139e-13	5.90723e-13	5.98285e-13	6.07664e-13	3.48491e-13	3.70019e-13
1.02479e+13	3.84489e-12	3.50877e-12	5.80724e-13	5.60116e-13	5.67473e-13	5.76528e-13	3.33492e-13	3.52613e-13
1.02688e+13	3.60251e-12	3.28429e-12	5.47861e-13	5.28244e-13	5.35358e-13	5.43948e-13	3.18636e-13	3.35505e-13
1.02898e+13	3.35937e-12	3.06043e-12	5.13996e-13	4.9554e-13	5.02377e-13	5.1037e-13	3.03936e-13	3.1872e-13
1.03107e+13	3.11776e-12	2.83916e-12	4.79583e-13	4.62439e-13	4.68965e-13	4.76246e-13	2.89413e-13	3.02282e-13
1.03317e+13	2.87991e-12	2.6224e-12	4.45068e-13	4.29366e-13	4.35551e-13	4.42017e-13	2.75093e-13	2.86222e-13
1.03526e+13	2.64791e-12	2.41189e-12	4.10874e-13	3.96718e-13	4.02537e-13	4.08104e-13	2.6101e-13	2.70569e-13
1.03736e+13	2.42368e-12	2.20922e-12	3.77387e-13	3.64857e-13	3.70289e-13	3.74892e-13	2.47196e-13	2.55351e-13
1.03946e+13	2.20885e-12	2.0157e-12	3.4495e-13	3.34097e-13	3.39127e-13	3.42719e-13	2.33685e-13	2.40593e-13
1.04155e+13	2.00481e-12	1.83242e-12	3.13851e-13	3.04697e-13	3.09318e-13	3.11873e-13	2.20504e-13	2.26315e-13
1.04365e+13	1.8126e-12	1.66015e-12	2.84322e-13	2.76862e-13	2.81072e-13	2.82582e-13	2.07677e-13	2.12529e-13
1.04574e+13	1.63294e-12	1.49939e-12	2.56534e-13	2.50736e-13	2.54538e-13	2.55016e-13	1.95221e-13	1.9924e-13
1.04784e+13	1.46625e-12	1.35037e-12	2.306e-13	2.26407e-13	2.2981e-13	2.29288e-13	1.83145e-13	1.86447e-13
1.04993e+13	1.31262e-12	1.21306e-12	2.06579e-13	2.03911e-13	2.06931e-13	2.05454e-13	1.71452e-13	1.74141e-13
1.05203e+13	1.1719e-12	1.08722e-12	1.84481e-13	1.83239e-13	1.85895e-13	1.83526e-13	1.6014e-13	1.62308e-13
1.05413e+13	1.04371e-12	9.72417e-13	1.64275e-13	1.64342e-13	1.66656e-13	1.63472e-13	1.49203e-13	1.50932e-13
1.05622e+13	9.27466e-13	8.68077e-13	1.45896e-13	1.47141e-13	1.49139e-13	1.45226e-13	1.38633e-13	1.39996e-13
1.05832e+13	8.22475e-13	7.73533e-13	1.29251e-13	1.31535e-13	1.33244e-13	1.28698e-13	1.28423e-13	1.29482e-13
1.06041e+13	7.27945e-13	6.88061e-13	1.14234e-13	1.17409e-13	1.18858e-13	1.13782e-13	1.18567e-13	1.19378e-13
1.06251e+13	6.43042e-13	6.10914e-13	1.00725e-13	1.04643e-13	1.05859e-13	1.00358e-13	1.09065e-13	1.09672e-13
1.0646e+13	5.66921e-13	5.41351e-13	8.86001e-14	9.31123e-14	9.4124e-14	8.83062e-14	9.99174e-14	1.00363e-13
1.0667e+13	4.98761e-13	4.78667e-13	7.77389e-14	8.27007e-14	8.35341e-14	7.75055e-14	9.11323e-14	9.14487e-14
1.0688e+13	4.37785e-13	4.22203e-13	6.80241e-14	7.32975e-14	7.39776e-14	6.78405e-14	8.27211e-14	8.2937e-14
1.07089e+13	3.83273e-13	3.71361e-13	5.93463e-14	6.48028e-14	6.53524e-14	5.92034e-14	7.46988e-14	7.48374e-14
1.07299e+13	3.34573e-13	3.25606e-13	5.16053e-14	5.71275e-14	5.75674e-14	5.14952e-14	6.70826e-14	6.71632e-14
1.07508e+13	2.91104e-13	2.84466e-13	4.47108e-14	5.01941e-14	5.05428e-14	4.46268e-14	5.98906e-14	5.99288e-14
1.07718e+13	2.52351e-13	2.47529e-13	3.85815e-14	4.39355e-14	4.42093e-14	3.85181e-14	5.31403e-14	5.31485e-14
1.07927e+13	2.1786e-13	2.14432e-13	3.31455e-14	3.82941e-14	3.8507e-14	3.30981e-14	4.68467e-14	4.68345e-14
1.08137e+13	1.87234e-13	1.84858e-13	2.83382e-14	3.32204e-14	3.33843e-14	2.83032e-14	4.10211e-14	4.0996e-14
1.08347e+13	1.6012e-13	1.58523e-13	2.4102e-14	2.8671e-14	2.8796e-14	2.40763e-14	3.56701e-14	3.56378e-14
1.08556e+13	1.36203e-13	1.35172e-13	2.03845e-14	2.46075e-14	2.47018e-14	2.0366e-14	3.07947e-14	3.07592e-14
1.08766e+13	1.15197e-13	1.14569e-13	1.7138e-14	2.09948e-14	2.10653e-14	1.71247e-14	2.63898e-14	2.63541e-14
1.08975e+13	9.68414e-14	9.64904e-14	1.43182e-14	1.78001e-14	1.78523e-14	1.43088e-14	2.24446e-14	2.24105e-14
1.09185e+13	8.08918e-14	8.0726e-14	1.18837e-14	1.49921e-14	1.50304e-14	1.18771e-14	1.89425e-14	1.89112e-14
1.09394e+13	6.71188e-14	6.70714e-14	9.79566e-15	1.25403e-14	1.25682e-14	9.79108e-15	1.58618e-14	1.58339e-14
1.09604e+13	5.53051e-14	5.53288e-14	8.01721e-15	1.04148e-14	1.04348e-14	8.01406e-15	1.31767e-14	1.31525e-14
1.09814e+13	4.52446e-14	4.53069e-14	6.51367e-15	8.58598e-15	8.60022e-15	6.51154e-15	1.08581e-14	1.08376e-14
1.10023e+13	3.67415e-14	3.68209e-14	5.25241e-15	7.02488e-15	7.03492e-15	5.25098e-15	8.87479e-15	8.85769e-15
1.10233e+13	2.96112e-14	2.96941e-14	4.20288e-15	5.70325e-15	5.71026e-15	4.20193e-15	7.19415e-15	7.18015e-15
1.10442e+13	2.36806e-14	2.37591e-14	3.33678e-15	4.5938e-15	4.59864e-15	3.33616e-15	5.78349e-15	5.77219e-15
1.10652e+13	1.87891e-14	1.88589e-14	2.62813e-15	3.67053e-15	3.67385e-15	2.62772e-15	4.61063e-15	4.60166e-15
1.10861e+13	1.4789e-14	1.48486e-14	2.0533e-15	2.90897e-15	2.91122e-15	2.05304e-15	3.64473e-15	3.6377e-15
1.11071e+13	1.15464e-14	1.15955e-14	1.59114e-15	2.28643e-15	2.28794e-15	1.59097e-15	2.85682e-15	2.85138e-15
1.1128e+13	8.94095e-15	8.98036e-15	1.22285e-15	1.78213e-15	1.78314e-15	1.22275e-15	2.2202e-15	2.21605e-15
1.1149e+13	6.86612e-15	6.89706e-15	9.3201e-16	1.37737e-15	1.37803e-15	9.31946e-16	1.71069e-15	1.70756e-15
1.117e+13	5.22872e-15	5.25255e-15	7.04402e-16	1.05548e-15	1.05591e-15	7.04363e-16	1.30679e-15	1.30445e-15
1.11909e+13	3.94826e-15	3.96628e-15	5.27899e-16	8.01886e-16	8.02162e-16	5.27876e-16	9.89628e-16	9.87909e-16
1.12119e+13	2.95606e-15	2.96947e-15	3.92274e-16	6.03956e-16	6.04132e-16	3.9226e-16	7.42944e-16	7.41693e-16
1.12328e+13	2.19428e-15	2.20411e-15	2.89014e-16	4.50922e-16	4.51033e-16	2.89005e-16	5.52892e-16	5.51991e-16
1.12538e+13	1.61479e-15	1.6219e-15	2.11115e-16	3.33715e-16	3.33785e-16	2.1111e-16	4.07857e-16	4.07215e-16
1.12747e+13	1.17805e-15	1.18312e-15	1.52889e-16	2.44795e-16	2.44838e-16	1.52886e-16	2.98223e-16	2.97771e-16
1.12957e+13	8.51947e-16	8.55514e-16	1.09767e-16	1.77976e-16	1.78002e-16	1.09766e-16	2.16135e-16	2.1582e-16
