-165607	-151796	-35441.8	6.00202e+12	6.00202e+12	6.00202e+12	6.95952e+12	6.95952e+12	6.95952e+12	1.00984e+13	1.00984e+13	1.00984e+13	
6.15034e+10	1.57684e+11	2.39144e+11	5.99202e+12	5.99206e+12	6.00186e+12	6.9595e+12	6.96708e+12	6.96739e+12	1.00977e+13	1.00985e+13	1.00987e+13	
1.22969e+11	3.1524e+11	4.78078e+11	5.96301e+12	5.96321e+12	6.00137e+12	6.95943e+12	6.98875e+12	6.98999e+12	1.00957e+13	1.00991e+13	1.00998e+13	
1.8436e+11	4.72543e+11	7.16592e+11	5.91759e+12	5.91809e+12	6.00056e+12	6.95933e+12	7.02193e+12	7.0247e+12	1.00924e+13	1.01e+13	1.01016e+13	
2.45637e+11	6.29464e+11	9.54476e+11	5.85894e+12	5.85995e+12	5.99944e+12	6.95918e+12	7.06341e+12	7.06831e+12	1.00879e+13	1.01013e+13	1.01041e+13	
3.06766e+11	7.85878e+11	1.19152e+12	5.79009e+12	5.79185e+12	5.99801e+12	6.95898e+12	7.11011e+12	7.1178e+12	1.00823e+13	1.01029e+13	1.01073e+13	
3.67708e+11	9.41658e+11	1.4275e+12	5.71358e+12	5.71637e+12	5.99629e+12	6.95872e+12	7.15946e+12	7.17066e+12	1.00757e+13	1.01051e+13	1.01112e+13	
4.28429e+11	1.09668e+12	1.66222e+12	5.63141e+12	5.63551e+12	5.99429e+12	6.95841e+12	7.20941e+12	7.22495e+12	1.00682e+13	1.01076e+13	1.01158e+13	
4.88893e+11	1.25081e+12	1.89546e+12	5.54511e+12	5.55086e+12	5.99201e+12	6.95802e+12	7.25837e+12	7.27919e+12	1.006e+13	1.01107e+13	1.01211e+13	
5.49066e+11	1.40394e+12	2.127e+12	5.45589e+12	5.46364e+12	5.98949e+12	6.95756e+12	7.30508e+12	7.33227e+12	1.00513e+13	1.01143e+13	1.01271e+13	
6.08914e+11	1.55593e+12	2.35662e+12	5.36473e+12	5.37486e+12	5.98674e+12	6.95701e+12	7.34853e+12	7.38333e+12	1.00422e+13	1.01184e+13	1.01336e+13	
6.68405e+11	1.70665e+12	2.58409e+12	5.2724e+12	5.28534e+12	5.98377e+12	6.95637e+12	7.38789e+12	7.4317e+12	1.0033e+13	1.01231e+13	1.01409e+13	
7.27506e+11	1.856e+12	2.80918e+12	5.1796e+12	5.1958e+12	5.98062e+12	6.95562e+12	7.42245e+12	7.47688e+12	1.0024e+13	1.01284e+13	1.01487e+13	
7.86188e+11	2.00383e+12	3.03165e+12	5.08692e+12	5.10689e+12	5.97731e+12	6.95476e+12	7.45166e+12	7.51847e+12	1.00152e+13	1.01342e+13	1.01571e+13	
8.44419e+11	2.15002e+12	3.25124e+12	4.9949e+12	5.01918e+12	5.97385e+12	6.95377e+12	7.47501e+12	7.55614e+12	1.0007e+13	1.01406e+13	1.01661e+13	
9.02172e+11	2.29444e+12	3.46768e+12	4.90407e+12	4.93324e+12	5.97028e+12	6.95264e+12	7.49211e+12	7.58967e+12	9.99943e+12	1.01475e+13	1.01757e+13	
9.59418e+11	2.43696e+12	3.68064e+12	4.81495e+12	4.8496e+12	5.96662e+12	6.95136e+12	7.50264e+12	7.61888e+12	9.99277e+12	1.01549e+13	1.01858e+13	
1.01613e+12	2.57743e+12	3.88969e+12	4.72813e+12	4.76877e+12	5.9629e+12	6.94991e+12	7.5064e+12	7.64366e+12	9.98711e+12	1.01626e+13	1.01964e+13	
1.07228e+12	2.7157e+12	4.09408e+12	4.64449e+12	4.69128e+12	5.95915e+12	6.9483e+12	7.50325e+12	7.66393e+12	9.98255e+12	1.01707e+13	1.02074e+13	
1.12784e+12	2.85161e+12	4.29125e+12	4.56667e+12	4.61765e+12	5.95539e+12	6.94649e+12	7.49319e+12	7.67969e+12	9.97913e+12	1.01789e+13	1.0219e+13	
1.1828e+12	2.98494e+12	4.43908e+12	4.53685e+12	4.54844e+12	5.95165e+12	6.94449e+12	7.47629e+12	7.69094e+12	9.97688e+12	1.01872e+13	1.02309e+13	
1.23711e+12	3.11548e+12	4.39584e+12	4.4842e+12	4.69671e+12	5.94795e+12	6.94228e+12	7.45278e+12	7.69776e+12	9.97575e+12	1.01955e+13	1.02432e+13	
1.29076e+12	3.24289e+12	4.32827e+12	4.42558e+12	4.87939e+12	5.94433e+12	6.93985e+12	7.42302e+12	7.70022e+12	9.97568e+12	1.02035e+13	1.02559e+13	
1.34373e+12	3.36676e+12	4.26282e+12	4.37331e+12	5.05822e+12	5.9408e+12	6.9372e+12	7.38754e+12	7.69844e+12	9.97658e+12	1.02112e+13	1.0269e+13	
1.39599e+12	3.48644e+12	4.20158e+12	4.32833e+12	5.23066e+12	5.93739e+12	6.93431e+12	7.34708e+12	7.69258e+12	9.97834e+12	1.02182e+13	1.02823e+13	
1.44751e+12	3.60088e+12	4.14529e+12	4.29192e+12	5.39529e+12	5.93413e+12	6.93118e+12	7.30266e+12	7.68278e+12	9.98085e+12	1.02246e+13	1.02959e+13	
1.49828e+12	3.70831e+12	4.09444e+12	4.26609e+12	5.55049e+12	5.93103e+12	6.92781e+12	7.25574e+12	7.66924e+12	9.98397e+12	1.023e+13	1.03098e+13	
1.54826e+12	3.8056e+12	4.04943e+12	4.25416e+12	5.69417e+12	5.92811e+12	6.92418e+12	7.20836e+12	7.65213e+12	9.98762e+12	1.02344e+13	1.03238e+13	
1.59744e+12	3.88777e+12	4.01057e+12	4.26126e+12	5.82335e+12	5.92539e+12	6.92031e+12	7.16343e+12	7.63167e+12	9.9917e+12	1.02376e+13	1.0338e+13	
1.64578e+12	3.94946e+12	3.97817e+12	4.29285e+12	5.92289e+12	5.93388e+12	6.91618e+12	7.12509e+12	7.60807e+12	9.99617e+12	1.02394e+13	1.03524e+13	
1.69327e+12	3.95248e+12	3.99043e+12	4.34921e+12	5.92062e+12	6.02028e+12	6.9118e+12	7.09876e+12	7.58152e+12	1.0001e+13	1.02396e+13	1.03668e+13	
1.73988e+12	3.93369e+12	4.01766e+12	4.42335e+12	5.91859e+12	6.07658e+12	6.90717e+12	7.09038e+12	7.55227e+12	1.00062e+13	1.02382e+13	1.03813e+13	
1.78558e+12	3.92197e+12	4.03936e+12	4.50703e+12	5.91681e+12	6.09847e+12	6.90231e+12	7.10415e+12	7.52052e+12	1.00119e+13	1.0235e+13	1.03959e+13	
1.83035e+12	3.91743e+12	4.06091e+12	4.5947e+12	5.91528e+12	6.08593e+12	6.89721e+12	7.14001e+12	7.48651e+12	1.00182e+13	1.023e+13	1.04105e+13	
1.87415e+12	3.92011e+12	4.08521e+12	4.68332e+12	5.91402e+12	6.04334e+12	6.89188e+12	7.19345e+12	7.45045e+12	1.00252e+13	1.0223e+13	1.0425e+13	
1.91697e+12	3.93001e+12	4.11371e+12	4.77121e+12	5.91301e+12	5.97701e+12	6.88634e+12	7.25804e+12	7.41257e+12	1.00332e+13	1.0214e+13	1.04394e+13	
1.95877e+12	3.9471e+12	4.14706e+12	4.85741e+12	5.89278e+12	5.91227e+12	6.88061e+12	7.3278e+12	7.3731e+12	1.00423e+13	1.02029e+13	1.04538e+13	
1.99952e+12	3.97126e+12	4.18553e+12	4.94135e+12	5.7951e+12	5.91178e+12	6.87469e+12	7.33226e+12	7.39814e+12	1.00528e+13	1.01898e+13	1.0468e+13	
2.03921e+12	4.00233e+12	4.22912e+12	5.02264e+12	5.68715e+12	5.91155e+12	6.86861e+12	7.29028e+12	7.46576e+12	1.0065e+13	1.01745e+13	1.04821e+13	
2.07779e+12	4.04013e+12	4.27769e+12	5.10104e+12	5.57116e+12	5.91155e+12	6.86238e+12	7.24739e+12	7.52838e+12	1.00791e+13	1.01572e+13	1.04959e+13	
2.11525e+12	4.0844e+12	4.331e+12	5.17633e+12	5.44872e+12	5.9118e+12	6.85603e+12	7.2038e+12	7.58435e+12	1.00953e+13	1.01378e+13	1.05096e+13	
2.15154e+12	4.13485e+12	4.38873e+12	5.24837e+12	5.32107e+12	5.91226e+12	6.84959e+12	7.15976e+12	7.63256e+12	1.01139e+13	1.01163e+13	1.0523e+13	
2.18665e+12	4.19114e+12	4.45052e+12	5.18918e+12	5.31704e+12	5.91293e+12	6.84307e+12	7.11548e+12	7.67221e+12	1.00929e+13	1.0135e+13	1.0536e+13	
2.22054e+12	4.25285e+12	4.51598e+12	5.05391e+12	5.38224e+12	5.9138e+12	6.83651e+12	7.07119e+12	7.70281e+12	1.00677e+13	1.01585e+13	1.05488e+13	
2.25319e+12	4.31939e+12	4.58468e+12	4.91619e+12	5.44387e+12	5.91484e+12	6.82993e+12	7.02711e+12	7.72409e+12	1.00407e+13	1.01844e+13	1.05612e+13	
2.28456e+12	4.38963e+12	4.65619e+12	4.77741e+12	5.50185e+12	5.91603e+12	6.82336e+12	6.98345e+12	7.736e+12	1.00121e+13	1.02126e+13	1.05733e+13	
2.31464e+12	4.45856e+12	4.64281e+12	4.73006e+12	5.55612e+12	5.91737e+12	6.81684e+12	6.94043e+12	7.73862e+12	9.98196e+12	1.02427e+13	1.05849e+13	
2.34338e+12	4.45795e+12	4.5808e+12	4.80583e+12	5.60661e+12	5.91882e+12	6.81039e+12	6.89825e+12	7.73218e+12	9.95057e+12	1.02746e+13	1.05961e+13	
2.37077e+12	4.33119e+12	4.64822e+12	4.88304e+12	5.65326e+12	5.92036e+12	6.80405e+12	6.8571e+12	7.71702e+12	9.91808e+12	1.03077e+13	1.06069e+13	
2.39678e+12	4.1901e+12	4.73346e+12	4.96121e+12	5.69604e+12	5.92197e+12	6.79784e+12	6.81716e+12	7.69357e+12	9.88473e+12	1.03417e+13	1.06172e+13	
