0.000000 0.000000 0.004285 -0.004285 1.000000 0
1.000000 0.000000 0.002205 -0.002205 1.000000 1
0.250000 -0.029725 -0.030640 0.000915 1.000000 2
0.500000 -0.052305 -0.065566 0.013261 1.000000 3
0.500000 0.014577 0.041294 -0.026718 1.000000 4
0.500000 -0.125592 -0.103615 -0.021977 1.000000 5
0.750000 -0.028086 -0.031680 0.003595 1.000000 6
0.625000 -0.040109 -0.048623 0.008514 1.000000 106
0.625000 -0.060412 -0.048623 -0.011789 1.000000 109
0.250000 0.000597 -0.019198 0.019795 1.000000 10
0.750000 -0.022955 -0.031680 0.008726 1.000000 110
0.750000 -0.030853 -0.031680 0.000828 1.000000 112
0.625000 -0.079088 -0.067647 -0.011441 1.000000 113
0.750000 -0.047433 -0.050705 0.003272 1.000000 114
0.750000 -0.046555 -0.031680 -0.014875 1.000000 116
0.875000 -0.011429 -0.014737 0.003308 1.000000 117
0.500000 -0.121934 -0.138272 0.016339 1.000000 12
0.500000 -0.018534 -0.051446 0.032912 1.000000 30
0.500000 -0.154269 -0.114458 -0.039811 1.000000 35
0.500000 -0.125063 -0.075260 -0.049803 1.000000 39
0.750000 -0.143286 -0.137753 -0.005532 1.000000 41
0.250000 0.001321 -0.019198 0.020519 1.000000 49
0.750000 -0.119405 -0.137753 0.018349 1.000000 78
0.125000 0.008757 0.000277 0.008481 1.000000 7
0.125000 -0.012035 -0.013178 0.001142 1.000000 82
0.250000 -0.025791 -0.030640 0.004849 1.000000 83
0.250000 -0.059979 -0.049665 -0.010314 1.000000 85
0.250000 -0.030935 -0.030640 -0.000295 1.000000 87
0.375000 -0.079919 -0.067128 -0.012791 1.000000 88
0.250000 0.006460 -0.003732 0.010192 1.000000 8
0.375000 -0.040392 -0.048103 0.007711 1.000000 90
0.250000 -0.026323 -0.030640 0.004318 1.000000 93
0.375000 -0.078970 -0.067128 -0.011842 1.000000 94
0.375000 -0.043746 -0.048103 0.004357 1.000000 95
0.625000 -0.063606 -0.067647 0.004041 1.000000 99
0.250000 -0.038364 -0.051528 0.013164 1.000000 9
0.500000 -0.108964 -0.128187 0.019224 1.000000 1040
0.583333 -0.146418 -0.155953 0.009535 1.000000 1041
0.666667 -0.209418 -0.197959 -0.011459 1.000000 1146
0.166667 0.000140 0.014074 -0.013933 1.000000 1206
0.333333 -0.064967 -0.066262 0.001294 1.000000 123
0.666667 -0.126169 -0.140102 0.013933 1.000000 1356
0.833333 -0.080348 -0.072946 -0.007402 1.000000 1362
0.833333 -0.065544 -0.072946 0.007402 1.000000 1482
0.083333 -0.007679 -0.007357 -0.000322 1.000000 1487
0.833333 -0.012808 -0.020385 0.007577 1.000000 1826
0.833333 -0.019349 -0.020385 0.001036 1.000000 1839
0.833333 -0.028283 -0.033068 0.004785 1.000000 1850
0.916667 -0.007071 -0.009090 0.002019 1.000000 1861
0.583333 -0.155028 -0.155672 0.000644 1.000000 261
0.416667 -0.095120 -0.090175 -0.004944 1.000000 296
0.500000 -0.129346 -0.113808 -0.015538 1.000000 405
0.583333 -0.157528 -0.155953 -0.001575 1.000000 408
0.500000 -0.127979 -0.121657 -0.006321 1.000000 443
0.583333 -0.153649 -0.149423 -0.004225 1.000000 465
0.666667 -0.184452 -0.197818 0.013366 1.000000 478
