0.553382
-0.041088
-0.030708
-0.021842
0.012568
-0.034054
0.000000
0.000000
0.002920
0.000000
0.000000
0.000000
-0.005985
0.005471
0.000000
0.000000
0.000000
0.000000
0.000000
0.000000
0.000000
0.000000
0.000000
0.000000
0.000000
0.004521
0.000000
0.000000
0.000000
0.000000
0.000000
-0.000976
0.000000
0.000000
0.000000
0.000000
0.000000
0.000000
0.000000
0.000000
0.000000
0.000000
0.000000
0.000000
0.000000
0.000000
0.000000
0.000000
0.000000
0.000000
0.000000
0.000000
0.000000
0.000000
-0.010367
0.000000
0.000000
0.000000
0.000000
0.000000
