0.000000 0.000000 -0.001543 0.001543 1.000000 0
1.000000 0.000000 0.003362 -0.003362 1.000000 1
0.250000 0.040022 0.053117 -0.013095 1.000000 2
0.500000 0.076585 0.071864 0.004721 1.000000 3
0.500000 0.041379 0.053359 -0.011980 1.000000 4
0.500000 0.084889 0.091241 -0.006352 1.000000 5
0.750000 0.067048 0.055570 0.011478 1.000000 6
0.500000 0.046553 0.027134 0.019419 1.000000 102
0.500000 0.057744 0.062611 -0.004867 1.000000 105
0.625000 0.075801 0.063717 0.012084 1.000000 106
0.500000 0.055029 0.062611 -0.007582 1.000000 107
0.625000 0.058955 0.054464 0.004491 1.000000 111
0.625000 0.081071 0.073405 0.007666 1.000000 113
0.750000 0.039669 0.028360 0.011308 1.000000 115
0.875000 0.039696 0.029466 0.010231 1.000000 117
0.500000 0.084577 0.085473 -0.000896 1.000000 12
0.375000 0.107372 0.111164 -0.003792 1.000000 14
0.375000 0.154922 0.158161 -0.003239 1.000000 17
0.250000 0.116439 0.117484 -0.001045 1.000000 19
0.375000 0.113333 0.102768 0.010565 1.000000 20
0.375000 0.157910 0.143901 0.014010 1.000000 21
0.375000 0.154653 0.172122 -0.017469 1.000000 23
0.500000 0.160509 0.145612 0.014897 1.000000 25
0.625000 0.089681 0.090168 -0.000487 1.000000 26
0.500000 0.150408 0.193780 -0.043372 1.000000 30
0.625000 0.128063 0.144321 -0.016258 1.000000 31
0.750000 0.079879 0.082891 -0.003013 1.000000 32
0.500000 0.131337 0.137338 -0.006001 1.000000 35
0.625000 0.114236 0.116100 -0.001864 1.000000 36
0.750000 0.052581 0.073146 -0.020565 1.000000 37
0.625000 0.102710 0.111136 -0.008427 1.000000 38
0.500000 0.159184 0.165858 -0.006673 1.000000 39
0.625000 0.129643 0.130360 -0.000716 1.000000 40
0.750000 0.075617 0.088877 -0.013259 1.000000 42
0.750000 0.081645 0.098052 -0.016407 1.000000 44
0.875000 0.045419 0.049112 -0.003693 1.000000 45
0.125000 0.070335 0.074461 -0.004126 1.000000 46
0.375000 0.151868 0.155168 -0.003300 1.000000 50
0.250000 0.111374 0.106862 0.004512 1.000000 51
0.500000 0.143428 0.125665 0.017763 1.000000 53
0.250000 0.113978 0.117484 -0.003507 1.000000 57
0.375000 0.157010 0.140908 0.016102 1.000000 59
0.500000 0.107713 0.111405 -0.003692 1.000000 62
0.625000 0.088212 0.093160 -0.004948 1.000000 63
0.500000 0.159308 0.179819 -0.020511 1.000000 66
0.625000 0.128977 0.127367 0.001610 1.000000 68
0.500000 0.163993 0.165559 -0.001566 1.000000 71
0.625000 0.296702 0.147314 0.149388 1.000000 72
0.750000 0.079522 0.085884 -0.006362 1.000000 74
0.750000 0.051232 0.073146 -0.021913 1.000000 76
0.625000 0.101525 0.111136 -0.009612 1.000000 77
0.125000 0.074814 0.074461 0.000353 1.000000 7
0.750000 0.086282 0.098052 -0.011769 1.000000 80
0.875000 0.045738 0.049112 -0.003374 1.000000 81
0.125000 0.020645 0.025787 -0.005142 1.000000 82
0.250000 0.028721 0.025908 0.002814 1.000000 84
0.250000 0.056885 0.044849 0.012036 1.000000 85
0.375000 0.060414 0.062491 -0.002077 1.000000 90
0.375000 0.044230 0.053238 -0.009007 1.000000 91
0.375000 0.065019 0.072179 -0.007160 1.000000 94
0.500000 0.081273 0.081553 -0.000280 1.000000 96
0.500000 0.082083 0.081553 0.000530 1.000000 98
0.250000 0.112100 0.106862 0.005238 1.000000 9
