0.000000 -0.000000 -0.000690 0.000690 1.000000 0
1.000000 0.000000 0.001562 -0.001562 1.000000 1
0.250000 0.010564 0.006222 0.004342 1.000000 2
0.500000 -0.004904 -0.004273 -0.000631 1.000000 3
0.500000 0.018861 0.020507 -0.001646 1.000000 4
0.500000 0.009748 0.010468 -0.000720 1.000000 5
0.250000 0.000603 0.001997 -0.001394 1.000000 10
0.500000 -0.009190 -0.009629 0.000439 1.000000 12
0.250000 0.001717 0.003314 -0.001597 1.000000 19
0.500000 0.001181 0.000984 0.000197 1.000000 25
0.625000 -0.002078 -0.002591 0.000512 1.000000 26
0.500000 0.016419 0.017038 -0.000620 1.000000 30
0.500000 -0.013369 -0.012435 -0.000933 1.000000 35
0.625000 -0.003596 -0.003994 0.000398 1.000000 36
0.750000 -0.002524 0.000283 -0.002807 1.000000 37
0.500000 0.009773 0.008963 0.000810 1.000000 39
0.750000 0.005527 0.003123 0.002404 1.000000 41
0.750000 0.007387 0.004440 0.002947 1.000000 44
0.250000 -0.003183 -0.001030 -0.002153 1.000000 47
0.250000 -0.002318 0.001997 -0.004315 1.000000 49
0.250000 -0.000952 -0.000843 -0.000109 1.000000 51
0.500000 -0.000785 -0.000333 -0.000452 1.000000 53
0.250000 -0.000992 0.003314 -0.004306 1.000000 57
0.500000 -0.010999 -0.011032 0.000033 1.000000 62
0.500000 0.013758 0.013001 0.000757 1.000000 66
0.750000 -0.000242 0.000283 -0.000524 1.000000 76
0.125000 0.001743 0.001316 0.000427 1.000000 7
0.750000 0.008905 0.004440 0.004465 1.000000 80
0.250000 0.004503 -0.000843 0.005346 1.000000 9
0.833333 -0.003157 -0.001407 -0.001750 1.000000 1111
0.833333 -0.003419 -0.001407 -0.002012 1.000000 1201
0.166667 -0.003443 -0.003662 0.000218 1.000000 1204
0.166667 -0.000666 -0.002909 0.002243 1.000000 120
0.166667 -0.003880 -0.003662 -0.000218 1.000000 1369
0.833333 0.000112 -0.001407 0.001519 1.000000 459
