0.000000 -0.000000 0.009240 -0.009240 1.000000 0
1.000000 0.000000 0.008292 -0.008292 1.000000 1
0.250000 0.010853 0.014903 -0.004050 1.000000 2
0.500000 -0.011378 -0.013066 0.001688 1.000000 3
0.500000 0.023395 0.027449 -0.004054 1.000000 4
0.500000 0.030893 0.035517 -0.004625 1.000000 5
0.750000 0.004832 0.014430 -0.009598 1.000000 6
0.375000 -0.005900 -0.006932 0.001032 1.000000 11
0.750000 0.032499 0.021905 0.010595 1.000000 114
0.750000 0.034856 0.017871 0.016985 1.000000 115
0.875000 0.007127 0.011361 -0.004234 1.000000 117
0.500000 -0.031787 -0.029140 -0.002646 1.000000 12
0.250000 0.007793 0.006790 0.001004 1.000000 13
0.250000 0.028935 0.027237 0.001698 1.000000 19
0.375000 0.006548 0.009355 -0.002807 1.000000 21
0.500000 0.014433 0.015413 -0.000980 1.000000 25
0.500000 0.058713 0.060283 -0.001570 1.000000 30
0.625000 0.036861 0.037543 -0.000682 1.000000 31
0.750000 0.008906 0.006474 0.002432 1.000000 32
0.500000 0.004932 0.003433 0.001499 1.000000 35
0.500000 0.028257 0.027078 0.001179 1.000000 39
0.875000 0.009205 0.011548 -0.002343 1.000000 45
0.250000 0.010231 0.006869 0.003362 1.000000 47
0.500000 -0.000848 -0.001031 0.000183 1.000000 53
0.250000 0.026917 0.027237 -0.000319 1.000000 57
0.500000 -0.014146 -0.012854 -0.001292 1.000000 62
0.500000 0.041085 0.043680 -0.002596 1.000000 66
0.125000 0.010668 0.012258 -0.001590 1.000000 7
0.500000 0.032216 0.031858 0.000358 1.000000 71
0.250000 0.016151 0.006948 0.009203 1.000000 8
0.125000 0.010594 0.012072 -0.001478 1.000000 82
0.250000 0.014470 0.006495 0.007974 1.000000 83
0.250000 0.035707 0.022378 0.013329 1.000000 85
0.250000 0.012978 0.014903 -0.001925 1.000000 87
0.250000 0.013188 0.014903 -0.001715 1.000000 93
0.500000 0.008457 0.011226 -0.002769 1.000000 96
0.500000 0.007508 0.011226 -0.003717 1.000000 98
0.333333 -0.012637 -0.004411 -0.008227 1.000000 123
0.666667 0.003500 -0.004727 0.008227 1.000000 189
