1
0.000000
0

4
0.000000
1
0.333333 0.666667 0.583729

6
2.904236
2
0.333333 0.666667 0.583729
0.666667 1.333333 0.416271

12
3.051866
2
0.333333 0.666667 0.916271
-0.666667 -0.333333 0.916271

6
4.212892
2
0.666667 0.333333 0.416271
1.333333 -0.333333 0.583729

2
4.584613
2
0.666667 0.333333 0.416271
0.666667 0.333333 0.083729

12
5.202149
2
0.666667 0.333333 0.416271
0.333333 -1.333333 0.583729

12
5.285988
2
0.333333 0.666667 0.916271
-0.666667 -1.333333 0.916271

12
5.507501
2
0.666667 0.333333 0.416271
-0.333333 -0.666667 0.083729

12
6.103733
2
0.333333 0.666667 0.916271
-1.666667 -1.333333 0.916271

12
6.759447
2
0.666667 0.333333 0.416271
1.333333 -1.333333 0.583729

12
6.997167
2
0.666667 0.333333 0.416271
-0.333333 -1.666667 0.083729

12
7.114913
2
0.666667 0.333333 0.083729
0.333333 -0.333333 0.583729

12
3.051866
3
0.333333 0.666667 0.916271
-0.333333 0.333333 1.083729
-0.666667 -0.333333 0.916271

4
3.051867
3
0.333333 0.666667 0.916271
0.333333 -0.333333 0.916271
-0.666667 -0.333333 0.916271

4
3.051867
3
0.333333 0.666667 0.916271
-0.666667 0.666667 0.916271
-0.666667 -0.333333 0.916271

24
4.212892
3
0.666667 0.333333 0.416271
0.333333 -0.333333 0.583729
1.333333 -0.333333 0.583729

24
5.202149
3
0.666667 0.333333 0.416271
0.333333 -0.333333 0.583729
0.333333 -1.333333 0.583729

24
5.202149
3
0.666667 0.333333 0.416271
-0.333333 -0.666667 0.416271
0.333333 -1.333333 0.583729

12
5.202150
3
0.666667 0.333333 0.416271
1.666667 0.333333 0.416271
0.333333 -1.333333 0.583729

24
5.285988
3
0.333333 0.666667 0.916271
-0.333333 0.333333 1.083729
-0.666667 -1.333333 0.916271

24
5.285988
3
0.333333 0.666667 0.916271
-0.666667 -0.333333 0.916271
-0.666667 -1.333333 0.916271

8
5.285989
3
0.333333 0.666667 0.916271
-1.666667 -0.333333 0.916271
-0.666667 -1.333333 0.916271

12
5.285988
3
0.666667 0.333333 0.416271
0.333333 -0.333333 0.583729
-0.333333 -1.666667 0.416271

24
5.285988
3
0.666667 0.333333 0.416271
1.333333 -0.333333 0.583729
-0.333333 -1.666667 0.416271

24
5.507501
3
0.666667 0.333333 0.416271
-0.333333 -0.666667 0.416271
-0.333333 -0.666667 0.083729

12
5.507501
3
0.666667 0.333333 0.416271
0.666667 -0.666667 0.416271
-0.333333 -0.666667 0.083729

12
5.507501
3
0.666667 0.333333 0.416271
-0.333333 0.333333 0.416271
-0.333333 -0.666667 0.083729

24
5.507501
3
0.666667 0.333333 0.416271
-0.333333 -1.666667 0.416271
-0.333333 -0.666667 0.083729

4
3.051867
4
0.333333 0.666667 0.916271
-0.333333 0.333333 1.083729
-0.666667 0.666667 0.916271
-0.666667 -0.333333 0.916271

12
4.212892
4
0.666667 0.333333 0.416271
1.333333 0.666667 0.583729
0.333333 -0.333333 0.583729
1.333333 -0.333333 0.583729

12
4.212892
4
0.666667 0.333333 0.416271
0.333333 -0.333333 0.583729
0.666667 -0.666667 0.416271
1.333333 -0.333333 0.583729

6
4.212896
4
0.666667 0.333333 0.416271
1.333333 0.666667 0.583729
0.666667 -0.666667 0.416271
1.333333 -0.333333 0.583729

