0.000000 0.000000 0.011228 -0.011228 1.000000 0
1.000000 0.000000 0.007380 -0.007380 1.000000 1
0.250000 0.018814 0.026141 -0.007328 1.000000 2
0.500000 0.028994 0.023290 0.005704 1.000000 3
0.500000 0.036763 0.049577 -0.012813 1.000000 4
0.500000 0.010738 0.018546 -0.007808 1.000000 5
0.750000 0.008015 0.024217 -0.016202 1.000000 6
0.500000 0.054590 0.029441 0.025150 1.000000 102
0.625000 0.027499 0.023753 0.003746 1.000000 106
0.750000 0.018537 0.012963 0.005574 1.000000 114
0.750000 0.047194 0.028478 0.018715 1.000000 115
0.875000 0.013937 0.015799 -0.001862 1.000000 117
0.500000 0.088443 0.079114 0.009329 1.000000 12
0.250000 0.089622 0.101332 -0.011710 1.000000 13
0.250000 0.099112 0.097360 0.001752 1.000000 15
0.250000 0.110363 0.098640 0.011723 1.000000 19
0.500000 0.131434 0.122689 0.008745 1.000000 25
0.500000 0.162316 0.160343 0.001974 1.000000 30
0.500000 0.123068 0.127364 -0.004296 1.000000 35
0.625000 0.096646 0.093758 0.002887 1.000000 36
0.750000 0.039424 0.054769 -0.015346 1.000000 37
0.500000 0.119559 0.123935 -0.004376 1.000000 39
0.750000 0.056546 0.054552 0.001994 1.000000 41
0.750000 0.062750 0.057192 0.005558 1.000000 42
0.750000 0.071456 0.075716 -0.004260 1.000000 44
0.875000 0.032709 0.033766 -0.001057 1.000000 45
0.250000 0.093406 0.099852 -0.006446 1.000000 47
0.250000 0.094309 0.097360 -0.003051 1.000000 48
0.250000 0.084093 0.077910 0.006183 1.000000 51
0.500000 0.103547 0.101524 0.002022 1.000000 53
0.250000 0.108844 0.098640 0.010205 1.000000 57
0.500000 0.091651 0.103239 -0.011587 1.000000 62
0.500000 0.139808 0.142139 -0.002331 1.000000 66
0.125000 0.051949 0.057761 -0.005812 1.000000 7
0.625000 0.093363 0.092278 0.001085 1.000000 73
0.750000 0.053294 0.054552 -0.001258 1.000000 78
0.250000 0.097506 0.098371 -0.000866 1.000000 8
0.750000 0.073407 0.075716 -0.002309 1.000000 80
0.875000 0.031403 0.033766 -0.002364 1.000000 81
0.250000 0.029109 0.030403 -0.001293 1.000000 84
0.250000 0.085443 0.077910 0.007533 1.000000 9
0.500000 0.025744 0.015466 0.010278 1.000000 1570
0.666667 0.019407 0.014824 0.004582 1.000000 1841
0.666667 0.013070 0.014824 -0.001754 1.000000 1845
