0.000000 0.000000 0.004342 -0.004342 1.000000 0
1.000000 0.000000 0.011615 -0.011615 1.000000 1
0.250000 0.036278 0.044927 -0.008649 1.000000 2
0.500000 0.043391 0.044850 -0.001459 1.000000 3
0.500000 0.071731 0.087458 -0.015727 1.000000 4
0.500000 0.041638 0.046693 -0.005055 1.000000 5
0.750000 0.044289 0.048563 -0.004274 1.000000 6
0.500000 0.067539 0.047718 0.019821 1.000000 102
0.500000 0.060716 0.050205 0.010512 1.000000 107
0.625000 0.051422 0.048897 0.002524 1.000000 109
0.750000 0.039842 0.037129 0.002713 1.000000 114
0.750000 0.051034 0.049537 0.001498 1.000000 115
0.750000 0.044662 0.040588 0.004073 1.000000 116
0.500000 0.027354 0.025985 0.001369 1.000000 12
0.375000 0.043600 0.044948 -0.001347 1.000000 21
0.375000 0.055845 0.056831 -0.000985 1.000000 23
0.500000 0.047068 0.045563 0.001505 1.000000 25
0.500000 0.071514 0.069325 0.002189 1.000000 30
0.625000 0.056609 0.058649 -0.002040 1.000000 31
0.500000 0.049480 0.045559 0.003921 1.000000 35
0.625000 0.043009 0.046766 -0.003757 1.000000 36
0.500000 0.042059 0.041383 0.000676 1.000000 39
0.500000 0.032384 0.032970 -0.000586 1.000000 53
0.500000 0.054958 0.055354 -0.000396 1.000000 66
0.500000 0.059353 0.058157 0.001196 1.000000 71
0.625000 0.044605 0.048169 -0.003564 1.000000 73
0.125000 0.019920 0.024339 -0.004419 1.000000 7
0.250000 0.052540 0.045900 0.006640 1.000000 84
0.500000 0.053076 0.043285 0.009791 1.000000 89
0.375000 0.043400 0.047079 -0.003679 1.000000 95
0.666667 0.044777 0.040317 0.004460 1.000000 1841
0.666667 0.044639 0.045633 -0.000995 1.000000 1845
