3.051867 0.000000 0.000000
-1.525934 2.642994 0.000000
0.000000 0.000000 13.786568
1.000000 0.000000 0.000000
0.000000 1.000000 0.000000
0.000000 0.000000 1.000000
0.333333 0.666667 0.583729 Ti
0.666667 0.333333 0.083729 Ti
0.666667 0.333333 0.416271 Ti
0.333333 0.666667 0.916271 Ti
0.333333 0.666667 0.250000 Al
0.666667 0.333333 0.750000 Al
1.000000 1.000000 1.000000 C
1.000000 1.000000 0.500000 C
end

3.051867 0.000000 0.000000
-1.525934 2.642994 0.000000
0.000000 0.000000 13.786568
1.000000 0.000000 0.000000
0.000000 1.000000 0.000000
0.000000 0.000000 1.000000
0.333333 0.666667 0.583729 Sc
0.666667 0.333333 0.083729 Sc
0.666667 0.333333 0.416271 Sc
0.333333 0.666667 0.916271 Sc
0.333333 0.666667 0.250000 Al
0.666667 0.333333 0.750000 Al
1.000000 1.000000 1.000000 C
1.000000 1.000000 0.500000 C
end

