1
0.000000
0

4
0.000000
1
0.333333 0.666667 0.583729

6
2.904236
2
0.333333 0.666667 0.583729
0.666667 1.333333 0.416271

12
3.051866
2
0.333333 0.666667 0.916271
-0.666667 -0.333333 0.916271

6
4.212892
2
0.666667 0.333333 0.416271
1.333333 -0.333333 0.583729

12
3.051866
3
0.333333 0.666667 0.916271
-0.333333 0.333333 1.083729
-0.666667 -0.333333 0.916271

4
3.051867
3
0.333333 0.666667 0.916271
0.333333 -0.333333 0.916271
-0.666667 -0.333333 0.916271

4
3.051867
3
0.333333 0.666667 0.916271
-0.666667 0.666667 0.916271
-0.666667 -0.333333 0.916271

