0.000000 0.000000 -0.001497 0.001497 1.000000 0
1.000000 0.000000 0.014825 -0.014825 1.000000 1
0.250000 0.015714 0.025633 -0.009919 1.000000 2
0.500000 0.009139 0.052763 -0.043623 1.000000 3
0.500000 -0.022249 0.006664 -0.028913 1.000000 4
0.500000 0.021059 0.052763 -0.031704 1.000000 5
0.750000 0.027355 0.033794 -0.006438 1.000000 6
0.500000 0.004344 0.006664 -0.002320 1.000000 102
0.750000 0.007897 0.010745 -0.002848 1.000000 115
0.500000 -0.040825 -0.015174 -0.025651 1.000000 12
0.375000 0.077216 0.056578 0.020639 1.000000 17
0.375000 0.063166 0.056578 0.006589 1.000000 23
0.500000 0.022937 0.018587 0.004350 1.000000 25
0.500000 0.032623 0.052348 -0.019725 1.000000 30
0.625000 0.019412 0.019920 -0.000509 1.000000 31
0.500000 -0.005010 -0.015174 0.010164 1.000000 35
0.625000 -0.014525 -0.013841 -0.000684 1.000000 36
0.750000 -0.014776 -0.000174 -0.014601 1.000000 37
0.500000 0.048378 0.052348 -0.003970 1.000000 39
0.625000 0.016644 0.019920 -0.003276 1.000000 40
0.250000 0.035341 -0.008335 0.043677 1.000000 51
0.500000 0.010005 0.018587 -0.008582 1.000000 53
0.500000 -0.016918 -0.015174 -0.001744 1.000000 62
0.500000 0.023813 0.018587 0.005226 1.000000 71
0.750000 -0.017028 -0.000174 -0.016854 1.000000 76
0.125000 0.050431 0.029655 0.020776 1.000000 7
0.250000 -0.012941 0.002584 -0.015525 1.000000 84
0.250000 0.034925 -0.008335 0.043260 1.000000 9
0.333333 0.025351 0.021401 0.003951 1.000000 1220
0.333333 -0.037794 -0.010615 -0.027179 1.000000 123
0.333333 -0.074055 0.021401 -0.095455 1.000000 1241
0.666667 -0.191447 -0.105312 -0.086134 1.000000 1256
0.333333 0.121836 0.021401 0.100436 1.000000 1295
0.333333 0.122002 0.021401 0.100601 1.000000 1298
0.833333 -0.015287 -0.067280 0.051993 1.000000 1349
0.833333 -0.080901 -0.067280 -0.013621 1.000000 1362
0.833333 -0.013335 -0.067280 0.053945 1.000000 1365
0.833333 -0.013987 -0.067280 0.053293 1.000000 1366
0.666667 -0.191082 -0.105312 -0.085770 1.000000 1404
0.833333 -0.017668 -0.067280 0.049612 1.000000 1471
0.833333 -0.084198 -0.067280 -0.016918 1.000000 1482
0.833333 -0.011306 -0.067280 0.055973 1.000000 1485
0.166667 -0.008424 0.001224 -0.009647 1.000000 1489
0.333333 0.004766 0.003944 0.000822 1.000000 1515
0.333333 -0.015158 0.003944 -0.019102 1.000000 1538
0.500000 0.014662 0.006664 0.007998 1.000000 1555
0.333333 -0.017084 0.003944 -0.021028 1.000000 1740
0.500000 -0.004187 0.006664 -0.010851 1.000000 1748
0.666667 0.018455 0.009385 0.009070 1.000000 1771
0.666667 0.001643 0.009385 -0.007741 1.000000 1831
0.666667 0.001283 0.009385 -0.008102 1.000000 1854
0.833333 0.009424 0.012105 -0.002681 1.000000 1859
0.666667 -0.000855 -0.012925 0.012070 1.000000 478
